This file contains any messages produced by compilers while
running configure, to aid debugging if configure makes a mistake.

It was created by SDLcam configure 0.8.2, which was
generated by GNU Autoconf 2.61.  Invocation command line was

  $ ./configure --host=arm-linux

## --------- ##
## Platform. ##
## --------- ##

hostname = hellmachine
uname -m = i686
uname -r = 2.6.30-020630-generic
uname -s = Linux
uname -v = #020630 SMP Wed Jun 10 09:45:40 UTC 2009

/usr/bin/uname -p = unknown
/bin/uname -X     = unknown

/bin/arch              = unknown
/usr/bin/arch -k       = unknown
/usr/convex/getsysinfo = unknown
/usr/bin/hostinfo      = unknown
/bin/machine           = unknown
/usr/bin/oslevel       = unknown
/bin/universe          = unknown

PATH: /arm-eabi/arm-linux-gnueabi/bin
PATH: /usr/local/sbin
PATH: /usr/local/bin
PATH: /usr/sbin
PATH: /usr/bin
PATH: /sbin
PATH: /bin
PATH: /usr/games


## ----------- ##
## Core tests. ##
## ----------- ##

configure:2005: checking for a BSD-compatible install
configure:2061: result: /usr/bin/install -c
configure:2072: checking whether build environment is sane
configure:2115: result: yes
configure:2143: checking for a thread-safe mkdir -p
configure:2182: result: /bin/mkdir -p
configure:2195: checking for gawk
configure:2211: found /usr/bin/gawk
configure:2222: result: gawk
configure:2233: checking whether make sets $(MAKE)
configure:2254: result: yes
configure:2334: checking for arm-linux-strip
configure:2364: result: no
configure:2374: checking for strip
configure:2390: found /arm-eabi/arm-linux-gnueabi/bin/strip
configure:2401: result: strip
configure:2453: checking for arm-linux-gcc
configure:2469: found /arm-eabi/arm-linux-gnueabi/bin/arm-linux-gcc
configure:2480: result: arm-linux-gcc
configure:2758: checking for C compiler version
configure:2765: arm-linux-gcc --version >&5
arm-linux-gcc (GCC) 3.4.3 (MontaVista 3.4.3-25.0.96.%{_mvl_build_id} 2007-11-17)
Copyright (C) 2004 Free Software Foundation, Inc.
This is free software; see the source for copying conditions.  There is NO
warranty; not even for MERCHANTABILITY or FITNESS FOR A PARTICULAR PURPOSE.

configure:2768: $? = 0
configure:2775: arm-linux-gcc -v >&5
Reading specs from /arm-eabi/lib/gcc/arm-linux-gnueabi/3.4.3/specs
Configured with: ./configure --target=arm-linux-gnueabi --prefix=/arm-eabi --enable-__cxa_atexit --enable-shared --enable-languages=c,c++ --enable-threads=posix --disable-multilib --with-float=softfp --with-arch=armv6 : (reconfigured) ./configure --target=arm-linux-gnueabi --prefix=/arm-eabi --enable-__cxa_atexit --enable-shared --enable-languages=c,c++ --enable-threads=posix --disable-multilib --with-float=softfp --with-arch=armv6
Thread model: posix
gcc version 3.4.3 (MontaVista 3.4.3-25.0.96.%{_mvl_build_id} 2007-11-17)
configure:2778: $? = 0
configure:2785: arm-linux-gcc -V >&5
arm-linux-gcc: `-V' option must have argument
configure:2788: $? = 1
configure:2811: checking for C compiler default output file name
configure:2838: arm-linux-gcc    conftest.c  >&5
configure:2841: $? = 0
configure:2879: result: a.out
configure:2896: checking whether the C compiler works
configure:2906: ./a.out
./configure: line 2907: ./a.out: cannot execute binary file
configure:2909: $? = 126
configure:2926: result: yes
configure:2933: checking whether we are cross compiling
configure:2935: result: yes
configure:2938: checking for suffix of executables
configure:2945: arm-linux-gcc -o conftest    conftest.c  >&5
configure:2948: $? = 0
configure:2972: result: 
configure:2978: checking for suffix of object files
configure:3004: arm-linux-gcc -c   conftest.c >&5
configure:3007: $? = 0
configure:3030: result: o
configure:3034: checking whether we are using the GNU C compiler
configure:3063: arm-linux-gcc -c   conftest.c >&5
configure:3069: $? = 0
configure:3086: result: yes
configure:3091: checking whether arm-linux-gcc accepts -g
configure:3121: arm-linux-gcc -c -g  conftest.c >&5
configure:3127: $? = 0
configure:3226: result: yes
configure:3243: checking for arm-linux-gcc option to accept ISO C89
configure:3317: arm-linux-gcc  -c -g -O2  conftest.c >&5
configure:3323: $? = 0
configure:3346: result: none needed
configure:3375: checking for style of include used by make
configure:3403: result: GNU
configure:3428: checking dependency style of arm-linux-gcc
configure:3519: result: gcc3
configure:3535: checking whether arm-linux-gcc and cc understand -c and -o together
configure:3570: arm-linux-gcc -c conftest.c -o conftest2.o >&5
configure:3573: $? = 0
configure:3579: arm-linux-gcc -c conftest.c -o conftest2.o >&5
configure:3582: $? = 0
configure:3593: cc -c conftest.c >&5
as: unrecognized option '-Qy'
configure:3596: $? = 1
configure:3634: result: yes
configure:3674: checking for arm-linux-g++
configure:3690: found /arm-eabi/arm-linux-gnueabi/bin/arm-linux-g++
configure:3701: result: arm-linux-g++
configure:3776: checking for C++ compiler version
configure:3783: arm-linux-g++ --version >&5
arm-linux-g++ (GCC) 3.4.3 (MontaVista 3.4.3-25.0.96.%{_mvl_build_id} 2007-11-17)
Copyright (C) 2004 Free Software Foundation, Inc.
This is free software; see the source for copying conditions.  There is NO
warranty; not even for MERCHANTABILITY or FITNESS FOR A PARTICULAR PURPOSE.

configure:3786: $? = 0
configure:3793: arm-linux-g++ -v >&5
Reading specs from /arm-eabi/lib/gcc/arm-linux-gnueabi/3.4.3/specs
Configured with: ./configure --target=arm-linux-gnueabi --prefix=/arm-eabi --enable-__cxa_atexit --enable-shared --enable-languages=c,c++ --enable-threads=posix --disable-multilib --with-float=softfp --with-arch=armv6 : (reconfigured) ./configure --target=arm-linux-gnueabi --prefix=/arm-eabi --enable-__cxa_atexit --enable-shared --enable-languages=c,c++ --enable-threads=posix --disable-multilib --with-float=softfp --with-arch=armv6
Thread model: posix
gcc version 3.4.3 (MontaVista 3.4.3-25.0.96.%{_mvl_build_id} 2007-11-17)
configure:3796: $? = 0
configure:3803: arm-linux-g++ -V >&5
arm-linux-g++: `-V' option must have argument
configure:3806: $? = 1
configure:3809: checking whether we are using the GNU C++ compiler
configure:3838: arm-linux-g++ -c   conftest.cpp >&5
configure:3844: $? = 0
configure:3861: result: yes
configure:3866: checking whether arm-linux-g++ accepts -g
configure:3896: arm-linux-g++ -c -g  conftest.cpp >&5
configure:3902: $? = 0
configure:4001: result: yes
configure:4026: checking dependency style of arm-linux-g++
configure:4117: result: gcc3
configure:4214: checking build system type
configure:4232: result: i686-pc-linux-gnu
configure:4254: checking host system type
configure:4269: result: arm-unknown-linux-gnu
configure:4291: checking for a sed that does not truncate output
configure:4345: result: /bin/sed
configure:4348: checking for grep that handles long lines and -e
configure:4422: result: /bin/grep
configure:4427: checking for egrep
configure:4505: result: /bin/grep -E
configure:4521: checking for ld used by arm-linux-gcc
configure:4588: result: /arm-eabi/arm-linux-gnueabi/bin/ld
configure:4597: checking if the linker (/arm-eabi/arm-linux-gnueabi/bin/ld) is GNU ld
configure:4612: result: yes
configure:4617: checking for /arm-eabi/arm-linux-gnueabi/bin/ld option to reload object files
configure:4624: result: -r
configure:4642: checking for BSD-compatible nm
configure:4691: result: nm
configure:4695: checking whether ln -s works
configure:4699: result: yes
configure:4706: checking how to recognise dependent libraries
configure:4882: result: pass_all
configure:5116: checking how to run the C preprocessor
configure:5156: arm-linux-gcc -E  conftest.c
configure:5162: $? = 0
configure:5193: arm-linux-gcc -E  conftest.c
conftest.c:10:28: ac_nonexistent.h: No such file or directory
configure:5199: $? = 1
configure: failed program was:
| /* confdefs.h.  */
| #define PACKAGE_NAME "SDLcam"
| #define PACKAGE_TARNAME "sdlcam"
| #define PACKAGE_VERSION "0.8.2"
| #define PACKAGE_STRING "SDLcam 0.8.2"
| #define PACKAGE_BUGREPORT "raph@raphnet.net"
| #define PACKAGE "sdlcam"
| #define VERSION "0.8.2"
| /* end confdefs.h.  */
| #include <ac_nonexistent.h>
configure:5232: result: arm-linux-gcc -E
configure:5261: arm-linux-gcc -E  conftest.c
configure:5267: $? = 0
configure:5298: arm-linux-gcc -E  conftest.c
conftest.c:10:28: ac_nonexistent.h: No such file or directory
configure:5304: $? = 1
configure: failed program was:
| /* confdefs.h.  */
| #define PACKAGE_NAME "SDLcam"
| #define PACKAGE_TARNAME "sdlcam"
| #define PACKAGE_VERSION "0.8.2"
| #define PACKAGE_STRING "SDLcam 0.8.2"
| #define PACKAGE_BUGREPORT "raph@raphnet.net"
| #define PACKAGE "sdlcam"
| #define VERSION "0.8.2"
| /* end confdefs.h.  */
| #include <ac_nonexistent.h>
configure:5342: checking for ANSI C header files
configure:5372: arm-linux-gcc -c -g -O2  conftest.c >&5
configure:5378: $? = 0
configure:5506: result: yes
configure:5530: checking for sys/types.h
configure:5551: arm-linux-gcc -c -g -O2  conftest.c >&5
configure:5557: $? = 0
configure:5573: result: yes
configure:5530: checking for sys/stat.h
configure:5551: arm-linux-gcc -c -g -O2  conftest.c >&5
configure:5557: $? = 0
configure:5573: result: yes
configure:5530: checking for stdlib.h
configure:5551: arm-linux-gcc -c -g -O2  conftest.c >&5
configure:5557: $? = 0
configure:5573: result: yes
configure:5530: checking for string.h
configure:5551: arm-linux-gcc -c -g -O2  conftest.c >&5
configure:5557: $? = 0
configure:5573: result: yes
configure:5530: checking for memory.h
configure:5551: arm-linux-gcc -c -g -O2  conftest.c >&5
configure:5557: $? = 0
configure:5573: result: yes
configure:5530: checking for strings.h
configure:5551: arm-linux-gcc -c -g -O2  conftest.c >&5
configure:5557: $? = 0
configure:5573: result: yes
configure:5530: checking for inttypes.h
configure:5551: arm-linux-gcc -c -g -O2  conftest.c >&5
configure:5557: $? = 0
configure:5573: result: yes
configure:5530: checking for stdint.h
configure:5551: arm-linux-gcc -c -g -O2  conftest.c >&5
configure:5557: $? = 0
configure:5573: result: yes
configure:5530: checking for unistd.h
configure:5551: arm-linux-gcc -c -g -O2  conftest.c >&5
configure:5557: $? = 0
configure:5573: result: yes
configure:5600: checking dlfcn.h usability
configure:5617: arm-linux-gcc -c -g -O2  conftest.c >&5
configure:5623: $? = 0
configure:5637: result: yes
configure:5641: checking dlfcn.h presence
configure:5656: arm-linux-gcc -E  conftest.c
configure:5662: $? = 0
configure:5676: result: yes
configure:5709: checking for dlfcn.h
configure:5717: result: yes
configure:5740: checking how to run the C++ preprocessor
configure:5776: arm-linux-g++ -E  conftest.cpp
configure:5782: $? = 0
configure:5813: arm-linux-g++ -E  conftest.cpp
conftest.cpp:21:28: ac_nonexistent.h: No such file or directory
configure:5819: $? = 1
configure: failed program was:
| /* confdefs.h.  */
| #define PACKAGE_NAME "SDLcam"
| #define PACKAGE_TARNAME "sdlcam"
| #define PACKAGE_VERSION "0.8.2"
| #define PACKAGE_STRING "SDLcam 0.8.2"
| #define PACKAGE_BUGREPORT "raph@raphnet.net"
| #define PACKAGE "sdlcam"
| #define VERSION "0.8.2"
| #define STDC_HEADERS 1
| #define HAVE_SYS_TYPES_H 1
| #define HAVE_SYS_STAT_H 1
| #define HAVE_STDLIB_H 1
| #define HAVE_STRING_H 1
| #define HAVE_MEMORY_H 1
| #define HAVE_STRINGS_H 1
| #define HAVE_INTTYPES_H 1
| #define HAVE_STDINT_H 1
| #define HAVE_UNISTD_H 1
| #define HAVE_DLFCN_H 1
| /* end confdefs.h.  */
| #include <ac_nonexistent.h>
configure:5852: result: arm-linux-g++ -E
configure:5881: arm-linux-g++ -E  conftest.cpp
configure:5887: $? = 0
configure:5918: arm-linux-g++ -E  conftest.cpp
conftest.cpp:21:28: ac_nonexistent.h: No such file or directory
configure:5924: $? = 1
configure: failed program was:
| /* confdefs.h.  */
| #define PACKAGE_NAME "SDLcam"
| #define PACKAGE_TARNAME "sdlcam"
| #define PACKAGE_VERSION "0.8.2"
| #define PACKAGE_STRING "SDLcam 0.8.2"
| #define PACKAGE_BUGREPORT "raph@raphnet.net"
| #define PACKAGE "sdlcam"
| #define VERSION "0.8.2"
| #define STDC_HEADERS 1
| #define HAVE_SYS_TYPES_H 1
| #define HAVE_SYS_STAT_H 1
| #define HAVE_STDLIB_H 1
| #define HAVE_STRING_H 1
| #define HAVE_MEMORY_H 1
| #define HAVE_STRINGS_H 1
| #define HAVE_INTTYPES_H 1
| #define HAVE_STDINT_H 1
| #define HAVE_UNISTD_H 1
| #define HAVE_DLFCN_H 1
| /* end confdefs.h.  */
| #include <ac_nonexistent.h>
configure:5973: checking for arm-linux-g77
configure:6003: result: no
configure:5973: checking for arm-linux-xlf
configure:6003: result: no
configure:5973: checking for arm-linux-f77
configure:6003: result: no
configure:5973: checking for arm-linux-frt
configure:6003: result: no
configure:5973: checking for arm-linux-pgf77
configure:6003: result: no
configure:5973: checking for arm-linux-cf77
configure:6003: result: no
configure:5973: checking for arm-linux-fort77
configure:6003: result: no
configure:5973: checking for arm-linux-fl32
configure:6003: result: no
configure:5973: checking for arm-linux-af77
configure:6003: result: no
configure:5973: checking for arm-linux-xlf90
configure:6003: result: no
configure:5973: checking for arm-linux-f90
configure:6003: result: no
configure:5973: checking for arm-linux-pgf90
configure:6003: result: no
configure:5973: checking for arm-linux-pghpf
configure:6003: result: no
configure:5973: checking for arm-linux-epcf90
configure:6003: result: no
configure:5973: checking for arm-linux-gfortran
configure:6003: result: no
configure:5973: checking for arm-linux-g95
configure:6003: result: no
configure:5973: checking for arm-linux-xlf95
configure:6003: result: no
configure:5973: checking for arm-linux-f95
configure:6003: result: no
configure:5973: checking for arm-linux-fort
configure:6003: result: no
configure:5973: checking for arm-linux-ifort
configure:6003: result: no
configure:5973: checking for arm-linux-ifc
configure:6003: result: no
configure:5973: checking for arm-linux-efc
configure:6003: result: no
configure:5973: checking for arm-linux-pgf95
configure:6003: result: no
configure:5973: checking for arm-linux-lf95
configure:6003: result: no
configure:5973: checking for arm-linux-ftn
configure:6003: result: no
configure:6017: checking for g77
configure:6047: result: no
configure:6017: checking for xlf
configure:6047: result: no
configure:6017: checking for f77
configure:6047: result: no
configure:6017: checking for frt
configure:6047: result: no
configure:6017: checking for pgf77
configure:6047: result: no
configure:6017: checking for cf77
configure:6047: result: no
configure:6017: checking for fort77
configure:6047: result: no
configure:6017: checking for fl32
configure:6047: result: no
configure:6017: checking for af77
configure:6047: result: no
configure:6017: checking for xlf90
configure:6047: result: no
configure:6017: checking for f90
configure:6047: result: no
configure:6017: checking for pgf90
configure:6047: result: no
configure:6017: checking for pghpf
configure:6047: result: no
configure:6017: checking for epcf90
configure:6047: result: no
configure:6017: checking for gfortran
configure:6047: result: no
configure:6017: checking for g95
configure:6047: result: no
configure:6017: checking for xlf95
configure:6047: result: no
configure:6017: checking for f95
configure:6047: result: no
configure:6017: checking for fort
configure:6047: result: no
configure:6017: checking for ifort
configure:6047: result: no
configure:6017: checking for ifc
configure:6047: result: no
configure:6017: checking for efc
configure:6047: result: no
configure:6017: checking for pgf95
configure:6047: result: no
configure:6017: checking for lf95
configure:6047: result: no
configure:6017: checking for ftn
configure:6047: result: no
configure:6074: checking for Fortran 77 compiler version
configure:6081:  --version >&5
./configure: line 6082: --version: command not found
configure:6084: $? = 127
configure:6091:  -v >&5
./configure: line 6092: -v: command not found
configure:6094: $? = 127
configure:6101:  -V >&5
./configure: line 6102: -V: command not found
configure:6104: $? = 127
configure:6112: checking whether we are using the GNU Fortran 77 compiler
configure:6131:  -c  conftest.F >&5
./configure: line 6132: -c: command not found
configure:6137: $? = 127
configure: failed program was:
|       program main
| #ifndef __GNUC__
|        choke me
| #endif
| 
|       end
configure:6154: result: no
configure:6160: checking whether  accepts -g
configure:6177:  -c -g conftest.f >&5
./configure: line 6178: -c: command not found
configure:6183: $? = 127
configure: failed program was:
|       program main
| 
|       end
configure:6199: result: no
configure:6229: checking the maximum length of command line arguments
configure:6338: result: 32768
configure:6349: checking command to parse nm output from arm-linux-gcc object
configure:6454: arm-linux-gcc -c -g -O2  conftest.c >&5
configure:6457: $? = 0
configure:6461: nm conftest.o \| sed -n -e 's/^.*[ 	]\([ABCDGIRSTW][ABCDGIRSTW]*\)[ 	][ 	]*\([_A-Za-z][_A-Za-z0-9]*\)$/\1 \2 \2/p' \> conftest.nm
configure:6464: $? = 0
configure:6516: arm-linux-gcc -o conftest -g -O2   conftest.c conftstm.o >&5
configure:6519: $? = 0
configure:6557: result: ok
configure:6561: checking for objdir
configure:6576: result: .libs
configure:6628: checking for arm-linux-ar
configure:6644: found /arm-eabi/arm-linux-gnueabi/bin/arm-linux-ar
configure:6655: result: arm-linux-ar
configure:6724: checking for arm-linux-ranlib
configure:6740: found /arm-eabi/arm-linux-gnueabi/bin/arm-linux-ranlib
configure:6751: result: arm-linux-ranlib
configure:6820: checking for arm-linux-strip
configure:6847: result: strip
configure:7173: checking if arm-linux-gcc supports -fno-rtti -fno-exceptions
configure:7191: arm-linux-gcc -c -g -O2  -fno-rtti -fno-exceptions conftest.c >&5
cc1: warning: command line option "-fno-rtti" is valid for C++/ObjC++ but not for C
configure:7195: $? = 0
configure:7208: result: no
configure:7223: checking for arm-linux-gcc option to produce PIC
configure:7433: result: -fPIC
configure:7441: checking if arm-linux-gcc PIC flag -fPIC works
configure:7459: arm-linux-gcc -c -g -O2  -fPIC -DPIC conftest.c >&5
configure:7463: $? = 0
configure:7476: result: yes
configure:7504: checking if arm-linux-gcc static flag -static works
configure:7532: result: yes
configure:7542: checking if arm-linux-gcc supports -c -o file.o
configure:7563: arm-linux-gcc -c -g -O2  -o out/conftest2.o conftest.c >&5
configure:7567: $? = 0
configure:7589: result: yes
configure:7615: checking whether the arm-linux-gcc linker (/arm-eabi/arm-linux-gnueabi/bin/ld) supports shared libraries
configure:8570: result: yes
configure:8591: checking whether -lc should be explicitly linked in
configure:8596: arm-linux-gcc -c -g -O2  conftest.c >&5
configure:8599: $? = 0
configure:8614: arm-linux-gcc -shared conftest.o  -v -Wl,-soname -Wl,conftest -o conftest 2\>\&1 \| grep  -lc  \>/dev/null 2\>\&1
configure:8617: $? = 0
configure:8629: result: no
configure:8637: checking dynamic linker characteristics
configure:9213: result: GNU/Linux ld.so
configure:9222: checking how to hardcode library paths into programs
configure:9247: result: immediate
configure:9261: checking whether stripping libraries is possible
configure:9266: result: yes
configure:9389: checking for shl_load
configure:9445: arm-linux-gcc -o conftest -g -O2   conftest.c  >&5
/tmp/ccwCTue2.o: In function `main':
/install/moto/sdlcam-0.8.2/conftest.c:55: undefined reference to `shl_load'
collect2: ld returned 1 exit status
configure:9451: $? = 1
configure: failed program was:
| /* confdefs.h.  */
| #define PACKAGE_NAME "SDLcam"
| #define PACKAGE_TARNAME "sdlcam"
| #define PACKAGE_VERSION "0.8.2"
| #define PACKAGE_STRING "SDLcam 0.8.2"
| #define PACKAGE_BUGREPORT "raph@raphnet.net"
| #define PACKAGE "sdlcam"
| #define VERSION "0.8.2"
| #define STDC_HEADERS 1
| #define HAVE_SYS_TYPES_H 1
| #define HAVE_SYS_STAT_H 1
| #define HAVE_STDLIB_H 1
| #define HAVE_STRING_H 1
| #define HAVE_MEMORY_H 1
| #define HAVE_STRINGS_H 1
| #define HAVE_INTTYPES_H 1
| #define HAVE_STDINT_H 1
| #define HAVE_UNISTD_H 1
| #define HAVE_DLFCN_H 1
| /* end confdefs.h.  */
| /* Define shl_load to an innocuous variant, in case <limits.h> declares shl_load.
|    For example, HP-UX 11i <limits.h> declares gettimeofday.  */
| #define shl_load innocuous_shl_load
| 
| /* System header to define __stub macros and hopefully few prototypes,
|     which can conflict with char shl_load (); below.
|     Prefer <limits.h> to <assert.h> if __STDC__ is defined, since
|     <limits.h> exists even on freestanding compilers.  */
| 
| #ifdef __STDC__
| # include <limits.h>
| #else
| # include <assert.h>
| #endif
| 
| #undef shl_load
| 
| /* Override any GCC internal prototype to avoid an error.
|    Use char because int might match the return type of a GCC
|    builtin and then its argument prototype would still apply.  */
| #ifdef __cplusplus
| extern "C"
| #endif
| char shl_load ();
| /* The GNU C library defines this for functions which it implements
|     to always fail with ENOSYS.  Some functions are actually named
|     something starting with __ and the normal name is an alias.  */
| #if defined __stub_shl_load || defined __stub___shl_load
| choke me
| #endif
| 
| int
| main ()
| {
| return shl_load ();
|   ;
|   return 0;
| }
configure:9468: result: no
configure:9473: checking for shl_load in -ldld
configure:9508: arm-linux-gcc -o conftest -g -O2   conftest.c -ldld   >&5
/arm-eabi/lib/gcc/arm-linux-gnueabi/3.4.3/../../../../arm-linux-gnueabi/bin/ld: cannot find -ldld
collect2: ld returned 1 exit status
configure:9514: $? = 1
configure: failed program was:
| /* confdefs.h.  */
| #define PACKAGE_NAME "SDLcam"
| #define PACKAGE_TARNAME "sdlcam"
| #define PACKAGE_VERSION "0.8.2"
| #define PACKAGE_STRING "SDLcam 0.8.2"
| #define PACKAGE_BUGREPORT "raph@raphnet.net"
| #define PACKAGE "sdlcam"
| #define VERSION "0.8.2"
| #define STDC_HEADERS 1
| #define HAVE_SYS_TYPES_H 1
| #define HAVE_SYS_STAT_H 1
| #define HAVE_STDLIB_H 1
| #define HAVE_STRING_H 1
| #define HAVE_MEMORY_H 1
| #define HAVE_STRINGS_H 1
| #define HAVE_INTTYPES_H 1
| #define HAVE_STDINT_H 1
| #define HAVE_UNISTD_H 1
| #define HAVE_DLFCN_H 1
| /* end confdefs.h.  */
| 
| /* Override any GCC internal prototype to avoid an error.
|    Use char because int might match the return type of a GCC
|    builtin and then its argument prototype would still apply.  */
| #ifdef __cplusplus
| extern "C"
| #endif
| char shl_load ();
| int
| main ()
| {
| return shl_load ();
|   ;
|   return 0;
| }
configure:9532: result: no
configure:9537: checking for dlopen
configure:9593: arm-linux-gcc -o conftest -g -O2   conftest.c  >&5
/tmp/ccuBelun.o: In function `main':
/install/moto/sdlcam-0.8.2/conftest.c:55: undefined reference to `dlopen'
collect2: ld returned 1 exit status
configure:9599: $? = 1
configure: failed program was:
| /* confdefs.h.  */
| #define PACKAGE_NAME "SDLcam"
| #define PACKAGE_TARNAME "sdlcam"
| #define PACKAGE_VERSION "0.8.2"
| #define PACKAGE_STRING "SDLcam 0.8.2"
| #define PACKAGE_BUGREPORT "raph@raphnet.net"
| #define PACKAGE "sdlcam"
| #define VERSION "0.8.2"
| #define STDC_HEADERS 1
| #define HAVE_SYS_TYPES_H 1
| #define HAVE_SYS_STAT_H 1
| #define HAVE_STDLIB_H 1
| #define HAVE_STRING_H 1
| #define HAVE_MEMORY_H 1
| #define HAVE_STRINGS_H 1
| #define HAVE_INTTYPES_H 1
| #define HAVE_STDINT_H 1
| #define HAVE_UNISTD_H 1
| #define HAVE_DLFCN_H 1
| /* end confdefs.h.  */
| /* Define dlopen to an innocuous variant, in case <limits.h> declares dlopen.
|    For example, HP-UX 11i <limits.h> declares gettimeofday.  */
| #define dlopen innocuous_dlopen
| 
| /* System header to define __stub macros and hopefully few prototypes,
|     which can conflict with char dlopen (); below.
|     Prefer <limits.h> to <assert.h> if __STDC__ is defined, since
|     <limits.h> exists even on freestanding compilers.  */
| 
| #ifdef __STDC__
| # include <limits.h>
| #else
| # include <assert.h>
| #endif
| 
| #undef dlopen
| 
| /* Override any GCC internal prototype to avoid an error.
|    Use char because int might match the return type of a GCC
|    builtin and then its argument prototype would still apply.  */
| #ifdef __cplusplus
| extern "C"
| #endif
| char dlopen ();
| /* The GNU C library defines this for functions which it implements
|     to always fail with ENOSYS.  Some functions are actually named
|     something starting with __ and the normal name is an alias.  */
| #if defined __stub_dlopen || defined __stub___dlopen
| choke me
| #endif
| 
| int
| main ()
| {
| return dlopen ();
|   ;
|   return 0;
| }
configure:9616: result: no
configure:9621: checking for dlopen in -ldl
configure:9656: arm-linux-gcc -o conftest -g -O2   conftest.c -ldl   >&5
configure:9662: $? = 0
configure:9680: result: yes
configure:9849: checking whether a program can dlopen itself
configure:9944: result: cross
configure:10067: checking if libtool supports shared libraries
configure:10069: result: yes
configure:10072: checking whether to build shared libraries
configure:10093: result: yes
configure:10096: checking whether to build static libraries
configure:10100: result: no
configure:10192: creating libtool
configure:10780: checking for ld used by arm-linux-g++
configure:10847: result: /arm-eabi/arm-linux-gnueabi/bin/ld
configure:10856: checking if the linker (/arm-eabi/arm-linux-gnueabi/bin/ld) is GNU ld
configure:10871: result: yes
configure:10922: checking whether the arm-linux-g++ linker (/arm-eabi/arm-linux-gnueabi/bin/ld) supports shared libraries
configure:11856: result: yes
configure:11874: arm-linux-g++ -c -g -O2  conftest.cpp >&5
configure:11877: $? = 0
configure:11996: checking for arm-linux-g++ option to produce PIC
configure:12270: result: -fPIC
configure:12278: checking if arm-linux-g++ PIC flag -fPIC works
configure:12296: arm-linux-g++ -c -g -O2  -fPIC -DPIC conftest.cpp >&5
configure:12300: $? = 0
configure:12313: result: yes
configure:12341: checking if arm-linux-g++ static flag -static works
configure:12369: result: yes
configure:12379: checking if arm-linux-g++ supports -c -o file.o
configure:12400: arm-linux-g++ -c -g -O2  -o out/conftest2.o conftest.cpp >&5
configure:12404: $? = 0
configure:12426: result: yes
configure:12452: checking whether the arm-linux-g++ linker (/arm-eabi/arm-linux-gnueabi/bin/ld) supports shared libraries
configure:12480: result: yes
configure:12547: checking dynamic linker characteristics
configure:13123: result: GNU/Linux ld.so
configure:13132: checking how to hardcode library paths into programs
configure:13157: result: immediate
configure:19297: checking encore2.h usability
configure:19314: arm-linux-gcc -c -g -O2 -Wshadow -Wall -Wstrict-prototypes  -DTIMER -DPKGDATADIR=\"$(pkgdatadir)\" -DLIBDIR=\"$(libdir)\" conftest.c >&5
conftest.c:54:21: encore2.h: No such file or directory
configure:19320: $? = 1
configure: failed program was:
| /* confdefs.h.  */
| #define PACKAGE_NAME "SDLcam"
| #define PACKAGE_TARNAME "sdlcam"
| #define PACKAGE_VERSION "0.8.2"
| #define PACKAGE_STRING "SDLcam 0.8.2"
| #define PACKAGE_BUGREPORT "raph@raphnet.net"
| #define PACKAGE "sdlcam"
| #define VERSION "0.8.2"
| #define STDC_HEADERS 1
| #define HAVE_SYS_TYPES_H 1
| #define HAVE_SYS_STAT_H 1
| #define HAVE_STDLIB_H 1
| #define HAVE_STRING_H 1
| #define HAVE_MEMORY_H 1
| #define HAVE_STRINGS_H 1
| #define HAVE_INTTYPES_H 1
| #define HAVE_STDINT_H 1
| #define HAVE_UNISTD_H 1
| #define HAVE_DLFCN_H 1
| /* end confdefs.h.  */
| #include <stdio.h>
| #ifdef HAVE_SYS_TYPES_H
| # include <sys/types.h>
| #endif
| #ifdef HAVE_SYS_STAT_H
| # include <sys/stat.h>
| #endif
| #ifdef STDC_HEADERS
| # include <stdlib.h>
| # include <stddef.h>
| #else
| # ifdef HAVE_STDLIB_H
| #  include <stdlib.h>
| # endif
| #endif
| #ifdef HAVE_STRING_H
| # if !defined STDC_HEADERS && defined HAVE_MEMORY_H
| #  include <memory.h>
| # endif
| # include <string.h>
| #endif
| #ifdef HAVE_STRINGS_H
| # include <strings.h>
| #endif
| #ifdef HAVE_INTTYPES_H
| # include <inttypes.h>
| #endif
| #ifdef HAVE_STDINT_H
| # include <stdint.h>
| #endif
| #ifdef HAVE_UNISTD_H
| # include <unistd.h>
| #endif
| #include <encore2.h>
configure:19334: result: no
configure:19338: checking encore2.h presence
configure:19353: arm-linux-gcc -E  -DTIMER -DPKGDATADIR=\"$(pkgdatadir)\" -DLIBDIR=\"$(libdir)\" conftest.c
conftest.c:21:21: encore2.h: No such file or directory
configure:19359: $? = 1
configure: failed program was:
| /* confdefs.h.  */
| #define PACKAGE_NAME "SDLcam"
| #define PACKAGE_TARNAME "sdlcam"
| #define PACKAGE_VERSION "0.8.2"
| #define PACKAGE_STRING "SDLcam 0.8.2"
| #define PACKAGE_BUGREPORT "raph@raphnet.net"
| #define PACKAGE "sdlcam"
| #define VERSION "0.8.2"
| #define STDC_HEADERS 1
| #define HAVE_SYS_TYPES_H 1
| #define HAVE_SYS_STAT_H 1
| #define HAVE_STDLIB_H 1
| #define HAVE_STRING_H 1
| #define HAVE_MEMORY_H 1
| #define HAVE_STRINGS_H 1
| #define HAVE_INTTYPES_H 1
| #define HAVE_STDINT_H 1
| #define HAVE_UNISTD_H 1
| #define HAVE_DLFCN_H 1
| /* end confdefs.h.  */
| #include <encore2.h>
configure:19373: result: no
configure:19406: checking for encore2.h
configure:19413: result: no
configure:19443: checking avifile/avifile.h usability
configure:19460: arm-linux-gcc -c -g -O2 -Wshadow -Wall -Wstrict-prototypes  -DTIMER -DPKGDATADIR=\"$(pkgdatadir)\" -DLIBDIR=\"$(libdir)\" conftest.c >&5
conftest.c:54:29: avifile/avifile.h: No such file or directory
configure:19466: $? = 1
configure: failed program was:
| /* confdefs.h.  */
| #define PACKAGE_NAME "SDLcam"
| #define PACKAGE_TARNAME "sdlcam"
| #define PACKAGE_VERSION "0.8.2"
| #define PACKAGE_STRING "SDLcam 0.8.2"
| #define PACKAGE_BUGREPORT "raph@raphnet.net"
| #define PACKAGE "sdlcam"
| #define VERSION "0.8.2"
| #define STDC_HEADERS 1
| #define HAVE_SYS_TYPES_H 1
| #define HAVE_SYS_STAT_H 1
| #define HAVE_STDLIB_H 1
| #define HAVE_STRING_H 1
| #define HAVE_MEMORY_H 1
| #define HAVE_STRINGS_H 1
| #define HAVE_INTTYPES_H 1
| #define HAVE_STDINT_H 1
| #define HAVE_UNISTD_H 1
| #define HAVE_DLFCN_H 1
| /* end confdefs.h.  */
| #include <stdio.h>
| #ifdef HAVE_SYS_TYPES_H
| # include <sys/types.h>
| #endif
| #ifdef HAVE_SYS_STAT_H
| # include <sys/stat.h>
| #endif
| #ifdef STDC_HEADERS
| # include <stdlib.h>
| # include <stddef.h>
| #else
| # ifdef HAVE_STDLIB_H
| #  include <stdlib.h>
| # endif
| #endif
| #ifdef HAVE_STRING_H
| # if !defined STDC_HEADERS && defined HAVE_MEMORY_H
| #  include <memory.h>
| # endif
| # include <string.h>
| #endif
| #ifdef HAVE_STRINGS_H
| # include <strings.h>
| #endif
| #ifdef HAVE_INTTYPES_H
| # include <inttypes.h>
| #endif
| #ifdef HAVE_STDINT_H
| # include <stdint.h>
| #endif
| #ifdef HAVE_UNISTD_H
| # include <unistd.h>
| #endif
| #include <avifile/avifile.h>
configure:19480: result: no
configure:19484: checking avifile/avifile.h presence
configure:19499: arm-linux-gcc -E  -DTIMER -DPKGDATADIR=\"$(pkgdatadir)\" -DLIBDIR=\"$(libdir)\" conftest.c
conftest.c:21:29: avifile/avifile.h: No such file or directory
configure:19505: $? = 1
configure: failed program was:
| /* confdefs.h.  */
| #define PACKAGE_NAME "SDLcam"
| #define PACKAGE_TARNAME "sdlcam"
| #define PACKAGE_VERSION "0.8.2"
| #define PACKAGE_STRING "SDLcam 0.8.2"
| #define PACKAGE_BUGREPORT "raph@raphnet.net"
| #define PACKAGE "sdlcam"
| #define VERSION "0.8.2"
| #define STDC_HEADERS 1
| #define HAVE_SYS_TYPES_H 1
| #define HAVE_SYS_STAT_H 1
| #define HAVE_STDLIB_H 1
| #define HAVE_STRING_H 1
| #define HAVE_MEMORY_H 1
| #define HAVE_STRINGS_H 1
| #define HAVE_INTTYPES_H 1
| #define HAVE_STDINT_H 1
| #define HAVE_UNISTD_H 1
| #define HAVE_DLFCN_H 1
| /* end confdefs.h.  */
| #include <avifile/avifile.h>
configure:19519: result: no
configure:19552: checking for avifile/avifile.h
configure:19559: result: no
configure:19589: checking fame.h usability
configure:19606: arm-linux-gcc -c -g -O2 -Wshadow -Wall -Wstrict-prototypes  -DTIMER -DPKGDATADIR=\"$(pkgdatadir)\" -DLIBDIR=\"$(libdir)\" conftest.c >&5
conftest.c:54:18: fame.h: No such file or directory
configure:19612: $? = 1
configure: failed program was:
| /* confdefs.h.  */
| #define PACKAGE_NAME "SDLcam"
| #define PACKAGE_TARNAME "sdlcam"
| #define PACKAGE_VERSION "0.8.2"
| #define PACKAGE_STRING "SDLcam 0.8.2"
| #define PACKAGE_BUGREPORT "raph@raphnet.net"
| #define PACKAGE "sdlcam"
| #define VERSION "0.8.2"
| #define STDC_HEADERS 1
| #define HAVE_SYS_TYPES_H 1
| #define HAVE_SYS_STAT_H 1
| #define HAVE_STDLIB_H 1
| #define HAVE_STRING_H 1
| #define HAVE_MEMORY_H 1
| #define HAVE_STRINGS_H 1
| #define HAVE_INTTYPES_H 1
| #define HAVE_STDINT_H 1
| #define HAVE_UNISTD_H 1
| #define HAVE_DLFCN_H 1
| /* end confdefs.h.  */
| #include <stdio.h>
| #ifdef HAVE_SYS_TYPES_H
| # include <sys/types.h>
| #endif
| #ifdef HAVE_SYS_STAT_H
| # include <sys/stat.h>
| #endif
| #ifdef STDC_HEADERS
| # include <stdlib.h>
| # include <stddef.h>
| #else
| # ifdef HAVE_STDLIB_H
| #  include <stdlib.h>
| # endif
| #endif
| #ifdef HAVE_STRING_H
| # if !defined STDC_HEADERS && defined HAVE_MEMORY_H
| #  include <memory.h>
| # endif
| # include <string.h>
| #endif
| #ifdef HAVE_STRINGS_H
| # include <strings.h>
| #endif
| #ifdef HAVE_INTTYPES_H
| # include <inttypes.h>
| #endif
| #ifdef HAVE_STDINT_H
| # include <stdint.h>
| #endif
| #ifdef HAVE_UNISTD_H
| # include <unistd.h>
| #endif
| #include <fame.h>
configure:19626: result: no
configure:19630: checking fame.h presence
configure:19645: arm-linux-gcc -E  -DTIMER -DPKGDATADIR=\"$(pkgdatadir)\" -DLIBDIR=\"$(libdir)\" conftest.c
conftest.c:21:18: fame.h: No such file or directory
configure:19651: $? = 1
configure: failed program was:
| /* confdefs.h.  */
| #define PACKAGE_NAME "SDLcam"
| #define PACKAGE_TARNAME "sdlcam"
| #define PACKAGE_VERSION "0.8.2"
| #define PACKAGE_STRING "SDLcam 0.8.2"
| #define PACKAGE_BUGREPORT "raph@raphnet.net"
| #define PACKAGE "sdlcam"
| #define VERSION "0.8.2"
| #define STDC_HEADERS 1
| #define HAVE_SYS_TYPES_H 1
| #define HAVE_SYS_STAT_H 1
| #define HAVE_STDLIB_H 1
| #define HAVE_STRING_H 1
| #define HAVE_MEMORY_H 1
| #define HAVE_STRINGS_H 1
| #define HAVE_INTTYPES_H 1
| #define HAVE_STDINT_H 1
| #define HAVE_UNISTD_H 1
| #define HAVE_DLFCN_H 1
| /* end confdefs.h.  */
| #include <fame.h>
configure:19665: result: no
configure:19698: checking for fame.h
configure:19705: result: no
configure:19732: checking for arm-linux-pkg-config
configure:19765: result: no
configure:19775: checking for pkg-config
configure:19793: found /usr/bin/pkg-config
configure:19805: result: /usr/bin/pkg-config
configure:19819: WARNING: In the future, Autoconf will not detect cross-tools
whose name does not start with the host triplet.  If you think this
configuration is useful to you, please write to autoconf@gnu.org.
configure:19834: checking pkg-config is at least version 0.9.0
configure:19837: result: yes
configure:19848: checking for SDL
configure:19856: $PKG_CONFIG --exists --print-errors "sdl"
configure:19859: $? = 0
configure:19874: $PKG_CONFIG --exists --print-errors "sdl"
configure:19877: $? = 0
configure:19953: result: yes
configure:19959: checking for XML2
configure:19967: $PKG_CONFIG --exists --print-errors "libxml-2.0"
configure:19970: $? = 0
configure:19985: $PKG_CONFIG --exists --print-errors "libxml-2.0"
configure:19988: $? = 0
configure:20064: result: yes
configure:20070: checking for PNG
configure:20078: $PKG_CONFIG --exists --print-errors "libpng"
configure:20081: $? = 0
configure:20096: $PKG_CONFIG --exists --print-errors "libpng"
configure:20099: $? = 0
configure:20175: result: yes
configure:20180: checking for TTF_Init in -lSDL_ttf
configure:20215: arm-linux-gcc -o conftest -g -O2 -Wshadow -Wall -Wstrict-prototypes  -DTIMER -DPKGDATADIR=\"$(pkgdatadir)\" -DLIBDIR=\"$(libdir)\"  conftest.c -lSDL_ttf   >&5
conftest.c:28: warning: function declaration isn't a prototype
conftest.c:31: warning: function declaration isn't a prototype
/arm-eabi/lib/gcc/arm-linux-gnueabi/3.4.3/../../../../arm-linux-gnueabi/bin/ld: cannot find -lSDL_ttf
collect2: ld returned 1 exit status
configure:20221: $? = 1
configure: failed program was:
| /* confdefs.h.  */
| #define PACKAGE_NAME "SDLcam"
| #define PACKAGE_TARNAME "sdlcam"
| #define PACKAGE_VERSION "0.8.2"
| #define PACKAGE_STRING "SDLcam 0.8.2"
| #define PACKAGE_BUGREPORT "raph@raphnet.net"
| #define PACKAGE "sdlcam"
| #define VERSION "0.8.2"
| #define STDC_HEADERS 1
| #define HAVE_SYS_TYPES_H 1
| #define HAVE_SYS_STAT_H 1
| #define HAVE_STDLIB_H 1
| #define HAVE_STRING_H 1
| #define HAVE_MEMORY_H 1
| #define HAVE_STRINGS_H 1
| #define HAVE_INTTYPES_H 1
| #define HAVE_STDINT_H 1
| #define HAVE_UNISTD_H 1
| #define HAVE_DLFCN_H 1
| /* end confdefs.h.  */
| 
| /* Override any GCC internal prototype to avoid an error.
|    Use char because int might match the return type of a GCC
|    builtin and then its argument prototype would still apply.  */
| #ifdef __cplusplus
| extern "C"
| #endif
| char TTF_Init ();
| int
| main ()
| {
| return TTF_Init ();
|   ;
|   return 0;
| }
configure:20239: result: yes
configure:20249: checking for IMG_Load in -lSDL_image
configure:20284: arm-linux-gcc -o conftest -g -O2 -Wshadow -Wall -Wstrict-prototypes  -DTIMER -DPKGDATADIR=\"$(pkgdatadir)\" -DLIBDIR=\"$(libdir)\"  conftest.c -lSDL_image   >&5
conftest.c:28: warning: function declaration isn't a prototype
conftest.c:31: warning: function declaration isn't a prototype
/arm-eabi/lib/gcc/arm-linux-gnueabi/3.4.3/../../../../arm-linux-gnueabi/bin/ld: cannot find -lSDL_image
collect2: ld returned 1 exit status
configure:20290: $? = 1
configure: failed program was:
| /* confdefs.h.  */
| #define PACKAGE_NAME "SDLcam"
| #define PACKAGE_TARNAME "sdlcam"
| #define PACKAGE_VERSION "0.8.2"
| #define PACKAGE_STRING "SDLcam 0.8.2"
| #define PACKAGE_BUGREPORT "raph@raphnet.net"
| #define PACKAGE "sdlcam"
| #define VERSION "0.8.2"
| #define STDC_HEADERS 1
| #define HAVE_SYS_TYPES_H 1
| #define HAVE_SYS_STAT_H 1
| #define HAVE_STDLIB_H 1
| #define HAVE_STRING_H 1
| #define HAVE_MEMORY_H 1
| #define HAVE_STRINGS_H 1
| #define HAVE_INTTYPES_H 1
| #define HAVE_STDINT_H 1
| #define HAVE_UNISTD_H 1
| #define HAVE_DLFCN_H 1
| /* end confdefs.h.  */
| 
| /* Override any GCC internal prototype to avoid an error.
|    Use char because int might match the return type of a GCC
|    builtin and then its argument prototype would still apply.  */
| #ifdef __cplusplus
| extern "C"
| #endif
| char IMG_Load ();
| int
| main ()
| {
| return IMG_Load ();
|   ;
|   return 0;
| }
configure:20308: result: yes
configure:20318: checking for jpeg_CreateCompress in -ljpeg
configure:20353: arm-linux-gcc -o conftest -g -O2 -Wshadow -Wall -Wstrict-prototypes  -DTIMER -DPKGDATADIR=\"$(pkgdatadir)\" -DLIBDIR=\"$(libdir)\"  conftest.c -ljpeg   >&5
conftest.c:28: warning: function declaration isn't a prototype
conftest.c:31: warning: function declaration isn't a prototype
configure:20359: $? = 0
configure:20377: result: yes
configure:20390: checking for dlopen in -ldl
configure:20449: result: yes
configure:20611: creating ./config.status

## ---------------------- ##
## Running config.status. ##
## ---------------------- ##

This file was extended by SDLcam config.status 0.8.2, which was
generated by GNU Autoconf 2.61.  Invocation command line was

  CONFIG_FILES    = 
  CONFIG_HEADERS  = 
  CONFIG_LINKS    = 
  CONFIG_COMMANDS = 
  $ ./config.status 

on hellmachine

config.status:680: creating SDLcam.xml
config.status:680: creating Makefile
config.status:680: creating capture/Makefile
config.status:680: creating Documentation/Makefile
config.status:680: creating filter/Makefile
config.status:680: creating sources/Makefile
config.status:680: creating config.h
config.status:908: config.h is unchanged
config.status:954: executing depfiles commands

## ---------------- ##
## Cache variables. ##
## ---------------- ##

ac_cv_build=i686-pc-linux-gnu
ac_cv_c_compiler_gnu=yes
ac_cv_cxx_compiler_gnu=yes
ac_cv_env_CCC_set=
ac_cv_env_CCC_value=
ac_cv_env_CC_set=
ac_cv_env_CC_value=
ac_cv_env_CFLAGS_set=
ac_cv_env_CFLAGS_value=
ac_cv_env_CPPFLAGS_set=
ac_cv_env_CPPFLAGS_value=
ac_cv_env_CPP_set=
ac_cv_env_CPP_value=
ac_cv_env_CXXCPP_set=
ac_cv_env_CXXCPP_value=
ac_cv_env_CXXFLAGS_set=
ac_cv_env_CXXFLAGS_value=
ac_cv_env_CXX_set=
ac_cv_env_CXX_value=
ac_cv_env_F77_set=
ac_cv_env_F77_value=
ac_cv_env_FFLAGS_set=
ac_cv_env_FFLAGS_value=
ac_cv_env_LDFLAGS_set=
ac_cv_env_LDFLAGS_value=
ac_cv_env_LIBS_set=
ac_cv_env_LIBS_value=
ac_cv_env_PKG_CONFIG_set=
ac_cv_env_PKG_CONFIG_value=
ac_cv_env_PNG_CFLAGS_set=
ac_cv_env_PNG_CFLAGS_value=
ac_cv_env_PNG_LIBS_set=
ac_cv_env_PNG_LIBS_value=
ac_cv_env_SDL_CFLAGS_set=
ac_cv_env_SDL_CFLAGS_value=
ac_cv_env_SDL_LIBS_set=
ac_cv_env_SDL_LIBS_value=
ac_cv_env_XML2_CFLAGS_set=
ac_cv_env_XML2_CFLAGS_value=
ac_cv_env_XML2_LIBS_set=
ac_cv_env_XML2_LIBS_value=
ac_cv_env_build_alias_set=
ac_cv_env_build_alias_value=
ac_cv_env_host_alias_set=set
ac_cv_env_host_alias_value=arm-linux
ac_cv_env_target_alias_set=
ac_cv_env_target_alias_value=
ac_cv_f77_compiler_gnu=no
ac_cv_func_dlopen=no
ac_cv_func_shl_load=no
ac_cv_header_avifile_avifile_h=no
ac_cv_header_dlfcn_h=yes
ac_cv_header_encore2_h=no
ac_cv_header_fame_h=no
ac_cv_header_inttypes_h=yes
ac_cv_header_memory_h=yes
ac_cv_header_stdc=yes
ac_cv_header_stdint_h=yes
ac_cv_header_stdlib_h=yes
ac_cv_header_string_h=yes
ac_cv_header_strings_h=yes
ac_cv_header_sys_stat_h=yes
ac_cv_header_sys_types_h=yes
ac_cv_header_unistd_h=yes
ac_cv_host=arm-unknown-linux-gnu
ac_cv_lib_SDL_image_IMG_Load=yes
ac_cv_lib_SDL_ttf_TTF_Init=yes
ac_cv_lib_dl_dlopen=yes
ac_cv_lib_dld_shl_load=no
ac_cv_lib_jpeg_jpeg_CreateCompress=yes
ac_cv_objext=o
ac_cv_path_EGREP='/bin/grep -E'
ac_cv_path_GREP=/bin/grep
ac_cv_path_ac_pt_PKG_CONFIG=/usr/bin/pkg-config
ac_cv_path_install='/usr/bin/install -c'
ac_cv_path_mkdir=/bin/mkdir
ac_cv_prog_AR=arm-linux-ar
ac_cv_prog_AWK=gawk
ac_cv_prog_CC=arm-linux-gcc
ac_cv_prog_CPP='arm-linux-gcc -E'
ac_cv_prog_CXX=arm-linux-g++
ac_cv_prog_CXXCPP='arm-linux-g++ -E'
ac_cv_prog_RANLIB=arm-linux-ranlib
ac_cv_prog_STRIP=strip
ac_cv_prog_ac_ct_STRIP=strip
ac_cv_prog_cc_arm_linux_gcc_c_o=yes
ac_cv_prog_cc_c89=
ac_cv_prog_cc_g=yes
ac_cv_prog_cxx_g=yes
ac_cv_prog_f77_g=no
ac_cv_prog_make_make_set=yes
am_cv_CC_dependencies_compiler_type=gcc3
am_cv_CXX_dependencies_compiler_type=gcc3
lt_cv_deplibs_check_method=pass_all
lt_cv_dlopen=dlopen
lt_cv_dlopen_libs=-ldl
lt_cv_dlopen_self=cross
lt_cv_file_magic_cmd='$MAGIC_CMD'
lt_cv_file_magic_test_file=
lt_cv_ld_reload_flag=-r
lt_cv_objdir=.libs
lt_cv_path_LD=/arm-eabi/arm-linux-gnueabi/bin/ld
lt_cv_path_LDCXX=/arm-eabi/arm-linux-gnueabi/bin/ld
lt_cv_path_NM=nm
lt_cv_path_SED=/bin/sed
lt_cv_prog_compiler_c_o=yes
lt_cv_prog_compiler_c_o_CXX=yes
lt_cv_prog_compiler_rtti_exceptions=no
lt_cv_prog_gnu_ld=yes
lt_cv_prog_gnu_ldcxx=yes
lt_cv_sys_global_symbol_pipe='sed -n -e '\''s/^.*[ 	]\([ABCDGIRSTW][ABCDGIRSTW]*\)[ 	][ 	]*\([_A-Za-z][_A-Za-z0-9]*\)$/\1 \2 \2/p'\'''
lt_cv_sys_global_symbol_to_c_name_address='sed -n -e '\''s/^: \([^ ]*\) $/  {\"\1\", (lt_ptr) 0},/p'\'' -e '\''s/^[BCDEGRST] \([^ ]*\) \([^ ]*\)$/  {"\2", (lt_ptr) \&\2},/p'\'''
lt_cv_sys_global_symbol_to_cdecl='sed -n -e '\''s/^. .* \(.*\)$/extern int \1;/p'\'''
lt_cv_sys_max_cmd_len=32768
lt_lt_cv_prog_compiler_c_o='"yes"'
lt_lt_cv_prog_compiler_c_o_CXX='"yes"'
lt_lt_cv_sys_global_symbol_pipe='"sed -n -e '\''s/^.*[ 	]\\([ABCDGIRSTW][ABCDGIRSTW]*\\)[ 	][ 	]*\\([_A-Za-z][_A-Za-z0-9]*\\)\$/\\1 \\2 \\2/p'\''"'
lt_lt_cv_sys_global_symbol_to_c_name_address='"sed -n -e '\''s/^: \\([^ ]*\\) \$/  {\\\"\\1\\\", (lt_ptr) 0},/p'\'' -e '\''s/^[BCDEGRST] \\([^ ]*\\) \\([^ ]*\\)\$/  {\"\\2\", (lt_ptr) \\&\\2},/p'\''"'
lt_lt_cv_sys_global_symbol_to_cdecl='"sed -n -e '\''s/^. .* \\(.*\\)\$/extern int \\1;/p'\''"'
pkg_cv_PNG_CFLAGS='-I/usr/include/libpng12  '
pkg_cv_PNG_LIBS='-lpng12  '
pkg_cv_SDL_CFLAGS='-D_GNU_SOURCE=1 -D_REENTRANT -I/usr/include/SDL  '
pkg_cv_SDL_LIBS='-lSDL  '
pkg_cv_XML2_CFLAGS='-I/usr/include/libxml2  '
pkg_cv_XML2_LIBS='-lxml2  '

## ----------------- ##
## Output variables. ##
## ----------------- ##

ACLOCAL='${SHELL} /install/moto/sdlcam-0.8.2/missing --run aclocal-1.10'
AMDEPBACKSLASH='\'
AMDEP_FALSE='#'
AMDEP_TRUE=''
AMTAR='${SHELL} /install/moto/sdlcam-0.8.2/missing --run tar'
AR='arm-linux-ar'
AUTOCONF='${SHELL} /install/moto/sdlcam-0.8.2/missing --run autoconf'
AUTOHEADER='${SHELL} /install/moto/sdlcam-0.8.2/missing --run autoheader'
AUTOMAKE='${SHELL} /install/moto/sdlcam-0.8.2/missing --run automake-1.10'
AWK='gawk'
BUILD_DIVX2_FALSE=''
BUILD_DIVX2_TRUE='#'
BUILD_DIVX_FALSE=''
BUILD_DIVX_TRUE='#'
BUILD_MPEG_FALSE=''
BUILD_MPEG_TRUE='#'
CC='arm-linux-gcc'
CCDEPMODE='depmode=gcc3'
CFLAGS='-g -O2 -Wshadow -Wall -Wstrict-prototypes'
CPP='arm-linux-gcc -E'
CPPFLAGS=' -DTIMER -DPKGDATADIR=\"$(pkgdatadir)\" -DLIBDIR=\"$(libdir)\"'
CXX='arm-linux-g++'
CXXCPP='arm-linux-g++ -E'
CXXDEPMODE='depmode=gcc3'
CXXFLAGS='-g -O2 -Wshadow -Wall'
CYGPATH_W='echo'
DEFS='-DHAVE_CONFIG_H'
DEPDIR='.deps'
ECHO='echo'
ECHO_C=''
ECHO_N='-n'
ECHO_T=''
EGREP='/bin/grep -E'
EXEEXT=''
F77=''
FFLAGS=''
GREP='/bin/grep'
INSTALL_DATA='${INSTALL} -m 644'
INSTALL_PROGRAM='${INSTALL}'
INSTALL_SCRIPT='${INSTALL}'
INSTALL_STRIP_PROGRAM='$(install_sh) -c -s'
JPEG_LIBS='-ljpeg'
LDFLAGS=''
LIBOBJS=''
LIBS=''
LIBTOOL='$(SHELL) $(top_builddir)/libtool'
LN_S='ln -s'
LTLIBOBJS=''
MAKEINFO='${SHELL} /install/moto/sdlcam-0.8.2/missing --run makeinfo'
OBJEXT='o'
PACKAGE='sdlcam'
PACKAGE_BUGREPORT='raph@raphnet.net'
PACKAGE_NAME='SDLcam'
PACKAGE_STRING='SDLcam 0.8.2'
PACKAGE_TARNAME='sdlcam'
PACKAGE_VERSION='0.8.2'
PATH_SEPARATOR=':'
PKG_CONFIG='/usr/bin/pkg-config'
PNG_CFLAGS='-I/usr/include/libpng12  '
PNG_LIBS='-lpng12  '
RANLIB='arm-linux-ranlib'
SDL_CFLAGS='-I/arm-eabi/SDL/include -D_GNU_SOURCE=1 -DQWS -Dmain=SDL_main -D_REENTRANT'
SDL_LIBS='-L/arm-eabi/lib -lSDL -lSDLmain -lm -lezxappbase -lqte-mt -lezxpm -llighting -lezxtapi-xscale-r -llog_util -lezxsound -lSDL_ttf -lSDL_image'
SET_MAKE=''
SHELL='/bin/bash'
STRIP='strip'
VERSION='0.8.2'
XML2_CFLAGS='-I/usr/include/libxml2  '
XML2_LIBS='-lxml2  '
ac_ct_CC=''
ac_ct_CXX=''
ac_ct_F77=''
am__fastdepCC_FALSE='#'
am__fastdepCC_TRUE=''
am__fastdepCXX_FALSE='#'
am__fastdepCXX_TRUE=''
am__include='include'
am__isrc=''
am__leading_dot='.'
am__quote=''
am__tar='${AMTAR} chof - "$$tardir"'
am__untar='${AMTAR} xf -'
bindir='${exec_prefix}/bin'
build='i686-pc-linux-gnu'
build_alias=''
build_cpu='i686'
build_os='linux-gnu'
build_vendor='pc'
datadir='${datarootdir}'
datarootdir='${prefix}/share'
docdir='${datarootdir}/doc/${PACKAGE_TARNAME}'
dvidir='${docdir}'
exec_prefix='${prefix}'
host='arm-unknown-linux-gnu'
host_alias='arm-linux'
host_cpu='arm'
host_os='linux-gnu'
host_vendor='unknown'
htmldir='${docdir}'
includedir='${prefix}/include'
infodir='${datarootdir}/info'
install_sh='$(SHELL) /install/moto/sdlcam-0.8.2/install-sh'
libdir='${exec_prefix}/lib'
libexecdir='${exec_prefix}/libexec'
localedir='${datarootdir}/locale'
localstatedir='${prefix}/var'
mandir='${datarootdir}/man'
mkdir_p='/bin/mkdir -p'
oldincludedir='/usr/include'
pdfdir='${docdir}'
prefix='/usr/local'
program_transform_name='s,x,x,'
psdir='${docdir}'
sbindir='${exec_prefix}/sbin'
sharedstatedir='${prefix}/com'
sysconfdir='${prefix}/etc'
target_alias=''

## ----------- ##
## confdefs.h. ##
## ----------- ##

#define PACKAGE_NAME "SDLcam"
#define PACKAGE_TARNAME "sdlcam"
#define PACKAGE_VERSION "0.8.2"
#define PACKAGE_STRING "SDLcam 0.8.2"
#define PACKAGE_BUGREPORT "raph@raphnet.net"
#define PACKAGE "sdlcam"
#define VERSION "0.8.2"
#define STDC_HEADERS 1
#define HAVE_SYS_TYPES_H 1
#define HAVE_SYS_STAT_H 1
#define HAVE_STDLIB_H 1
#define HAVE_STRING_H 1
#define HAVE_MEMORY_H 1
#define HAVE_STRINGS_H 1
#define HAVE_INTTYPES_H 1
#define HAVE_STDINT_H 1
#define HAVE_UNISTD_H 1
#define HAVE_DLFCN_H 1
#define HAVE_LIBDL 1

configure: exit 0
