This file contains any messages produced by compilers while
running configure, to aid debugging if configure makes a mistake.

It was created by configure, which was
generated by GNU Autoconf 2.52d.  Invocation command line was

  $ ./configure 

## --------- ##
## Platform. ##
## --------- ##

hostname = Inferno
uname -m = i686
uname -r = 2.6.24-19-generic
uname -s = Linux
uname -v = #1 SMP Wed Aug 20 22:56:21 UTC 2008

/usr/bin/uname -p = unknown
/bin/uname -X     = unknown

/bin/arch              = unknown
/usr/bin/arch -k       = unknown
/usr/convex/getsysinfo = unknown
hostinfo               = unknown
/bin/machine           = unknown
/usr/bin/oslevel       = unknown
/bin/universe          = unknown

PATH = /usr/local/sbin:/usr/local/bin:/usr/sbin:/usr/bin:/sbin:/bin:/usr/games

## ----------- ##
## Core tests. ##
## ----------- ##

configure:1195: PATH=".;."; conftest.sh
./configure: 1202: conftest.sh: not found
configure:1198: $? = 127
configure:1260: checking for a BSD compatible install
configure:1309: result: /usr/bin/install -c
configure:1320: checking whether build environment is sane
configure:1363: result: yes
configure:1378: checking whether make sets ${MAKE}
configure:1398: result: yes
configure:1418: checking for working aclocal
configure:1425: result: found
configure:1433: checking for working autoconf
configure:1440: result: found
configure:1448: checking for working automake
configure:1455: result: found
configure:1463: checking for working autoheader
configure:1470: result: found
configure:1478: checking for working makeinfo
configure:1489: result: missing
configure:1519: checking whether to enable maintainer-specific portions of Makefiles
configure:1528: result: no
configure:1546: checking build system type
configure:1564: result: i686-pc-linux-gnu
configure:1571: checking host system type
configure:1585: result: i686-pc-linux-gnu
configure:1592: checking for the BeOS
configure:1602: result: no
configure:1605: checking for Win32
configure:1633: result: no
configure:1739: checking whether to enable garbage collector friendliness
configure:1750: result: no
configure:1754: checking whether to disable memory pools
configure:1757: result: no
configure:1812: checking for gcc
configure:1827: found /usr/bin/gcc
configure:1835: result: gcc
configure:2063: checking for C compiler version
configure:2066: gcc --version </dev/null >&5
gcc (GCC) 4.2.4 (Ubuntu 4.2.4-1ubuntu3)
Copyright (C) 2007 Free Software Foundation, Inc.
This is free software; see the source for copying conditions.  There is NO
warranty; not even for MERCHANTABILITY or FITNESS FOR A PARTICULAR PURPOSE.

configure:2069: $? = 0
configure:2071: gcc -v </dev/null >&5
Using built-in specs.
Target: i486-linux-gnu
Configured with: ../src/configure -v --enable-languages=c,c++,fortran,objc,obj-c++,treelang --prefix=/usr --enable-shared --with-system-zlib --libexecdir=/usr/lib --without-included-gettext --enable-threads=posix --enable-nls --with-gxx-include-dir=/usr/include/c++/4.2 --program-suffix=-4.2 --enable-clocale=gnu --enable-libstdcxx-debug --enable-objc-gc --enable-mpfr --enable-targets=all --enable-checking=release --build=i486-linux-gnu --host=i486-linux-gnu --target=i486-linux-gnu
Thread model: posix
gcc version 4.2.4 (Ubuntu 4.2.4-1ubuntu3)
configure:2074: $? = 0
configure:2076: gcc -V </dev/null >&5
gcc: '-V' option must have argument
configure:2079: $? = 1
configure:2105: checking for C compiler default output
configure:2108: gcc    conftest.c  >&5
configure:2111: $? = 0
configure:2140: result: a.out
configure:2145: checking whether the C compiler works
configure:2151: ./a.out
configure:2154: $? = 0
configure:2169: result: yes
configure:2176: checking whether we are cross compiling
configure:2178: result: no
configure:2181: checking for executable suffix
configure:2183: gcc -o conftest    conftest.c  >&5
configure:2186: $? = 0
configure:2208: result: 
configure:2214: checking for object suffix
configure:2238: gcc -c   conftest.c >&5
configure:2241: $? = 0
configure:2260: result: o
configure:2264: checking whether we are using the GNU C compiler
configure:2291: gcc -c   conftest.c >&5
configure:2294: $? = 0
configure:2297: test -s conftest.o
configure:2300: $? = 0
configure:2312: result: yes
configure:2318: checking whether gcc accepts -g
configure:2342: gcc -c -g  conftest.c >&5
configure:2345: $? = 0
configure:2348: test -s conftest.o
configure:2351: $? = 0
configure:2361: result: yes
configure:2388: gcc -c -g -O2  conftest.c >&5
conftest.c:2: error: expected '=', ',', ';', 'asm' or '__attribute__' before 'me'
configure:2391: $? = 1
configure: failed program was:
#ifndef __cplusplus
  choke me
#endif
configure:2505: checking for c++
configure:2520: found /usr/bin/c++
configure:2528: result: c++
configure:2632: checking for C++ compiler version
configure:2635: c++ --version </dev/null >&5
c++ (GCC) 4.2.4 (Ubuntu 4.2.4-1ubuntu3)
Copyright (C) 2007 Free Software Foundation, Inc.
This is free software; see the source for copying conditions.  There is NO
warranty; not even for MERCHANTABILITY or FITNESS FOR A PARTICULAR PURPOSE.

configure:2638: $? = 0
configure:2640: c++ -v </dev/null >&5
Using built-in specs.
Target: i486-linux-gnu
Configured with: ../src/configure -v --enable-languages=c,c++,fortran,objc,obj-c++,treelang --prefix=/usr --enable-shared --with-system-zlib --libexecdir=/usr/lib --without-included-gettext --enable-threads=posix --enable-nls --with-gxx-include-dir=/usr/include/c++/4.2 --program-suffix=-4.2 --enable-clocale=gnu --enable-libstdcxx-debug --enable-objc-gc --enable-mpfr --enable-targets=all --enable-checking=release --build=i486-linux-gnu --host=i486-linux-gnu --target=i486-linux-gnu
Thread model: posix
gcc version 4.2.4 (Ubuntu 4.2.4-1ubuntu3)
configure:2643: $? = 0
configure:2645: c++ -V </dev/null >&5
c++: '-V' option must have argument
configure:2648: $? = 1
configure:2651: checking whether we are using the GNU C++ compiler
configure:2678: c++ -c   conftest.cc >&5
configure:2681: $? = 0
configure:2684: test -s conftest.o
configure:2687: $? = 0
configure:2699: result: yes
configure:2705: checking whether c++ accepts -g
configure:2729: c++ -c -g  conftest.cc >&5
configure:2732: $? = 0
configure:2735: test -s conftest.o
configure:2738: $? = 0
configure:2748: result: yes
configure:2794: c++ -c -g -O2  conftest.cc >&5
configure:2797: $? = 0
configure:2800: test -s conftest.o
configure:2803: $? = 0
configure:2831: c++ -c -g -O2  conftest.cc >&5
configure: In function 'int main()':
configure:2824: error: 'exit' was not declared in this scope
configure:2834: $? = 1
configure: failed program was:
#line 2813 "configure"
#include "confdefs.h"

#ifdef F77_DUMMY_MAIN
#  ifdef __cplusplus
     extern "C"
#  endif
   int F77_DUMMY_MAIN() { return 1; }
#endif
int
main ()
{
exit (42);
  ;
  return 0;
}
configure:2794: c++ -c -g -O2  conftest.cc >&5
configure:2797: $? = 0
configure:2800: test -s conftest.o
configure:2803: $? = 0
configure:2831: c++ -c -g -O2  conftest.cc >&5
configure:2834: $? = 0
configure:2837: test -s conftest.o
configure:2840: $? = 0
configure:2881: c++ -c -g -O2  conftest.cc >&5
configure:2884: $? = 0
configure:2887: test -s conftest.o
configure:2890: $? = 0
configure:2913: checking for gcc option to accept ANSI C
configure:2978: gcc  -c -g -O2  conftest.c >&5
configure:2981: $? = 0
configure:2984: test -s conftest.o
configure:2987: $? = 0
configure:3001: result: none needed
configure:3024: checking for a BSD compatible install
configure:3073: result: /usr/bin/install -c
configure:3091: checking for special C compiler options needed for large files
configure:3171: result: no
configure:3177: checking for _FILE_OFFSET_BITS value needed for large files
configure:3211: gcc -c -g -O2  conftest.c >&5
configure:3192: warning: left shift count >= width of type
configure:3192: warning: left shift count >= width of type
configure:3194: error: size of array 'off_t_is_large' is negative
configure:3214: $? = 1
configure: failed program was:
#line 3185 "configure"
#include "confdefs.h"
#include <sys/types.h>
 /* Check that off_t can represent 2**63 - 1 correctly.
    We can't simply define LARGE_OFF_T to be 9223372036854775807,
    since some C++ compilers masquerading as C compilers
    incorrectly reject 9223372036854775807.  */
#define LARGE_OFF_T (((off_t) 1 << 62) - 1 + ((off_t) 1 << 62))
  int off_t_is_large[(LARGE_OFF_T % 2147483629 == 721
		       && LARGE_OFF_T % 2147483647 == 1)
		      ? 1 : -1];
#ifdef F77_DUMMY_MAIN
#  ifdef __cplusplus
     extern "C"
#  endif
   int F77_DUMMY_MAIN() { return 1; }
#endif
int
main ()
{

  ;
  return 0;
}
configure:3256: gcc -c -g -O2  conftest.c >&5
configure:3259: $? = 0
configure:3262: test -s conftest.o
configure:3265: $? = 0
configure:3276: result: 64
configure:3286: checking for _LARGE_FILES value needed for large files
configure:3320: gcc -c -g -O2  conftest.c >&5
configure:3323: $? = 0
configure:3326: test -s conftest.o
configure:3329: $? = 0
configure:3385: result: no
configure:3402: checking for pkg-config
configure:3419: found /usr/bin/pkg-config
configure:3431: result: /usr/bin/pkg-config
configure:3488: checking for gawk
configure:3514: result: no
configure:3488: checking for mawk
configure:3503: found /usr/bin/mawk
configure:3511: result: mawk
configure:3525: checking for perl5
configure:3551: result: no
configure:3525: checking for perl
configure:3540: found /usr/bin/perl
configure:3548: result: perl
configure:3561: checking for indent
configure:3587: result: no
configure:3604: checking for perl
configure:3621: found /usr/bin/perl
configure:3632: result: /usr/bin/perl
configure:3682: checking for ranlib
configure:3697: found /usr/bin/ranlib
configure:3706: result: ranlib
configure:3723: checking how to run the C preprocessor
configure:3749: gcc -E  conftest.c
configure:3755: $? = 0
configure:3782: gcc -E  conftest.c
configure:3779:28: error: ac_nonexistent.h: No such file or directory
configure:3788: $? = 1
configure: failed program was:
#line 3778 "configure"
#include "confdefs.h"
#include <ac_nonexistent.h>
configure:3825: result: gcc -E
configure:3840: gcc -E  conftest.c
configure:3846: $? = 0
configure:3873: gcc -E  conftest.c
configure:3870:28: error: ac_nonexistent.h: No such file or directory
configure:3879: $? = 1
configure: failed program was:
#line 3869 "configure"
#include "confdefs.h"
#include <ac_nonexistent.h>
configure:3918: checking for ANSI C header files
configure:3932: gcc -E  conftest.c
configure:3938: $? = 0
configure:4025: gcc -o conftest -g -O2   conftest.c  >&5
configure: In function 'main':
configure:4017: warning: incompatible implicit declaration of built-in function 'exit'
configure:4028: $? = 0
configure:4030: ./conftest
configure:4033: $? = 0
configure:4046: result: yes
configure:4056: checking for gcc option to accept ANSI C
configure:4119: gcc  -c -g -O2  conftest.c >&5
configure:4122: $? = 0
configure:4125: test -s conftest.o
configure:4128: $? = 0
configure:4145: result: none needed
configure:4153: checking for an ANSI C-conforming const
configure:4223: gcc -c -g -O2  conftest.c >&5
configure:4226: $? = 0
configure:4229: test -s conftest.o
configure:4232: $? = 0
configure:4242: result: yes
configure:4252: checking for inline
configure:4269: gcc -c -g -O2  conftest.c >&5
configure:4272: $? = 0
configure:4275: test -s conftest.o
configure:4278: $? = 0
configure:4289: result: inline
configure:4310: checking for sys/types.h
configure:4323: gcc -c -g -O2  conftest.c >&5
configure:4326: $? = 0
configure:4329: test -s conftest.o
configure:4332: $? = 0
configure:4342: result: yes
configure:4310: checking for sys/stat.h
configure:4323: gcc -c -g -O2  conftest.c >&5
configure:4326: $? = 0
configure:4329: test -s conftest.o
configure:4332: $? = 0
configure:4342: result: yes
configure:4310: checking for stdlib.h
configure:4323: gcc -c -g -O2  conftest.c >&5
configure:4326: $? = 0
configure:4329: test -s conftest.o
configure:4332: $? = 0
configure:4342: result: yes
configure:4310: checking for string.h
configure:4323: gcc -c -g -O2  conftest.c >&5
configure:4326: $? = 0
configure:4329: test -s conftest.o
configure:4332: $? = 0
configure:4342: result: yes
configure:4310: checking for memory.h
configure:4323: gcc -c -g -O2  conftest.c >&5
configure:4326: $? = 0
configure:4329: test -s conftest.o
configure:4332: $? = 0
configure:4342: result: yes
configure:4310: checking for strings.h
configure:4323: gcc -c -g -O2  conftest.c >&5
configure:4326: $? = 0
configure:4329: test -s conftest.o
configure:4332: $? = 0
configure:4342: result: yes
configure:4310: checking for inttypes.h
configure:4323: gcc -c -g -O2  conftest.c >&5
configure:4326: $? = 0
configure:4329: test -s conftest.o
configure:4332: $? = 0
configure:4342: result: yes
configure:4310: checking for stdint.h
configure:4323: gcc -c -g -O2  conftest.c >&5
configure:4326: $? = 0
configure:4329: test -s conftest.o
configure:4332: $? = 0
configure:4342: result: yes
configure:4310: checking for unistd.h
configure:4323: gcc -c -g -O2  conftest.c >&5
configure:4326: $? = 0
configure:4329: test -s conftest.o
configure:4332: $? = 0
configure:4342: result: yes
configure:4353: checking for off_t
configure:4380: gcc -c -g -O2  conftest.c >&5
configure:4383: $? = 0
configure:4386: test -s conftest.o
configure:4389: $? = 0
configure:4399: result: yes
configure:4411: checking for size_t
configure:4438: gcc -c -g -O2  conftest.c >&5
configure:4441: $? = 0
configure:4444: test -s conftest.o
configure:4447: $? = 0
configure:4457: result: yes
configure:4471: checking for working alloca.h
configure:4495: gcc -o conftest -g -O2   conftest.c  >&5
configure:4498: $? = 0
configure:4501: test -s conftest
configure:4504: $? = 0
configure:4514: result: yes
configure:4524: checking for alloca
configure:4568: gcc -o conftest -g -O2   conftest.c  >&5
configure:4571: $? = 0
configure:4574: test -s conftest
configure:4577: $? = 0
configure:4587: result: yes
configure:4778: checking for stdlib.h
configure:4783: result: yes
configure:4778: checking for unistd.h
configure:4783: result: yes
configure:4890: checking for getpagesize
configure:4933: gcc -o conftest -g -O2   conftest.c  >&5
configure:4936: $? = 0
configure:4939: test -s conftest
configure:4942: $? = 0
configure:4952: result: yes
configure:4962: checking for working mmap
configure:5098: gcc -o conftest -g -O2   conftest.c  >&5
configure:5101: $? = 0
configure:5103: ./conftest
configure:5106: $? = 0
configure:5118: result: yes
configure:5143: checking argz.h usability
configure:5152: gcc -c -g -O2  conftest.c >&5
configure:5155: $? = 0
configure:5158: test -s conftest.o
configure:5161: $? = 0
configure:5170: result: yes
configure:5174: checking argz.h presence
configure:5181: gcc -E  conftest.c
configure:5187: $? = 0
configure:5205: result: yes
configure:5223: checking for argz.h
configure:5230: result: yes
configure:5143: checking limits.h usability
configure:5152: gcc -c -g -O2  conftest.c >&5
configure:5155: $? = 0
configure:5158: test -s conftest.o
configure:5161: $? = 0
configure:5170: result: yes
configure:5174: checking limits.h presence
configure:5181: gcc -E  conftest.c
configure:5187: $? = 0
configure:5205: result: yes
configure:5223: checking for limits.h
configure:5230: result: yes
configure:5143: checking locale.h usability
configure:5152: gcc -c -g -O2  conftest.c >&5
configure:5155: $? = 0
configure:5158: test -s conftest.o
configure:5161: $? = 0
configure:5170: result: yes
configure:5174: checking locale.h presence
configure:5181: gcc -E  conftest.c
configure:5187: $? = 0
configure:5205: result: yes
configure:5223: checking for locale.h
configure:5230: result: yes
configure:5143: checking nl_types.h usability
configure:5152: gcc -c -g -O2  conftest.c >&5
configure:5155: $? = 0
configure:5158: test -s conftest.o
configure:5161: $? = 0
configure:5170: result: yes
configure:5174: checking nl_types.h presence
configure:5181: gcc -E  conftest.c
configure:5187: $? = 0
configure:5205: result: yes
configure:5223: checking for nl_types.h
configure:5230: result: yes
configure:5143: checking malloc.h usability
configure:5152: gcc -c -g -O2  conftest.c >&5
configure:5155: $? = 0
configure:5158: test -s conftest.o
configure:5161: $? = 0
configure:5170: result: yes
configure:5174: checking malloc.h presence
configure:5181: gcc -E  conftest.c
configure:5187: $? = 0
configure:5205: result: yes
configure:5223: checking for malloc.h
configure:5230: result: yes
configure:5134: checking for string.h
configure:5139: result: yes
configure:5134: checking for unistd.h
configure:5139: result: yes
configure:5143: checking sys/param.h usability
configure:5152: gcc -c -g -O2  conftest.c >&5
configure:5155: $? = 0
configure:5158: test -s conftest.o
configure:5161: $? = 0
configure:5170: result: yes
configure:5174: checking sys/param.h presence
configure:5181: gcc -E  conftest.c
configure:5187: $? = 0
configure:5205: result: yes
configure:5223: checking for sys/param.h
configure:5230: result: yes
configure:5247: checking for getcwd
configure:5290: gcc -o conftest -g -O2   conftest.c  >&5
configure:5293: $? = 0
configure:5296: test -s conftest
configure:5299: $? = 0
configure:5309: result: yes
configure:5247: checking for munmap
configure:5290: gcc -o conftest -g -O2   conftest.c  >&5
configure:5293: $? = 0
configure:5296: test -s conftest
configure:5299: $? = 0
configure:5309: result: yes
configure:5247: checking for putenv
configure:5290: gcc -o conftest -g -O2   conftest.c  >&5
configure:5293: $? = 0
configure:5296: test -s conftest
configure:5299: $? = 0
configure:5309: result: yes
configure:5247: checking for setenv
configure:5290: gcc -o conftest -g -O2   conftest.c  >&5
configure:5293: $? = 0
configure:5296: test -s conftest
configure:5299: $? = 0
configure:5309: result: yes
configure:5247: checking for setlocale
configure:5290: gcc -o conftest -g -O2   conftest.c  >&5
configure:5293: $? = 0
configure:5296: test -s conftest
configure:5299: $? = 0
configure:5309: result: yes
configure:5247: checking for strchr
configure:5290: gcc -o conftest -g -O2   conftest.c  >&5
configure:5263: warning: conflicting types for built-in function 'strchr'
configure:5293: $? = 0
configure:5296: test -s conftest
configure:5299: $? = 0
configure:5309: result: yes
configure:5247: checking for strcasecmp
configure:5290: gcc -o conftest -g -O2   conftest.c  >&5
configure:5263: warning: conflicting types for built-in function 'strcasecmp'
configure:5293: $? = 0
configure:5296: test -s conftest
configure:5299: $? = 0
configure:5309: result: yes
configure:5247: checking for strdup
configure:5290: gcc -o conftest -g -O2   conftest.c  >&5
configure:5263: warning: conflicting types for built-in function 'strdup'
configure:5293: $? = 0
configure:5296: test -s conftest
configure:5299: $? = 0
configure:5309: result: yes
configure:5247: checking for __argz_count
configure:5290: gcc -o conftest -g -O2   conftest.c  >&5
configure:5293: $? = 0
configure:5296: test -s conftest
configure:5299: $? = 0
configure:5309: result: yes
configure:5247: checking for __argz_stringify
configure:5290: gcc -o conftest -g -O2   conftest.c  >&5
configure:5293: $? = 0
configure:5296: test -s conftest
configure:5299: $? = 0
configure:5309: result: yes
configure:5247: checking for __argz_next
configure:5290: gcc -o conftest -g -O2   conftest.c  >&5
configure:5293: $? = 0
configure:5296: test -s conftest
configure:5299: $? = 0
configure:5309: result: yes
configure:5320: checking for LC_MESSAGES
configure:5344: gcc -o conftest -g -O2   conftest.c  >&5
configure:5347: $? = 0
configure:5350: test -s conftest
configure:5353: $? = 0
configure:5363: result: yes
configure:5393: checking libintl.h usability
configure:5402: gcc -c -g -O2  conftest.c >&5
configure:5405: $? = 0
configure:5408: test -s conftest.o
configure:5411: $? = 0
configure:5420: result: yes
configure:5424: checking libintl.h presence
configure:5431: gcc -E  conftest.c
configure:5437: $? = 0
configure:5455: result: yes
configure:5473: checking for libintl.h
configure:5480: result: yes
configure:5485: checking for dgettext in libc
configure:5509: gcc -o conftest -g -O2   conftest.c  >&5
configure:5512: $? = 0
configure:5515: test -s conftest
configure:5518: $? = 0
configure:5528: result: yes
configure:5673: checking for msgfmt
configure:5700: result: /usr/bin/msgfmt
configure:5711: checking for dcgettext
configure:5754: gcc -o conftest -g -O2   conftest.c  >&5
configure:5727: warning: conflicting types for built-in function 'dcgettext'
configure:5757: $? = 0
configure:5760: test -s conftest
configure:5763: $? = 0
configure:5773: result: yes
configure:5785: checking for gmsgfmt
configure:5814: result: /usr/bin/msgfmt
configure:5823: checking for xgettext
configure:5850: result: /usr/bin/xgettext
configure:5877: gcc -o conftest -g -O2   conftest.c  >&5
configure:5880: $? = 0
configure:5883: test -s conftest
configure:5886: $? = 0
configure:5948: checking for catalogs to be installed
configure:5957: result:  az ca de el es eu fr gl ja ko nl nn no pl pt ro ru sk sl sv ta tr uk zh_CN zh_TW
configure:6134: checking for bind_textdomain_codeset
configure:6177: gcc -o conftest -g -O2   conftest.c   >&5
configure:6180: $? = 0
configure:6183: test -s conftest
configure:6186: $? = 0
configure:6196: result: yes
configure:6284: checking for ld used by GCC
configure:6347: result: /usr/bin/ld
configure:6356: checking if the linker (/usr/bin/ld) is GNU ld
GNU ld (GNU Binutils for Ubuntu) 2.18.0.20080103
configure:6368: result: yes
configure:6372: checking for /usr/bin/ld option to reload object files
configure:6379: result: -r
configure:6384: checking for BSD-compatible nm
configure:6420: result: /usr/bin/nm -B
configure:6423: checking whether ln -s works
configure:6427: result: yes
configure:6434: checking how to recognise dependant libraries
configure:6602: result: pass_all
configure:6608: checking command to parse /usr/bin/nm -B output
configure:6685: gcc -c -g -O2  conftest.c >&5
configure:6688: $? = 0
configure:6692: /usr/bin/nm -B conftest.o \| sed -n -e 's/^.*[ 	]\([ABCDGISTW][ABCDGISTW]*\)[ 	][ 	]*\(\)\([_A-Za-z][_A-Za-z0-9]*\)$/  /p' \> conftest.nm
configure:6695: $? = 0
configure:6747: gcc -o conftest -g -O2   conftest.c conftstm.o >&5
configure:6750: $? = 0
configure:6791: result: ok
configure:6808: checking dlfcn.h usability
configure:6817: gcc -c -g -O2  conftest.c >&5
configure:6820: $? = 0
configure:6823: test -s conftest.o
configure:6826: $? = 0
configure:6835: result: yes
configure:6839: checking dlfcn.h presence
configure:6846: gcc -E  conftest.c
configure:6852: $? = 0
configure:6870: result: yes
configure:6888: checking for dlfcn.h
configure:6895: result: yes
configure:7085: checking for ranlib
configure:7109: result: ranlib
configure:7159: checking for strip
configure:7174: found /usr/bin/strip
configure:7183: result: strip
configure:7715: checking for objdir
configure:7726: result: .libs
configure:7741: checking for gcc option to produce PIC
configure:7891: result: -fPIC
configure:7895: checking if gcc PIC flag -fPIC works
configure:7921: gcc -c -g -O2 -fPIC -DPIC  conftest.c >&5
configure:7924: $? = 0
configure:7927: test -s conftest.o
configure:7930: $? = 0
configure:7966: result: yes
configure:7982: checking if gcc static flag -static works
configure:8009: gcc -o conftest -g -O2   -static conftest.c   >&5
configure:8012: $? = 0
configure:8015: test -s conftest
configure:8018: $? = 0
configure:8032: result: yes
configure:8043: checking if gcc supports -c -o file.o
configure:8063: gcc -c -g -O2 -o out/conftest2.o  conftest.c >&5
configure:8087: result: yes
configure:8092: checking if gcc supports -c -o file.lo
configure:8120: gcc -c -g -O2 -c -o conftest.lo  conftest.c >&5
configure:8123: $? = 0
configure:8126: test -s conftest.o
configure:8129: $? = 1
configure: failed program was:
#line 8102 "configure"
#include "confdefs.h"

#ifdef F77_DUMMY_MAIN
#  ifdef __cplusplus
     extern "C"
#  endif
   int F77_DUMMY_MAIN() { return 1; }
#endif
int
main ()
{
int some_variable = 0;
  ;
  return 0;
}
configure:8149: result: no
configure:8180: checking if gcc supports -fno-rtti -fno-exceptions
configure:8205: gcc -c -g -O2 -fno-rtti -fno-exceptions -c conftest.c  conftest.c >&5
cc1: warning: command line option "-fno-rtti" is valid for C++/ObjC++ but not for C
cc1: warning: command line option "-fno-rtti" is valid for C++/ObjC++ but not for C
configure:8208: $? = 0
configure:8211: test -s conftest.o
configure:8214: $? = 0
configure:8230: result: yes
configure:8241: checking whether the linker (/usr/bin/ld) supports shared libraries
configure:8853: result: yes
configure:8858: checking how to hardcode library paths into programs
configure:8882: result: immediate
configure:8887: checking whether stripping libraries is possible
configure:8892: result: yes
configure:8903: checking dynamic linker characteristics
configure:9285: result: GNU/Linux ld.so
configure:9290: checking if libtool supports shared libraries
configure:9292: result: yes
configure:9886: checking whether -lc should be explicitly linked in
configure:9894: gcc -c -g -O2  conftest.c >&5
configure:9897: $? = 0
configure:9911: gcc -shared conftest.o  -v -Wl,-soname -Wl,conftest -o conftest 2\>\&1 \| grep  -lc  \>/dev/null 2\>\&1
configure:9914: $? = 0
configure:9927: result: no
configure:10507: checking for extra flags to get ANSI library prototypes
configure:10523: gcc -o conftest -g -O2 -Wall   conftest.c   -lm >&5
configure:10526: $? = 0
configure:10528: ./conftest
configure:10531: $? = 0
configure:10533: result: none needed
configure:10584: checking for extra flags for POSIX compliance
configure:10605: gcc -c -g -O2 -Wall  conftest.c >&5
configure: In function 'main':
configure:10598: warning: unused variable 'dir'
configure:10608: $? = 0
configure:10611: test -s conftest.o
configure:10614: $? = 0
configure:10616: result: none needed
configure:10669: checking for ANSI C header files
configure:10797: result: yes
configure:10812: checking for vprintf
configure:10855: gcc -o conftest -g -O2 -Wall   conftest.c   >&5
configure:10828: warning: conflicting types for built-in function 'vprintf'
configure:10858: $? = 0
configure:10861: test -s conftest
configure:10864: $? = 0
configure:10874: result: yes
configure:10881: checking for _doprnt
configure:10924: gcc -o conftest -g -O2 -Wall   conftest.c   >&5
/tmp/ccU4FWxD.o: In function `main':
/install/moto/glib-2.0.0/configure:10915: undefined reference to `_doprnt'
collect2: ld returned 1 exit status
configure:10927: $? = 1
configure: failed program was:
#line 10887 "configure"
#include "confdefs.h"
/* System header to define __stub macros and hopefully few prototypes,
    which can conflict with char _doprnt (); below.  */
#include <assert.h>
/* Override any gcc2 internal prototype to avoid an error.  */
#ifdef __cplusplus
extern "C"
#endif
/* We use char because int might match the return type of a gcc2
   builtin and then its argument prototype would still apply.  */
char _doprnt ();
char (*f) ();

#ifdef F77_DUMMY_MAIN
#  ifdef __cplusplus
     extern "C"
#  endif
   int F77_DUMMY_MAIN() { return 1; }
#endif
int
main ()
{
/* The GNU C library defines this for functions which it implements
    to always fail with ENOSYS.  Some functions are actually named
    something starting with __ and the normal name is an alias.  */
#if defined (__stub__doprnt) || defined (__stub____doprnt)
choke me
#else
f = _doprnt;
#endif

  ;
  return 0;
}
configure:10943: result: no
configure:10958: checking for working alloca.h
configure:11001: result: yes
configure:11011: checking for alloca
configure:11074: result: yes
configure:11264: checking for atexit
configure:11307: gcc -o conftest -g -O2 -Wall   conftest.c   >&5
configure:11310: $? = 0
configure:11313: test -s conftest
configure:11316: $? = 0
configure:11326: result: yes
configure:11264: checking for on_exit
configure:11307: gcc -o conftest -g -O2 -Wall   conftest.c   >&5
configure:11310: $? = 0
configure:11313: test -s conftest
configure:11316: $? = 0
configure:11326: result: yes
configure:11336: checking for char
configure:11363: gcc -c -g -O2 -Wall  conftest.c >&5
configure:11366: $? = 0
configure:11369: test -s conftest.o
configure:11372: $? = 0
configure:11382: result: yes
configure:11385: checking size of char
configure:11579: gcc -o conftest -g -O2 -Wall   conftest.c   >&5
configure:11582: $? = 0
configure:11584: ./conftest
configure:11587: $? = 0
configure:11603: result: 1
configure:11609: checking for short
configure:11636: gcc -c -g -O2 -Wall  conftest.c >&5
configure:11639: $? = 0
configure:11642: test -s conftest.o
configure:11645: $? = 0
configure:11655: result: yes
configure:11658: checking size of short
configure:11852: gcc -o conftest -g -O2 -Wall   conftest.c   >&5
configure:11855: $? = 0
configure:11857: ./conftest
configure:11860: $? = 0
configure:11876: result: 2
configure:11882: checking for long
configure:11909: gcc -c -g -O2 -Wall  conftest.c >&5
configure:11912: $? = 0
configure:11915: test -s conftest.o
configure:11918: $? = 0
configure:11928: result: yes
configure:11931: checking size of long
configure:12125: gcc -o conftest -g -O2 -Wall   conftest.c   >&5
configure:12128: $? = 0
configure:12130: ./conftest
configure:12133: $? = 0
configure:12149: result: 4
configure:12155: checking for int
configure:12182: gcc -c -g -O2 -Wall  conftest.c >&5
configure:12185: $? = 0
configure:12188: test -s conftest.o
configure:12191: $? = 0
configure:12201: result: yes
configure:12204: checking size of int
configure:12398: gcc -o conftest -g -O2 -Wall   conftest.c   >&5
configure:12401: $? = 0
configure:12403: ./conftest
configure:12406: $? = 0
configure:12422: result: 4
configure:12428: checking for void *
configure:12455: gcc -c -g -O2 -Wall  conftest.c >&5
configure:12458: $? = 0
configure:12461: test -s conftest.o
configure:12464: $? = 0
configure:12474: result: yes
configure:12477: checking size of void *
configure:12671: gcc -o conftest -g -O2 -Wall   conftest.c   >&5
configure:12674: $? = 0
configure:12676: ./conftest
configure:12679: $? = 0
configure:12695: result: 4
configure:12701: checking for long long
configure:12728: gcc -c -g -O2 -Wall  conftest.c >&5
configure:12731: $? = 0
configure:12734: test -s conftest.o
configure:12737: $? = 0
configure:12747: result: yes
configure:12750: checking size of long long
configure:12944: gcc -o conftest -g -O2 -Wall   conftest.c   >&5
configure:12947: $? = 0
configure:12949: ./conftest
configure:12952: $? = 0
configure:12968: result: 8
configure:12974: checking for __int64
configure:13001: gcc -c -g -O2 -Wall  conftest.c >&5
configure: In function 'main':
configure:13024: error: '__int64' undeclared (first use in this function)
configure:13024: error: (Each undeclared identifier is reported only once
configure:13024: error: for each function it appears in.)
configure:13024: error: expected expression before ')' token
configure:13004: $? = 1
configure: failed program was:
#line 12980 "configure"
#include "confdefs.h"
#include <stdio.h>
#if HAVE_SYS_TYPES_H
# include <sys/types.h>
#endif
#if HAVE_SYS_STAT_H
# include <sys/stat.h>
#endif
#if STDC_HEADERS
# include <stdlib.h>
# include <stddef.h>
#else
# if HAVE_STDLIB_H
#  include <stdlib.h>
# endif
#endif
#if HAVE_STRING_H
# if !STDC_HEADERS && HAVE_MEMORY_H
#  include <memory.h>
# endif
# include <string.h>
#endif
#if HAVE_STRINGS_H
# include <strings.h>
#endif
#if HAVE_INTTYPES_H
# include <inttypes.h>
#else
# if HAVE_STDINT_H
#  include <stdint.h>
# endif
#endif
#if HAVE_UNISTD_H
# include <unistd.h>
#endif
#ifdef F77_DUMMY_MAIN
#  ifdef __cplusplus
     extern "C"
#  endif
   int F77_DUMMY_MAIN() { return 1; }
#endif
int
main ()
{
if ((__int64 *) 0)
  return 0;
if (sizeof (__int64))
  return 0;
  ;
  return 0;
}
configure:13020: result: no
configure:13023: checking size of __int64
configure:13241: result: 0
configure:13263: checking for format to printf and scanf a gint64
configure:13290: gcc -o conftest -g -O2 -Wall   conftest.c   >&5
configure: In function 'main':
configure:13284: warning: implicit declaration of function 'exit'
configure:13284: warning: incompatible implicit declaration of built-in function 'exit'
configure:13293: $? = 0
configure:13295: ./conftest
configure:13298: $? = 0
configure:13313: result: %llu
configure:13329: checking for an ANSI C-conforming const
configure:13418: result: yes
configure:13429: checking if malloc() and friends prototypes are gmem.h compatible
configure:13462: gcc -c -g -O2 -Wall -Werror  conftest.c >&5
configure:13465: $? = 0
configure:13468: test -s conftest.o
configure:13471: $? = 0
configure:13484: result: yes
configure:13488: checking for growing stack pointer
configure:13510: gcc -o conftest -g -O2 -Wall   conftest.c   >&5
configure:13513: $? = 0
configure:13515: ./conftest
configure:13518: $? = 0
configure:13533: result: no
configure:13536: checking for __inline
configure:13556: gcc -o conftest -g -O2 -Wall   conftest.c   >&5
configure:13559: $? = 0
configure:13561: ./conftest
configure:13564: $? = 0
configure:13579: result: yes
configure:13588: checking for __inline__
configure:13608: gcc -o conftest -g -O2 -Wall   conftest.c   >&5
configure:13611: $? = 0
configure:13613: ./conftest
configure:13616: $? = 0
configure:13631: result: yes
configure:13640: checking for inline
configure:13661: gcc -o conftest -g -O2 -Wall   conftest.c   >&5
configure:13664: $? = 0
configure:13666: ./conftest
configure:13669: $? = 0
configure:13684: result: yes
configure:13695: checking for ISO C99 varargs macros in C
configure:13720: gcc -c -g -O2 -Wall  conftest.c >&5
configure:13723: $? = 0
configure:13726: test -s conftest.o
configure:13729: $? = 0
configure:13738: result: yes
configure:13741: checking for ISO C99 varargs macros in C++
configure:13775: c++ -c -g -O2  conftest.cc >&5
configure:13778: $? = 0
configure:13781: test -s conftest.o
configure:13784: $? = 0
configure:13800: result: yes
configure:13803: checking for GNUC varargs macros
configure:13828: gcc -c -g -O2 -Wall  conftest.c >&5
configure:13831: $? = 0
configure:13834: test -s conftest.o
configure:13837: $? = 0
configure:13846: result: yes
configure:13850: checking whether byte ordering is bigendian
configure:13880: gcc -c -g -O2 -Wall  conftest.c >&5
configure:13883: $? = 0
configure:13886: test -s conftest.o
configure:13889: $? = 0
configure:13916: gcc -c -g -O2 -Wall  conftest.c >&5
configure: In function 'main':
configure:13907: error: 'not' undeclared (first use in this function)
configure:13907: error: (Each undeclared identifier is reported only once
configure:13907: error: for each function it appears in.)
configure:13907: error: expected ';' before 'big'
configure:13919: $? = 1
configure: failed program was:
#line 13893 "configure"
#include "confdefs.h"
#include <sys/types.h>
#include <sys/param.h>

#ifdef F77_DUMMY_MAIN
#  ifdef __cplusplus
     extern "C"
#  endif
   int F77_DUMMY_MAIN() { return 1; }
#endif
int
main ()
{
#if BYTE_ORDER != BIG_ENDIAN
 not big endian
#endif

  ;
  return 0;
}
configure:14032: result: no
configure:14066: checking dirent.h usability
configure:14075: gcc -c -g -O2 -Wall  conftest.c >&5
configure:14078: $? = 0
configure:14081: test -s conftest.o
configure:14084: $? = 0
configure:14093: result: yes
configure:14097: checking dirent.h presence
configure:14104: gcc -E  conftest.c
configure:14110: $? = 0
configure:14128: result: yes
configure:14146: checking for dirent.h
configure:14153: result: yes
configure:14066: checking float.h usability
configure:14075: gcc -c -g -O2 -Wall  conftest.c >&5
configure:14078: $? = 0
configure:14081: test -s conftest.o
configure:14084: $? = 0
configure:14093: result: yes
configure:14097: checking float.h presence
configure:14104: gcc -E  conftest.c
configure:14110: $? = 0
configure:14128: result: yes
configure:14146: checking for float.h
configure:14153: result: yes
configure:14057: checking for limits.h
configure:14062: result: yes
configure:14066: checking pwd.h usability
configure:14075: gcc -c -g -O2 -Wall  conftest.c >&5
configure:14078: $? = 0
configure:14081: test -s conftest.o
configure:14084: $? = 0
configure:14093: result: yes
configure:14097: checking pwd.h presence
configure:14104: gcc -E  conftest.c
configure:14110: $? = 0
configure:14128: result: yes
configure:14146: checking for pwd.h
configure:14153: result: yes
configure:14057: checking for sys/param.h
configure:14062: result: yes
configure:14066: checking sys/poll.h usability
configure:14075: gcc -c -g -O2 -Wall  conftest.c >&5
configure:14078: $? = 0
configure:14081: test -s conftest.o
configure:14084: $? = 0
configure:14093: result: yes
configure:14097: checking sys/poll.h presence
configure:14104: gcc -E  conftest.c
configure:14110: $? = 0
configure:14128: result: yes
configure:14146: checking for sys/poll.h
configure:14153: result: yes
configure:14066: checking sys/select.h usability
configure:14075: gcc -c -g -O2 -Wall  conftest.c >&5
configure:14078: $? = 0
configure:14081: test -s conftest.o
configure:14084: $? = 0
configure:14093: result: yes
configure:14097: checking sys/select.h presence
configure:14104: gcc -E  conftest.c
configure:14110: $? = 0
configure:14128: result: yes
configure:14146: checking for sys/select.h
configure:14153: result: yes
configure:14179: checking sys/time.h usability
configure:14188: gcc -c -g -O2 -Wall  conftest.c >&5
configure:14191: $? = 0
configure:14194: test -s conftest.o
configure:14197: $? = 0
configure:14206: result: yes
configure:14210: checking sys/time.h presence
configure:14217: gcc -E  conftest.c
configure:14223: $? = 0
configure:14241: result: yes
configure:14259: checking for sys/time.h
configure:14266: result: yes
configure:14179: checking sys/times.h usability
configure:14188: gcc -c -g -O2 -Wall  conftest.c >&5
configure:14191: $? = 0
configure:14194: test -s conftest.o
configure:14197: $? = 0
configure:14206: result: yes
configure:14210: checking sys/times.h presence
configure:14217: gcc -E  conftest.c
configure:14223: $? = 0
configure:14241: result: yes
configure:14259: checking for sys/times.h
configure:14266: result: yes
configure:14170: checking for unistd.h
configure:14175: result: yes
configure:14179: checking values.h usability
configure:14188: gcc -c -g -O2 -Wall  conftest.c >&5
configure:14191: $? = 0
configure:14194: test -s conftest.o
configure:14197: $? = 0
configure:14206: result: yes
configure:14210: checking values.h presence
configure:14217: gcc -E  conftest.c
configure:14223: $? = 0
configure:14241: result: yes
configure:14259: checking for values.h
configure:14266: result: yes
configure:14170: checking for stdint.h
configure:14175: result: yes
configure:14179: checking sched.h usability
configure:14188: gcc -c -g -O2 -Wall  conftest.c >&5
configure:14191: $? = 0
configure:14194: test -s conftest.o
configure:14197: $? = 0
configure:14206: result: yes
configure:14210: checking sched.h presence
configure:14217: gcc -E  conftest.c
configure:14223: $? = 0
configure:14241: result: yes
configure:14259: checking for sched.h
configure:14266: result: yes
configure:14294: checking langinfo.h usability
configure:14303: gcc -c -g -O2 -Wall  conftest.c >&5
configure:14306: $? = 0
configure:14309: test -s conftest.o
configure:14312: $? = 0
configure:14321: result: yes
configure:14325: checking langinfo.h presence
configure:14332: gcc -E  conftest.c
configure:14338: $? = 0
configure:14356: result: yes
configure:14374: checking for langinfo.h
configure:14381: result: yes
configure:14397: checking for nl_langinfo
configure:14440: gcc -o conftest -g -O2 -Wall   conftest.c   >&5
configure:14443: $? = 0
configure:14446: test -s conftest
configure:14449: $? = 0
configure:14459: result: yes
configure:14469: checking for nl_langinfo and CODESET
configure:14493: gcc -o conftest -g -O2 -Wall   conftest.c   >&5
configure: In function 'main':
configure:14486: warning: unused variable 'cs'
configure:14496: $? = 0
configure:14499: test -s conftest
configure:14502: $? = 0
configure:14513: result: yes
configure:14523: checking whether we are using the GNU C Library 2.1 or newer
configure:14549: result: yes
configure:14567: checking stddef.h usability
configure:14576: gcc -c -g -O2 -Wall  conftest.c >&5
configure:14579: $? = 0
configure:14582: test -s conftest.o
configure:14585: $? = 0
configure:14594: result: yes
configure:14598: checking stddef.h presence
configure:14605: gcc -E  conftest.c
configure:14611: $? = 0
configure:14629: result: yes
configure:14647: checking for stddef.h
configure:14654: result: yes
configure:14558: checking for stdlib.h
configure:14563: result: yes
configure:14558: checking for string.h
configure:14563: result: yes
configure:14670: checking for setlocale
configure:14732: result: yes
configure:14742: checking whether make is GNU Make
configure:14749: result: yes
configure:14774: checking size of size_t
configure:14802: gcc -o conftest -g -O2 -Wall   conftest.c   >&5
configure:14802: warning: return type defaults to 'int'
configure:14805: $? = 0
configure:14807: ./conftest
configure:14810: $? = 0
configure:14822: result: 4
configure:14829: checking size of ptrdiff_t
configure:14857: gcc -o conftest -g -O2 -Wall   conftest.c   >&5
configure:14857: warning: return type defaults to 'int'
configure:14860: $? = 0
configure:14862: ./conftest
configure:14865: $? = 0
configure:14877: result: 4
configure:14884: checking size of intmax_t
configure:14912: gcc -o conftest -g -O2 -Wall   conftest.c   >&5
configure:14912: warning: return type defaults to 'int'
configure:14915: $? = 0
configure:14917: ./conftest
configure:14920: $? = 0
configure:14932: result: 8
configure:14944: checking for lstat
configure:14987: gcc -o conftest -g -O2 -Wall   conftest.c   >&5
configure:14990: $? = 0
configure:14993: test -s conftest
configure:14996: $? = 0
configure:15006: result: yes
configure:14944: checking for strerror
configure:14987: gcc -o conftest -g -O2 -Wall   conftest.c   >&5
configure:14990: $? = 0
configure:14993: test -s conftest
configure:14996: $? = 0
configure:15006: result: yes
configure:14944: checking for strsignal
configure:14987: gcc -o conftest -g -O2 -Wall   conftest.c   >&5
configure:14990: $? = 0
configure:14993: test -s conftest
configure:14996: $? = 0
configure:15006: result: yes
configure:14944: checking for memmove
configure:14987: gcc -o conftest -g -O2 -Wall   conftest.c   >&5
configure:14960: warning: conflicting types for built-in function 'memmove'
configure:14990: $? = 0
configure:14993: test -s conftest
configure:14996: $? = 0
configure:15006: result: yes
configure:14944: checking for mkstemp
configure:14987: gcc -o conftest -g -O2 -Wall   conftest.c   >&5
configure:14990: $? = 0
configure:14993: test -s conftest
configure:14996: $? = 0
configure:15006: result: yes
configure:14944: checking for vsnprintf
configure:14987: gcc -o conftest -g -O2 -Wall   conftest.c   >&5
configure:14960: warning: conflicting types for built-in function 'vsnprintf'
configure:14990: $? = 0
configure:14993: test -s conftest
configure:14996: $? = 0
configure:15006: result: yes
configure:14944: checking for stpcpy
configure:14987: gcc -o conftest -g -O2 -Wall   conftest.c   >&5
configure:14960: warning: conflicting types for built-in function 'stpcpy'
configure:14990: $? = 0
configure:14993: test -s conftest
configure:14996: $? = 0
configure:15006: result: yes
configure:14944: checking for strcasecmp
configure:15006: result: yes
configure:14944: checking for strncasecmp
configure:14987: gcc -o conftest -g -O2 -Wall   conftest.c   >&5
configure:14960: warning: conflicting types for built-in function 'strncasecmp'
configure:14990: $? = 0
configure:14993: test -s conftest
configure:14996: $? = 0
configure:15006: result: yes
configure:14944: checking for poll
configure:14987: gcc -o conftest -g -O2 -Wall   conftest.c   >&5
configure:14990: $? = 0
configure:14993: test -s conftest
configure:14996: $? = 0
configure:15006: result: yes
configure:14944: checking for getcwd
configure:15006: result: yes
configure:14944: checking for nanosleep
configure:14987: gcc -o conftest -g -O2 -Wall   conftest.c   >&5
configure:14990: $? = 0
configure:14993: test -s conftest
configure:14996: $? = 0
configure:15006: result: yes
configure:14944: checking for vasprintf
configure:14987: gcc -o conftest -g -O2 -Wall   conftest.c   >&5
configure:14990: $? = 0
configure:14993: test -s conftest
configure:14996: $? = 0
configure:15006: result: yes
configure:14944: checking for unsetenv
configure:14987: gcc -o conftest -g -O2 -Wall   conftest.c   >&5
configure:14990: $? = 0
configure:14993: test -s conftest
configure:14996: $? = 0
configure:15006: result: yes
configure:15016: checking for C99 vsnprintf
configure:15055: gcc -o conftest -g -O2 -Wall   conftest.c   >&5
configure: In function 'doit':
configure:15041: warning: implicit declaration of function 'exit'
configure:15041: warning: incompatible implicit declaration of built-in function 'exit'
configure: In function 'main':
configure:15050: warning: incompatible implicit declaration of built-in function 'exit'
configure:15058: $? = 0
configure:15060: ./conftest
configure:15063: $? = 0
configure:15075: result: yes
configure:15151: checking for sys_errlist
configure:15176: gcc -o conftest -g -O2 -Wall   conftest.c   >&5
/tmp/ccyIc7gc.o: In function `main':
/install/moto/glib-2.0.0/configure:15168: warning: `sys_errlist' is deprecated; use `strerror' or `strerror_r' instead
/install/moto/glib-2.0.0/configure:15168: warning: `sys_nerr' is deprecated; use `strerror' or `strerror_r' instead
configure:15179: $? = 0
configure:15182: test -s conftest
configure:15185: $? = 0
configure:15194: result: yes
configure:15205: checking for sys_siglist
configure:15229: gcc -o conftest -g -O2 -Wall   conftest.c   >&5
configure: In function 'main':
configure:15221: warning: implicit declaration of function 'exit'
configure:15221: warning: incompatible implicit declaration of built-in function 'exit'
configure:15221: warning: passing argument 1 of 'exit' makes integer from pointer without a cast
configure:15232: $? = 0
configure:15235: test -s conftest
configure:15238: $? = 0
configure:15247: result: yes
configure:15258: checking for sys_siglist declaration
configure:15281: gcc -c -g -O2 -Wall  conftest.c >&5
configure: In function 'main':
configure:15273: warning: implicit declaration of function 'strlen'
configure:15273: warning: incompatible implicit declaration of built-in function 'strlen'
configure:15273: warning: statement with no effect
configure:15284: $? = 0
configure:15287: test -s conftest.o
configure:15290: $? = 0
configure:15299: result: yes
configure:15310: checking for fd_set
configure:15331: gcc -c -g -O2 -Wall  conftest.c >&5
configure: In function 'main':
configure:15324: warning: unused variable 'writeMask'
configure:15324: warning: unused variable 'readMask'
configure:15334: $? = 0
configure:15337: test -s conftest.o
configure:15340: $? = 0
configure:15350: result: yes, found in sys/types.h
configure:15385: checking whether realloc (NULL,) will work
configure:15406: gcc -o conftest -g -O2 -Wall   conftest.c   >&5
configure:15409: $? = 0
configure:15411: ./conftest
configure:15414: $? = 0
configure:15427: result: yes
configure:15437: checking for nl_langinfo (CODESET)
configure:15458: gcc -c -g -O2 -Wall  conftest.c >&5
configure: In function 'main':
configure:15451: warning: unused variable 'codeset'
configure:15461: $? = 0
configure:15464: test -s conftest.o
configure:15467: $? = 0
configure:15481: result: yes
configure:15485: checking for strlcpy/strlcat
configure:15511: gcc -o conftest -g -O2 -Wall   conftest.c   >&5
configure: In function 'main':
configure:15502: warning: implicit declaration of function 'strlcpy'
configure:15503: warning: implicit declaration of function 'strlcat'
/tmp/ccSteK7n.o: In function `main':
/install/moto/glib-2.0.0/configure:15502: undefined reference to `strlcpy'
/install/moto/glib-2.0.0/configure:15503: undefined reference to `strlcat'
collect2: ld returned 1 exit status
configure:15514: $? = 1
configure: failed program was:
#line 15488 "configure"
#include "confdefs.h"
#include <stdlib.h>
#include <string.h>
#ifdef F77_DUMMY_MAIN
#  ifdef __cplusplus
     extern "C"
#  endif
   int F77_DUMMY_MAIN() { return 1; }
#endif
int
main ()
{

char *p = malloc(10);
(void) strlcpy(p, "hi", 10);
(void) strlcat(p, "bye", 10);

  ;
  return 0;
}
configure:15529: result: no
configure:15539: checking for an implementation of va_copy()
configure:15569: gcc -o conftest -g -O2 -Wall   conftest.c   >&5
configure: In function 'f':
configure:15559: warning: implicit declaration of function 'exit'
configure:15559: warning: incompatible implicit declaration of built-in function 'exit'
configure:15572: $? = 0
configure:15574: ./conftest
configure:15577: $? = 0
configure:15590: result: yes
configure:15592: checking for an implementation of __va_copy()
configure:15622: gcc -o conftest -g -O2 -Wall   conftest.c   >&5
configure: In function 'f':
configure:15612: warning: implicit declaration of function 'exit'
configure:15612: warning: incompatible implicit declaration of built-in function 'exit'
configure:15625: $? = 0
configure:15627: ./conftest
configure:15630: $? = 0
configure:15643: result: yes
configure:15661: checking whether va_lists can be copied by value
configure:15691: gcc -o conftest -g -O2 -Wall   conftest.c   >&5
configure: In function 'f':
configure:15681: warning: implicit declaration of function 'exit'
configure:15681: warning: incompatible implicit declaration of built-in function 'exit'
configure:15694: $? = 0
configure:15696: ./conftest
configure:15699: $? = 0
configure:15712: result: yes
configure:15736: checking for dlopen
configure:15779: gcc -o conftest -g -O2 -Wall   conftest.c   >&5
/tmp/ccwWuJH6.o: In function `main':
/install/moto/glib-2.0.0/configure:15770: undefined reference to `dlopen'
collect2: ld returned 1 exit status
configure:15782: $? = 1
configure: failed program was:
#line 15742 "configure"
#include "confdefs.h"
/* System header to define __stub macros and hopefully few prototypes,
    which can conflict with char dlopen (); below.  */
#include <assert.h>
/* Override any gcc2 internal prototype to avoid an error.  */
#ifdef __cplusplus
extern "C"
#endif
/* We use char because int might match the return type of a gcc2
   builtin and then its argument prototype would still apply.  */
char dlopen ();
char (*f) ();

#ifdef F77_DUMMY_MAIN
#  ifdef __cplusplus
     extern "C"
#  endif
   int F77_DUMMY_MAIN() { return 1; }
#endif
int
main ()
{
/* The GNU C library defines this for functions which it implements
    to always fail with ENOSYS.  Some functions are actually named
    something starting with __ and the normal name is an alias.  */
#if defined (__stub_dlopen) || defined (__stub___dlopen)
choke me
#else
f = dlopen;
#endif

  ;
  return 0;
}
configure:15798: result: no
configure:15937: checking for dlopen in -ldl
configure:15970: gcc -o conftest -g -O2 -Wall   conftest.c -ldl    >&5
configure:15973: $? = 0
configure:15976: test -s conftest
configure:15979: $? = 0
configure:15990: result: yes
configure:15993: checking for dlsym in -ldl
configure:16026: gcc -o conftest -g -O2 -Wall   conftest.c -ldl    >&5
configure:16029: $? = 0
configure:16032: test -s conftest
configure:16035: $? = 0
configure:16046: result: yes
configure:16194: checking for RTLD_GLOBAL brokenness
configure:16227: gcc -o conftest -g -O2 -Wall   -Wl,--export-dynamic conftest.c   -ldl >&5
configure:16230: $? = 0
configure:16232: ./conftest
configure:16235: $? = 0
configure:16249: result: no
configure:16256: checking for preceeding underscore in symbols
configure:16283: gcc -o conftest -g -O2 -Wall   -Wl,--export-dynamic conftest.c   -ldl >&5
configure:16286: $? = 0
configure:16288: ./conftest
configure:16291: $? = 1
configure: program exited with status 1
configure: failed program was:
#line 16268 "configure"
#include "confdefs.h"

		#include <dlfcn.h>
                int glib_underscore_test (void) { return 42; }
		int main() {
		  void *f1 = (void*)0, *f2 = (void*)0, *handle;
		  handle = dlopen ((void*)0, 0);
		  if (handle) {
		    f1 = dlsym (handle, "glib_underscore_test");
		    f2 = dlsym (handle, "_glib_underscore_test");
		  } return (!f2 || f1);
		}
configure:16305: result: no
configure:16314: checking for dlerror
configure:16357: gcc -o conftest -g -O2 -Wall   conftest.c   -ldl >&5
configure:16360: $? = 0
configure:16363: test -s conftest
configure:16366: $? = 0
configure:16376: result: yes
configure:16393: checking for the suffix of shared libraries
configure:16406: result: .so
configure:16409: checking for gspawn implementation
configure:16419: result: gspawn.lo
configure:16422: checking for GIOChannel implementation
configure:16432: result: giounix.lo
configure:16435: checking for platform-dependent source
configure:16445: result: 
configure:16448: checking whether to compile timeloop
configure:16458: result: yes
configure:16469: checking if building for some Win32 platform
configure:16479: result: no
configure:16634: gcc -c -g -O2 -Wall  -D_POSIX4_DRAFT_SOURCE -D_POSIX4A_DRAFT10_SOURCE -U_OSF_SOURCE conftest.c >&5
configure:16637: $? = 0
configure:16640: test -s conftest.o
configure:16643: $? = 0
configure:16703: checking for thread implementation
configure:16712: result: posix
configure:16827: checking thread related cflags
configure:16829: result: -D_REENTRANT
configure:16871: checking for pthread_create/pthread_join
configure:16893: gcc -o conftest -g -O2 -Wall -D_REENTRANT  -D_POSIX4_DRAFT_SOURCE -D_POSIX4A_DRAFT10_SOURCE -U_OSF_SOURCE  conftest.c    >&5
configure:16884: warning: return type defaults to 'int'
configure: In function 'main':
configure:16888: warning: implicit declaration of function 'exit'
configure:16888: warning: incompatible implicit declaration of built-in function 'exit'
configure: In function 'func':
configure:16882: warning: control reaches end of non-void function
/tmp/ccutx4Es.o: In function `main':
/install/moto/glib-2.0.0/configure:16886: undefined reference to `pthread_create'
/install/moto/glib-2.0.0/configure:16887: undefined reference to `pthread_join'
collect2: ld returned 1 exit status
configure:16896: $? = 1
configure: program exited with status 1
configure: failed program was:
#line 16879 "configure"
#include "confdefs.h"
#include <pthread.h>
				int check_me = 0;
				void* func(void* data) {check_me = 42;}
                                main()
				{ pthread_t t;
				  void *ret;
				  pthread_create (&t, 0, func, 0);
				  pthread_join (t, &ret);
				  exit (check_me != 42);
				}
configure:16911: result: no
configure:16871: checking for pthread_create/pthread_join in -lpthread
configure:16893: gcc -o conftest -g -O2 -Wall -D_REENTRANT  -D_POSIX4_DRAFT_SOURCE -D_POSIX4A_DRAFT10_SOURCE -U_OSF_SOURCE  conftest.c   -lpthread >&5
configure:16884: warning: return type defaults to 'int'
configure: In function 'main':
configure:16888: warning: implicit declaration of function 'exit'
configure:16888: warning: incompatible implicit declaration of built-in function 'exit'
configure: In function 'func':
configure:16882: warning: control reaches end of non-void function
configure:16896: $? = 0
configure:16898: ./conftest
configure:16901: $? = 0
configure:16903: result: yes
configure:16934: checking for sched_get_priority_min
configure:16952: gcc -o conftest -g -O2 -Wall -D_REENTRANT  -D_POSIX4_DRAFT_SOURCE -D_POSIX4A_DRAFT10_SOURCE -U_OSF_SOURCE  conftest.c    >&5
configure:16955: $? = 0
configure:16957: ./conftest
configure:16960: $? = 0
configure:16962: result: yes
configure:17087: checking thread related libraries
configure:17089: result: -lpthread 
configure:17101: checking for localtime_r
configure:17144: gcc -o conftest -g -O2 -Wall -D_REENTRANT   conftest.c   >&5
configure:17147: $? = 0
configure:17150: test -s conftest
configure:17153: $? = 0
configure:17163: result: yes
configure:17174: checking for posix getpwuid_r
configure:17199: gcc -o conftest -g -O2 -Wall -D_REENTRANT   conftest.c   >&5
configure:17202: $? = 0
configure:17204: ./conftest
configure:17207: $? = 0
configure:17219: result: yes
configure:17289: checking size of pthread_t
configure:17317: gcc -o conftest -g -O2 -Wall -D_REENTRANT  -D_POSIX4_DRAFT_SOURCE -D_POSIX4A_DRAFT10_SOURCE -U_OSF_SOURCE  conftest.c   -lpthread  >&5
configure:17308: warning: return type defaults to 'int'
configure:17320: $? = 0
configure:17322: ./conftest
configure:17325: $? = 0
configure:17337: result: 4
configure:17346: checking for pthread_attr_setstacksize
configure:17367: gcc -o conftest -g -O2 -Wall -D_REENTRANT  -D_POSIX4_DRAFT_SOURCE -D_POSIX4A_DRAFT10_SOURCE -U_OSF_SOURCE  conftest.c   -lpthread  >&5
configure:17370: $? = 0
configure:17373: test -s conftest
configure:17376: $? = 0
configure:17378: result: yes
configure:17392: checking for minimal/maximal thread priority
configure:17438: result: sched_get_priority_min(SCHED_OTHER)/sched_get_priority_max(SCHED_OTHER)
configure:17451: checking for posix yield function
configure:17474: gcc -o conftest -g -O2 -Wall -D_REENTRANT  -D_POSIX4_DRAFT_SOURCE -D_POSIX4A_DRAFT10_SOURCE -U_OSF_SOURCE  conftest.c   -lpthread  >&5
configure:17477: $? = 0
configure:17480: test -s conftest
configure:17483: $? = 0
configure:17500: result: sched_yield
configure:17511: checking whether to use the PID niceness surrogate for thread priorities
configure:17537: gcc -o conftest -g -O2 -Wall -D_REENTRANT   conftest.c   -lpthread  >&5
configure:17527: warning: return type defaults to 'int'
configure: In function 'main':
configure:17531: warning: implicit declaration of function 'exit'
configure:17531: warning: incompatible implicit declaration of built-in function 'exit'
configure: In function 'func':
configure:17525: warning: control reaches end of non-void function
configure:17540: $? = 0
configure:17542: ./conftest
configure:17545: $? = 1
configure: program exited with status 1
configure: failed program was:
#line 17519 "configure"
#include "confdefs.h"
#include <pthread.h>
			#include <sys/types.h>
			#include <unistd.h>
			pid_t other_pid = 0;

			void* func(void* data) {other_pid = getpid();}
                	main()
			{ pthread_t t;
			  void *ret;
			  pthread_create (&t, 0, func, NULL);
			  pthread_join (t, &ret);
			  exit (getpid()==other_pid ||
				sched_get_priority_min(SCHED_OTHER) != sched_get_priority_max(SCHED_OTHER));
			}
configure:17558: result: no
configure:17761: checking size of pthread_mutex_t
configure:17789: gcc -o conftest -g -O2 -Wall -D_REENTRANT  -D_POSIX4_DRAFT_SOURCE -D_POSIX4A_DRAFT10_SOURCE -U_OSF_SOURCE  conftest.c   -lpthread  >&5
configure:17780: warning: return type defaults to 'int'
configure:17792: $? = 0
configure:17794: ./conftest
configure:17797: $? = 0
configure:17809: result: 24
configure:17816: checking byte contents of PTHREAD_MUTEX_INITIALIZER
configure:17843: gcc -o conftest -g -O2 -Wall -D_REENTRANT  -D_POSIX4_DRAFT_SOURCE -D_POSIX4A_DRAFT10_SOURCE -U_OSF_SOURCE  conftest.c   -lpthread  >&5
configure:17829: warning: return type defaults to 'int'
configure: In function 'main':
configure:17834: warning: implicit declaration of function 'exit'
configure:17834: warning: incompatible implicit declaration of built-in function 'exit'
configure:17846: $? = 0
configure:17848: ./conftest
configure:17851: $? = 0
configure:17863: result: 0,0,0,0,0,0,0,0,0,0,0,0,0,0,0,0,0,0,0,0,0,0,0,0
configure:17889: checking system definitions for POLLIN POLLOUT POLLPRI POLLERR POLLHUP POLLNVAL
configure:17924: gcc -o conftest -g -O2 -Wall -D_REENTRANT   conftest.c   >&5
configure:17927: $? = 0
configure:17929: ./conftest
configure:17932: $? = 0
configure:17934: result: done
configure:17981: checking for iconv_open
configure:18024: gcc -o conftest -g -O2 -Wall -D_REENTRANT   conftest.c   >&5
configure:18027: $? = 0
configure:18030: test -s conftest
configure:18033: $? = 0
configure:18043: result: yes
configure:18391: checking for EILSEQ
configure:18416: gcc -c -g -O2 -Wall -D_REENTRANT  conftest.c >&5
configure: In function 'main':
configure:18408: warning: unused variable 'error'
configure:18419: $? = 0
configure:18422: test -s conftest.o
configure:18425: $? = 0
configure:18434: result: yes
configure:18451: checking for gtkdoc-mkdb
configure:18475: result: false
configure:18510: checking for db2html
configure:18534: result: false
configure:18655: creating ./config.status

## --------------- ##
## Running $as_me. ##
## --------------- ##

This file was extended by config.status, which was
generated by GNU Autoconf 2.52d.  Invocation command line was

  CONFIG_FILES    = 
  CONFIG_HEADERS  = 
  CONFIG_LINKS    = 
  CONFIG_COMMANDS = 
  $ 

on Inferno

config.status:19506: creating glib-2.0.pc
config.status:19506: creating glib-2.0-uninstalled.pc
config.status:19506: creating gmodule-2.0.pc
config.status:19506: creating gmodule-2.0-uninstalled.pc
config.status:19506: creating gthread-2.0.pc
config.status:19506: creating gthread-2.0-uninstalled.pc
config.status:19506: creating gobject-2.0.pc
config.status:19506: creating gobject-2.0-uninstalled.pc
config.status:19506: creating glib.spec
config.status:19506: creating glib-zip
config.status:19506: creating glib-gettextize
config.status:19506: creating Makefile
config.status:19506: creating build/Makefile
config.status:19506: creating build/win32/Makefile
config.status:19506: creating build/win32/dirent/Makefile
config.status:19506: creating glib/Makefile
config.status:19506: creating glib/libcharset/Makefile
config.status:19506: creating gmodule/gmoduleconf.h
config.status:19506: creating gmodule/Makefile
config.status:19506: creating gobject/Makefile
config.status:19506: creating gobject/glib-mkenums
config.status:19506: creating gthread/Makefile
config.status:19506: creating po/Makefile.in
config.status:19506: creating docs/Makefile
config.status:19506: creating docs/reference/Makefile
config.status:19506: creating docs/reference/glib/Makefile
config.status:19506: creating docs/reference/gobject/Makefile
config.status:19506: creating tests/Makefile
config.status:19506: creating m4macros/Makefile
config.status:19598: creating config.h
config.status:19825: executing default-1 commands
config.status:19825: executing default-2 commands
config.status:19825: executing default-3 commands

## ---------------- ##
## Cache variables. ##
## ---------------- ##

ac_cv_build='i686-pc-linux-gnu'
ac_cv_build_alias='i686-pc-linux-gnu'
ac_cv_c_bigendian='no'
ac_cv_c_compiler_gnu='yes'
ac_cv_c_const='yes'
ac_cv_c_inline='inline'
ac_cv_cxx_compiler_gnu='yes'
ac_cv_env_CC_set=''
ac_cv_env_CC_value=''
ac_cv_env_CFLAGS_set=''
ac_cv_env_CFLAGS_value=''
ac_cv_env_CPPFLAGS_set=''
ac_cv_env_CPPFLAGS_value=''
ac_cv_env_CPP_set=''
ac_cv_env_CPP_value=''
ac_cv_env_CXXFLAGS_set=''
ac_cv_env_CXXFLAGS_value=''
ac_cv_env_CXX_set=''
ac_cv_env_CXX_value=''
ac_cv_env_LDFLAGS_set=''
ac_cv_env_LDFLAGS_value=''
ac_cv_env_build_alias_set=''
ac_cv_env_build_alias_value=''
ac_cv_env_host_alias_set=''
ac_cv_env_host_alias_value=''
ac_cv_env_target_alias_set=''
ac_cv_env_target_alias_value=''
ac_cv_func___argz_count='yes'
ac_cv_func___argz_next='yes'
ac_cv_func___argz_stringify='yes'
ac_cv_func__doprnt='no'
ac_cv_func_alloca_works='yes'
ac_cv_func_atexit='yes'
ac_cv_func_bind_textdomain_codeset='yes'
ac_cv_func_dcgettext='yes'
ac_cv_func_dlerror='yes'
ac_cv_func_dlopen='no'
ac_cv_func_getcwd='yes'
ac_cv_func_getpagesize='yes'
ac_cv_func_iconv_open='yes'
ac_cv_func_localtime_r='yes'
ac_cv_func_lstat='yes'
ac_cv_func_memmove='yes'
ac_cv_func_mkstemp='yes'
ac_cv_func_mmap_fixed_mapped='yes'
ac_cv_func_munmap='yes'
ac_cv_func_nanosleep='yes'
ac_cv_func_nl_langinfo='yes'
ac_cv_func_on_exit='yes'
ac_cv_func_poll='yes'
ac_cv_func_posix_getpwuid_r='yes'
ac_cv_func_putenv='yes'
ac_cv_func_setenv='yes'
ac_cv_func_setlocale='yes'
ac_cv_func_stpcpy='yes'
ac_cv_func_strcasecmp='yes'
ac_cv_func_strchr='yes'
ac_cv_func_strdup='yes'
ac_cv_func_strerror='yes'
ac_cv_func_strncasecmp='yes'
ac_cv_func_strsignal='yes'
ac_cv_func_unsetenv='yes'
ac_cv_func_vasprintf='yes'
ac_cv_func_vprintf='yes'
ac_cv_func_vsnprintf='yes'
ac_cv_func_vsnprintf_c99='yes'
ac_cv_gnu_library_2_1='yes'
ac_cv_header_argz_h='yes'
ac_cv_header_dirent_h='yes'
ac_cv_header_dlfcn_h='yes'
ac_cv_header_float_h='yes'
ac_cv_header_inttypes_h='yes'
ac_cv_header_langinfo_h='yes'
ac_cv_header_libintl_h='yes'
ac_cv_header_limits_h='yes'
ac_cv_header_locale_h='yes'
ac_cv_header_malloc_h='yes'
ac_cv_header_memory_h='yes'
ac_cv_header_nl_types_h='yes'
ac_cv_header_pwd_h='yes'
ac_cv_header_sched_h='yes'
ac_cv_header_stdc='yes'
ac_cv_header_stddef_h='yes'
ac_cv_header_stdint_h='yes'
ac_cv_header_stdlib_h='yes'
ac_cv_header_string_h='yes'
ac_cv_header_strings_h='yes'
ac_cv_header_sys_param_h='yes'
ac_cv_header_sys_poll_h='yes'
ac_cv_header_sys_select_h='yes'
ac_cv_header_sys_stat_h='yes'
ac_cv_header_sys_time_h='yes'
ac_cv_header_sys_times_h='yes'
ac_cv_header_sys_types_h='yes'
ac_cv_header_unistd_h='yes'
ac_cv_header_values_h='yes'
ac_cv_host='i686-pc-linux-gnu'
ac_cv_host_alias='i686-pc-linux-gnu'
ac_cv_lib_dl_dlopen='yes'
ac_cv_lib_dl_dlsym='yes'
ac_cv_objext='o'
ac_cv_path_GMSGFMT='/usr/bin/msgfmt'
ac_cv_path_MSGFMT='/usr/bin/msgfmt'
ac_cv_path_PERL_PATH='/usr/bin/perl'
ac_cv_path_PKG_CONFIG='/usr/bin/pkg-config'
ac_cv_path_XGETTEXT='/usr/bin/xgettext'
ac_cv_path_install='/usr/bin/install -c'
ac_cv_prog_AWK='mawk'
ac_cv_prog_CPP='gcc -E'
ac_cv_prog_CXX='c++'
ac_cv_prog_DB2HTML='false'
ac_cv_prog_GTKDOC='false'
ac_cv_prog_PERL='perl'
ac_cv_prog_ac_ct_CC='gcc'
ac_cv_prog_ac_ct_RANLIB='ranlib'
ac_cv_prog_ac_ct_STRIP='strip'
ac_cv_prog_cc_g='yes'
ac_cv_prog_cc_stdc=''
ac_cv_prog_cxx_g='yes'
ac_cv_prog_make_make_set='yes'
ac_cv_sizeof___int64='0'
ac_cv_sizeof_char='1'
ac_cv_sizeof_int='4'
ac_cv_sizeof_long='4'
ac_cv_sizeof_long_long='8'
ac_cv_sizeof_short='2'
ac_cv_sizeof_void_p='4'
ac_cv_sys_file_offset_bits='64'
ac_cv_sys_large_files='no'
ac_cv_sys_largefile_CC='no'
ac_cv_type___int64='no'
ac_cv_type_char='yes'
ac_cv_type_int='yes'
ac_cv_type_long='yes'
ac_cv_type_long_long='yes'
ac_cv_type_off_t='yes'
ac_cv_type_short='yes'
ac_cv_type_size_t='yes'
ac_cv_type_void_p='yes'
ac_cv_working_alloca_h='yes'
am_cv_prog_cc_stdc=''
am_cv_val_LC_MESSAGES='yes'
glib_cv___va_copy='yes'
glib_cv_byte_contents_gmutex='0,0,0,0,0,0,0,0,0,0,0,0,0,0,0,0,0,0,0,0,0,0,0,0'
glib_cv_has__inline='yes'
glib_cv_has__inline__='yes'
glib_cv_hasinline='yes'
glib_cv_long_long_format='ll'
glib_cv_rtldglobal_broken='no'
glib_cv_sane_realloc='yes'
glib_cv_sizeof_gmutex='24'
glib_cv_sizeof_intmax_t='8'
glib_cv_sizeof_ptrdiff_t='4'
glib_cv_sizeof_size_t='4'
glib_cv_sizeof_system_thread='4'
glib_cv_stack_grows='no'
glib_cv_uscore='no'
glib_cv_va_copy='yes'
glib_cv_va_val_copy='yes'
gt_cv_func_dgettext_libc='yes'
jm_cv_langinfo_codeset='yes'
lt_cv_archive_cmds_need_lc='no'
lt_cv_compiler_c_o='yes'
lt_cv_compiler_o_lo='no'
lt_cv_deplibs_check_method='pass_all'
lt_cv_file_magic_cmd='$MAGIC_CMD'
lt_cv_file_magic_test_file='/lib/libc.so.6 /lib/libc-2.7.so'
lt_cv_global_symbol_to_cdecl='sed -n -e '"'"'s/^. .* \(.*\)$/extern char \1;/p'"'"
lt_cv_ld_reload_flag='-r'
lt_cv_path_LD='/usr/bin/ld'
lt_cv_path_NM='/usr/bin/nm -B'
lt_cv_prog_cc_can_build_shared='yes'
lt_cv_prog_cc_no_builtin=''
lt_cv_prog_cc_pic=' -fPIC'
lt_cv_prog_cc_pic_works='yes'
lt_cv_prog_cc_shlib=''
lt_cv_prog_cc_static='-static'
lt_cv_prog_cc_static_works='yes'
lt_cv_prog_cc_wl='-Wl,'
lt_cv_prog_gnu_ld='yes'
lt_cv_sys_global_symbol_pipe='sed -n -e '"'"'s/^.*[ 	]\([ABCDGISTW][ABCDGISTW]*\)[ 	][ 	]*\(\)\([_A-Za-z][_A-Za-z0-9]*\)$/\1 \2\3 \3/p'"'"
lt_cv_sys_path_separator=':'
nls_cv_force_use_gnu_gettext='no'
nls_cv_header_intl=''
nls_cv_header_libgt=''
nls_cv_use_gnu_gettext='no'

## ----------- ##
## confdefs.h. ##
## ----------- ##

#define GLIB_MAJOR_VERSION 2
#define GLIB_MINOR_VERSION 0
#define GLIB_MICRO_VERSION 0
#define GLIB_INTERFACE_AGE 0
#define GLIB_BINARY_AGE 0
#define G_COMPILED_WITH_DEBUGGING "minimum"
#ifdef __cplusplus
#include <stdlib.h>
#endif
#define _FILE_OFFSET_BITS 64
#define STDC_HEADERS 1
#define HAVE_SYS_TYPES_H 1
#define HAVE_SYS_STAT_H 1
#define HAVE_STDLIB_H 1
#define HAVE_STRING_H 1
#define HAVE_MEMORY_H 1
#define HAVE_STRINGS_H 1
#define HAVE_INTTYPES_H 1
#define HAVE_STDINT_H 1
#define HAVE_UNISTD_H 1
#define HAVE_ALLOCA_H 1
#define HAVE_ALLOCA 1
#define HAVE_STDLIB_H 1
#define HAVE_UNISTD_H 1
#define HAVE_GETPAGESIZE 1
#define HAVE_MMAP 1
#define HAVE_ARGZ_H 1
#define HAVE_LIMITS_H 1
#define HAVE_LOCALE_H 1
#define HAVE_NL_TYPES_H 1
#define HAVE_MALLOC_H 1
#define HAVE_STRING_H 1
#define HAVE_UNISTD_H 1
#define HAVE_SYS_PARAM_H 1
#define HAVE_GETCWD 1
#define HAVE_MUNMAP 1
#define HAVE_PUTENV 1
#define HAVE_SETENV 1
#define HAVE_SETLOCALE 1
#define HAVE_STRCHR 1
#define HAVE_STRCASECMP 1
#define HAVE_STRDUP 1
#define HAVE___ARGZ_COUNT 1
#define HAVE___ARGZ_STRINGIFY 1
#define HAVE___ARGZ_NEXT 1
#define HAVE_LC_MESSAGES 1
#define HAVE_GETTEXT 1
#define HAVE_DCGETTEXT 1
#define ENABLE_NLS 1
#define GETTEXT_PACKAGE "glib20"
#define GLIB_LOCALE_DIR "NONE/share/locale"
#define HAVE_BIND_TEXTDOMAIN_CODESET 1
#define HAVE_DLFCN_H 1
#define STDC_HEADERS 1
#define HAVE_VPRINTF 1
#define HAVE_ALLOCA_H 1
#define HAVE_ALLOCA 1
#define HAVE_ATEXIT 1
#define HAVE_ON_EXIT 1
#define SIZEOF_CHAR 1
#define SIZEOF_SHORT 2
#define SIZEOF_LONG 4
#define SIZEOF_INT 4
#define SIZEOF_VOID_P 4
#define SIZEOF_LONG_LONG 8
#define SIZEOF___INT64 0
#define SANE_MALLOC_PROTOS 1
#define G_HAVE___INLINE 1
#define G_HAVE___INLINE__ 1
#define G_HAVE_INLINE 1
#define HAVE_DIRENT_H 1
#define HAVE_FLOAT_H 1
#define HAVE_LIMITS_H 1
#define HAVE_PWD_H 1
#define HAVE_SYS_PARAM_H 1
#define HAVE_SYS_POLL_H 1
#define HAVE_SYS_SELECT_H 1
#define HAVE_SYS_TIME_H 1
#define HAVE_SYS_TIMES_H 1
#define HAVE_UNISTD_H 1
#define HAVE_VALUES_H 1
#define HAVE_STDINT_H 1
#define HAVE_SCHED_H 1
#define HAVE_LANGINFO_H 1
#define HAVE_NL_LANGINFO 1
#define HAVE_LANGINFO_CODESET 1
#define HAVE_STDDEF_H 1
#define HAVE_STDLIB_H 1
#define HAVE_STRING_H 1
#define HAVE_SETLOCALE 1
#define GLIB_SIZEOF_SIZE_T 4
#define GLIB_SIZEOF_PTRDIFF_T 4
#define GLIB_SIZEOF_INTMAX_T 8
#define HAVE_LSTAT 1
#define HAVE_STRERROR 1
#define HAVE_STRSIGNAL 1
#define HAVE_MEMMOVE 1
#define HAVE_MKSTEMP 1
#define HAVE_VSNPRINTF 1
#define HAVE_STPCPY 1
#define HAVE_STRCASECMP 1
#define HAVE_STRNCASECMP 1
#define HAVE_POLL 1
#define HAVE_GETCWD 1
#define HAVE_NANOSLEEP 1
#define HAVE_VASPRINTF 1
#define HAVE_UNSETENV 1
#define HAVE_C99_VSNPRINTF 1
#define REALLOC_0_WORKS 1
#define HAVE_CODESET 1
#define G_VA_COPY va_copy
#define HAVE_LOCALTIME_R 1
#define HAVE_POSIX_GETPWUID_R 1
#define GLIB_SIZEOF_SYSTEM_THREAD 4
#define HAVE_PTHREAD_ATTR_SETSTACKSIZE 1
#define POSIX_MIN_PRIORITY sched_get_priority_min(SCHED_OTHER)
#define POSIX_MAX_PRIORITY sched_get_priority_max(SCHED_OTHER)
#define POSIX_YIELD_FUNC sched_yield()
#define G_THREAD_SOURCE "gthread-posix.c"
#define GLIB_SIZEOF_GMUTEX 24
#define GLIB_BYTE_CONTENTS_GMUTEX 0,0,0,0,0,0,0,0,0,0,0,0,0,0,0,0,0,0,0,0,0,0,0,0

configure: exit 0
