This file contains any messages produced by compilers while
running configure, to aid debugging if configure makes a mistake.

It was created by dosbox configure 0.73, which was
generated by GNU Autoconf 2.61.  Invocation command line was

  $ ./configure --host=arm-linux --enable-dynamic-core --disable-dynamic-x86 --enable-fpu --disable-fpu-x86 --disable-sdltest CXXFLAGS=-Os

## --------- ##
## Platform. ##
## --------- ##

hostname = hellmachine
uname -m = i686
uname -r = 2.6.30-020630-generic
uname -s = Linux
uname -v = #020630 SMP Wed Jun 10 09:45:40 UTC 2009

/usr/bin/uname -p = unknown
/bin/uname -X     = unknown

/bin/arch              = unknown
/usr/bin/arch -k       = unknown
/usr/convex/getsysinfo = unknown
/usr/bin/hostinfo      = unknown
/bin/machine           = unknown
/usr/bin/oslevel       = unknown
/bin/universe          = unknown

PATH: /arm-eabi/arm-linux-gnueabi/bin
PATH: /usr/local/sbin
PATH: /usr/local/bin
PATH: /usr/sbin
PATH: /usr/bin
PATH: /sbin
PATH: /bin
PATH: /usr/games


## ----------- ##
## Core tests. ##
## ----------- ##

configure:1822: checking build system type
configure:1840: result: i686-pc-linux-gnu
configure:1862: checking host system type
configure:1877: result: arm-unknown-linux-gnu
configure:1899: checking target system type
configure:1914: result: arm-unknown-linux-gnu
configure:1958: checking for a BSD-compatible install
configure:2014: result: /usr/bin/install -c
configure:2025: checking whether build environment is sane
configure:2068: result: yes
configure:2096: checking for a thread-safe mkdir -p
configure:2135: result: /bin/mkdir -p
configure:2148: checking for gawk
configure:2164: found /usr/bin/gawk
configure:2175: result: gawk
configure:2186: checking whether make sets $(MAKE)
configure:2207: result: yes
configure:2287: checking for arm-linux-strip
configure:2317: result: no
configure:2327: checking for strip
configure:2343: found /arm-eabi/arm-linux-gnueabi/bin/strip
configure:2354: result: strip
configure:2398: checking whether make sets $(MAKE)
configure:2419: result: yes
configure:2436: checking for arm-linux-gcc
configure:2452: found /arm-eabi/arm-linux-gnueabi/bin/arm-linux-gcc
configure:2463: result: arm-linux-gcc
configure:2741: checking for C compiler version
configure:2748: arm-linux-gcc --version >&5
arm-linux-gcc (GCC) 3.4.3 (MontaVista 3.4.3-25.0.96.%{_mvl_build_id} 2007-11-17)
Copyright (C) 2004 Free Software Foundation, Inc.
This is free software; see the source for copying conditions.  There is NO
warranty; not even for MERCHANTABILITY or FITNESS FOR A PARTICULAR PURPOSE.

configure:2751: $? = 0
configure:2758: arm-linux-gcc -v >&5
Reading specs from /arm-eabi/lib/gcc/arm-linux-gnueabi/3.4.3/specs
Configured with: ./configure --target=arm-linux-gnueabi --prefix=/arm-eabi --enable-__cxa_atexit --enable-shared --enable-languages=c,c++ --enable-threads=posix --disable-multilib --with-float=softfp --with-arch=armv6 : (reconfigured) ./configure --target=arm-linux-gnueabi --prefix=/arm-eabi --enable-__cxa_atexit --enable-shared --enable-languages=c,c++ --enable-threads=posix --disable-multilib --with-float=softfp --with-arch=armv6
Thread model: posix
gcc version 3.4.3 (MontaVista 3.4.3-25.0.96.%{_mvl_build_id} 2007-11-17)
configure:2761: $? = 0
configure:2768: arm-linux-gcc -V >&5
arm-linux-gcc: `-V' option must have argument
configure:2771: $? = 1
configure:2794: checking for C compiler default output file name
configure:2821: arm-linux-gcc    conftest.c  >&5
configure:2824: $? = 0
configure:2862: result: a.out
configure:2879: checking whether the C compiler works
configure:2889: ./a.out
./configure: line 2890: ./a.out: cannot execute binary file
configure:2892: $? = 126
configure:2909: result: yes
configure:2916: checking whether we are cross compiling
configure:2918: result: yes
configure:2921: checking for suffix of executables
configure:2928: arm-linux-gcc -o conftest    conftest.c  >&5
configure:2931: $? = 0
configure:2955: result: 
configure:2961: checking for suffix of object files
configure:2987: arm-linux-gcc -c   conftest.c >&5
configure:2990: $? = 0
configure:3013: result: o
configure:3017: checking whether we are using the GNU C compiler
configure:3046: arm-linux-gcc -c   conftest.c >&5
configure:3052: $? = 0
configure:3069: result: yes
configure:3074: checking whether arm-linux-gcc accepts -g
configure:3104: arm-linux-gcc -c -g  conftest.c >&5
configure:3110: $? = 0
configure:3209: result: yes
configure:3226: checking for arm-linux-gcc option to accept ISO C89
configure:3300: arm-linux-gcc  -c -g -O2  conftest.c >&5
configure:3306: $? = 0
configure:3329: result: none needed
configure:3358: checking for style of include used by make
configure:3386: result: GNU
configure:3411: checking dependency style of arm-linux-gcc
configure:3502: result: gcc3
configure:3522: checking how to run the C preprocessor
configure:3562: arm-linux-gcc -E  conftest.c
configure:3568: $? = 0
configure:3599: arm-linux-gcc -E  conftest.c
conftest.c:10:28: ac_nonexistent.h: No such file or directory
configure:3605: $? = 1
configure: failed program was:
| /* confdefs.h.  */
| #define PACKAGE_NAME "dosbox"
| #define PACKAGE_TARNAME "dosbox"
| #define PACKAGE_VERSION "0.73"
| #define PACKAGE_STRING "dosbox 0.73"
| #define PACKAGE_BUGREPORT ""
| #define PACKAGE "dosbox"
| #define VERSION "0.73"
| /* end confdefs.h.  */
| #include <ac_nonexistent.h>
configure:3638: result: arm-linux-gcc -E
configure:3667: arm-linux-gcc -E  conftest.c
configure:3673: $? = 0
configure:3704: arm-linux-gcc -E  conftest.c
conftest.c:10:28: ac_nonexistent.h: No such file or directory
configure:3710: $? = 1
configure: failed program was:
| /* confdefs.h.  */
| #define PACKAGE_NAME "dosbox"
| #define PACKAGE_TARNAME "dosbox"
| #define PACKAGE_VERSION "0.73"
| #define PACKAGE_STRING "dosbox 0.73"
| #define PACKAGE_BUGREPORT ""
| #define PACKAGE "dosbox"
| #define VERSION "0.73"
| /* end confdefs.h.  */
| #include <ac_nonexistent.h>
configure:3761: checking for arm-linux-g++
configure:3777: found /arm-eabi/arm-linux-gnueabi/bin/arm-linux-g++
configure:3788: result: arm-linux-g++
configure:3863: checking for C++ compiler version
configure:3870: arm-linux-g++ --version >&5
arm-linux-g++ (GCC) 3.4.3 (MontaVista 3.4.3-25.0.96.%{_mvl_build_id} 2007-11-17)
Copyright (C) 2004 Free Software Foundation, Inc.
This is free software; see the source for copying conditions.  There is NO
warranty; not even for MERCHANTABILITY or FITNESS FOR A PARTICULAR PURPOSE.

configure:3873: $? = 0
configure:3880: arm-linux-g++ -v >&5
Reading specs from /arm-eabi/lib/gcc/arm-linux-gnueabi/3.4.3/specs
Configured with: ./configure --target=arm-linux-gnueabi --prefix=/arm-eabi --enable-__cxa_atexit --enable-shared --enable-languages=c,c++ --enable-threads=posix --disable-multilib --with-float=softfp --with-arch=armv6 : (reconfigured) ./configure --target=arm-linux-gnueabi --prefix=/arm-eabi --enable-__cxa_atexit --enable-shared --enable-languages=c,c++ --enable-threads=posix --disable-multilib --with-float=softfp --with-arch=armv6
Thread model: posix
gcc version 3.4.3 (MontaVista 3.4.3-25.0.96.%{_mvl_build_id} 2007-11-17)
configure:3883: $? = 0
configure:3890: arm-linux-g++ -V >&5
arm-linux-g++: `-V' option must have argument
configure:3893: $? = 1
configure:3896: checking whether we are using the GNU C++ compiler
configure:3925: arm-linux-g++ -c -Os  conftest.cpp >&5
configure:3931: $? = 0
configure:3948: result: yes
configure:3953: checking whether arm-linux-g++ accepts -g
configure:3983: arm-linux-g++ -c -g  conftest.cpp >&5
configure:3989: $? = 0
configure:4088: result: yes
configure:4113: checking dependency style of arm-linux-g++
configure:4204: result: gcc3
configure:4232: checking for a BSD-compatible install
configure:4288: result: /usr/bin/install -c
configure:4302: checking for arm-linux-ranlib
configure:4318: found /arm-eabi/arm-linux-gnueabi/bin/arm-linux-ranlib
configure:4329: result: arm-linux-ranlib
configure:4443: checking for sdl-config
configure:4461: found /usr/bin/sdl-config
configure:4474: result: /usr/bin/sdl-config
configure:4483: checking for SDL - version >= 1.2.0
configure:4610: result: yes
configure:4703: checking SDL version only being 1.2.X
configure:4722: arm-linux-gcc -c -g -O2  -I/arm-eabi/SDL/include -D_GNU_SOURCE=1 -DQWS -Dmain=SDL_main -D_REENTRANT conftest.c >&5
configure:4728: $? = 0
configure:4733: result: yes
configure:4750: checking for an ANSI C-conforming const
configure:4825: arm-linux-gcc -c -g -O2  -I/arm-eabi/SDL/include -D_GNU_SOURCE=1 -DQWS -Dmain=SDL_main -D_REENTRANT conftest.c >&5
configure:4831: $? = 0
configure:4846: result: yes
configure:4856: checking for inline
configure:4882: arm-linux-gcc -c -g -O2  -I/arm-eabi/SDL/include -D_GNU_SOURCE=1 -DQWS -Dmain=SDL_main -D_REENTRANT conftest.c >&5
configure:4888: $? = 0
configure:4906: result: inline
configure:4926: checking for grep that handles long lines and -e
configure:5000: result: /bin/grep
configure:5005: checking for egrep
configure:5083: result: /bin/grep -E
configure:5088: checking for ANSI C header files
configure:5118: arm-linux-gcc -c -g -O2  -I/arm-eabi/SDL/include -D_GNU_SOURCE=1 -DQWS -Dmain=SDL_main -D_REENTRANT conftest.c >&5
configure:5124: $? = 0
configure:5252: result: yes
configure:5276: checking for sys/types.h
configure:5297: arm-linux-gcc -c -g -O2  -I/arm-eabi/SDL/include -D_GNU_SOURCE=1 -DQWS -Dmain=SDL_main -D_REENTRANT conftest.c >&5
configure:5303: $? = 0
configure:5319: result: yes
configure:5276: checking for sys/stat.h
configure:5297: arm-linux-gcc -c -g -O2  -I/arm-eabi/SDL/include -D_GNU_SOURCE=1 -DQWS -Dmain=SDL_main -D_REENTRANT conftest.c >&5
configure:5303: $? = 0
configure:5319: result: yes
configure:5276: checking for stdlib.h
configure:5297: arm-linux-gcc -c -g -O2  -I/arm-eabi/SDL/include -D_GNU_SOURCE=1 -DQWS -Dmain=SDL_main -D_REENTRANT conftest.c >&5
configure:5303: $? = 0
configure:5319: result: yes
configure:5276: checking for string.h
configure:5297: arm-linux-gcc -c -g -O2  -I/arm-eabi/SDL/include -D_GNU_SOURCE=1 -DQWS -Dmain=SDL_main -D_REENTRANT conftest.c >&5
configure:5303: $? = 0
configure:5319: result: yes
configure:5276: checking for memory.h
configure:5297: arm-linux-gcc -c -g -O2  -I/arm-eabi/SDL/include -D_GNU_SOURCE=1 -DQWS -Dmain=SDL_main -D_REENTRANT conftest.c >&5
configure:5303: $? = 0
configure:5319: result: yes
configure:5276: checking for strings.h
configure:5297: arm-linux-gcc -c -g -O2  -I/arm-eabi/SDL/include -D_GNU_SOURCE=1 -DQWS -Dmain=SDL_main -D_REENTRANT conftest.c >&5
configure:5303: $? = 0
configure:5319: result: yes
configure:5276: checking for inttypes.h
configure:5297: arm-linux-gcc -c -g -O2  -I/arm-eabi/SDL/include -D_GNU_SOURCE=1 -DQWS -Dmain=SDL_main -D_REENTRANT conftest.c >&5
configure:5303: $? = 0
configure:5319: result: yes
configure:5276: checking for stdint.h
configure:5297: arm-linux-gcc -c -g -O2  -I/arm-eabi/SDL/include -D_GNU_SOURCE=1 -DQWS -Dmain=SDL_main -D_REENTRANT conftest.c >&5
configure:5303: $? = 0
configure:5319: result: yes
configure:5276: checking for unistd.h
configure:5297: arm-linux-gcc -c -g -O2  -I/arm-eabi/SDL/include -D_GNU_SOURCE=1 -DQWS -Dmain=SDL_main -D_REENTRANT conftest.c >&5
configure:5303: $? = 0
configure:5319: result: yes
configure:5331: checking for size_t
configure:5361: arm-linux-gcc -c -g -O2  -I/arm-eabi/SDL/include -D_GNU_SOURCE=1 -DQWS -Dmain=SDL_main -D_REENTRANT conftest.c >&5
configure:5367: $? = 0
configure:5382: result: yes
configure:5394: checking whether struct tm is in sys/time.h or time.h
configure:5424: arm-linux-gcc -c -g -O2  -I/arm-eabi/SDL/include -D_GNU_SOURCE=1 -DQWS -Dmain=SDL_main -D_REENTRANT conftest.c >&5
configure:5430: $? = 0
configure:5445: result: time.h
configure:5455: checking for unsigned char
configure:5485: arm-linux-gcc -c -g -O2  -I/arm-eabi/SDL/include -D_GNU_SOURCE=1 -DQWS -Dmain=SDL_main -D_REENTRANT conftest.c >&5
configure:5491: $? = 0
configure:5506: result: yes
configure:5513: checking size of unsigned char
configure:5544: arm-linux-gcc -c -g -O2  -I/arm-eabi/SDL/include -D_GNU_SOURCE=1 -DQWS -Dmain=SDL_main -D_REENTRANT conftest.c >&5
configure:5550: $? = 0
configure:5581: arm-linux-gcc -c -g -O2  -I/arm-eabi/SDL/include -D_GNU_SOURCE=1 -DQWS -Dmain=SDL_main -D_REENTRANT conftest.c >&5
conftest.c: In function `SDL_main':
conftest.c:57: error: size of array `test_array' is negative
configure:5587: $? = 1
configure: failed program was:
| /* confdefs.h.  */
| #define PACKAGE_NAME "dosbox"
| #define PACKAGE_TARNAME "dosbox"
| #define PACKAGE_VERSION "0.73"
| #define PACKAGE_STRING "dosbox 0.73"
| #define PACKAGE_BUGREPORT ""
| #define PACKAGE "dosbox"
| #define VERSION "0.73"
| #define STDC_HEADERS 1
| #define HAVE_SYS_TYPES_H 1
| #define HAVE_SYS_STAT_H 1
| #define HAVE_STDLIB_H 1
| #define HAVE_STRING_H 1
| #define HAVE_MEMORY_H 1
| #define HAVE_STRINGS_H 1
| #define HAVE_INTTYPES_H 1
| #define HAVE_STDINT_H 1
| #define HAVE_UNISTD_H 1
| /* end confdefs.h.  */
| #include <stdio.h>
| #ifdef HAVE_SYS_TYPES_H
| # include <sys/types.h>
| #endif
| #ifdef HAVE_SYS_STAT_H
| # include <sys/stat.h>
| #endif
| #ifdef STDC_HEADERS
| # include <stdlib.h>
| # include <stddef.h>
| #else
| # ifdef HAVE_STDLIB_H
| #  include <stdlib.h>
| # endif
| #endif
| #ifdef HAVE_STRING_H
| # if !defined STDC_HEADERS && defined HAVE_MEMORY_H
| #  include <memory.h>
| # endif
| # include <string.h>
| #endif
| #ifdef HAVE_STRINGS_H
| # include <strings.h>
| #endif
| #ifdef HAVE_INTTYPES_H
| # include <inttypes.h>
| #endif
| #ifdef HAVE_STDINT_H
| # include <stdint.h>
| #endif
| #ifdef HAVE_UNISTD_H
| # include <unistd.h>
| #endif
|    typedef unsigned char ac__type_sizeof_;
| int
| main ()
| {
| static int test_array [1 - 2 * !(((long int) (sizeof (ac__type_sizeof_))) <= 0)];
| test_array [0] = 0
| 
|   ;
|   return 0;
| }
configure:5581: arm-linux-gcc -c -g -O2  -I/arm-eabi/SDL/include -D_GNU_SOURCE=1 -DQWS -Dmain=SDL_main -D_REENTRANT conftest.c >&5
configure:5587: $? = 0
configure:5850: result: 1
configure:5860: checking for unsigned short
configure:5890: arm-linux-gcc -c -g -O2  -I/arm-eabi/SDL/include -D_GNU_SOURCE=1 -DQWS -Dmain=SDL_main -D_REENTRANT conftest.c >&5
configure:5896: $? = 0
configure:5911: result: yes
configure:5918: checking size of unsigned short
configure:5949: arm-linux-gcc -c -g -O2  -I/arm-eabi/SDL/include -D_GNU_SOURCE=1 -DQWS -Dmain=SDL_main -D_REENTRANT conftest.c >&5
configure:5955: $? = 0
configure:5986: arm-linux-gcc -c -g -O2  -I/arm-eabi/SDL/include -D_GNU_SOURCE=1 -DQWS -Dmain=SDL_main -D_REENTRANT conftest.c >&5
conftest.c: In function `SDL_main':
conftest.c:58: error: size of array `test_array' is negative
configure:5992: $? = 1
configure: failed program was:
| /* confdefs.h.  */
| #define PACKAGE_NAME "dosbox"
| #define PACKAGE_TARNAME "dosbox"
| #define PACKAGE_VERSION "0.73"
| #define PACKAGE_STRING "dosbox 0.73"
| #define PACKAGE_BUGREPORT ""
| #define PACKAGE "dosbox"
| #define VERSION "0.73"
| #define STDC_HEADERS 1
| #define HAVE_SYS_TYPES_H 1
| #define HAVE_SYS_STAT_H 1
| #define HAVE_STDLIB_H 1
| #define HAVE_STRING_H 1
| #define HAVE_MEMORY_H 1
| #define HAVE_STRINGS_H 1
| #define HAVE_INTTYPES_H 1
| #define HAVE_STDINT_H 1
| #define HAVE_UNISTD_H 1
| #define SIZEOF_UNSIGNED_CHAR 1
| /* end confdefs.h.  */
| #include <stdio.h>
| #ifdef HAVE_SYS_TYPES_H
| # include <sys/types.h>
| #endif
| #ifdef HAVE_SYS_STAT_H
| # include <sys/stat.h>
| #endif
| #ifdef STDC_HEADERS
| # include <stdlib.h>
| # include <stddef.h>
| #else
| # ifdef HAVE_STDLIB_H
| #  include <stdlib.h>
| # endif
| #endif
| #ifdef HAVE_STRING_H
| # if !defined STDC_HEADERS && defined HAVE_MEMORY_H
| #  include <memory.h>
| # endif
| # include <string.h>
| #endif
| #ifdef HAVE_STRINGS_H
| # include <strings.h>
| #endif
| #ifdef HAVE_INTTYPES_H
| # include <inttypes.h>
| #endif
| #ifdef HAVE_STDINT_H
| # include <stdint.h>
| #endif
| #ifdef HAVE_UNISTD_H
| # include <unistd.h>
| #endif
|    typedef unsigned short ac__type_sizeof_;
| int
| main ()
| {
| static int test_array [1 - 2 * !(((long int) (sizeof (ac__type_sizeof_))) <= 0)];
| test_array [0] = 0
| 
|   ;
|   return 0;
| }
configure:5986: arm-linux-gcc -c -g -O2  -I/arm-eabi/SDL/include -D_GNU_SOURCE=1 -DQWS -Dmain=SDL_main -D_REENTRANT conftest.c >&5
conftest.c: In function `SDL_main':
conftest.c:58: error: size of array `test_array' is negative
configure:5992: $? = 1
configure: failed program was:
| /* confdefs.h.  */
| #define PACKAGE_NAME "dosbox"
| #define PACKAGE_TARNAME "dosbox"
| #define PACKAGE_VERSION "0.73"
| #define PACKAGE_STRING "dosbox 0.73"
| #define PACKAGE_BUGREPORT ""
| #define PACKAGE "dosbox"
| #define VERSION "0.73"
| #define STDC_HEADERS 1
| #define HAVE_SYS_TYPES_H 1
| #define HAVE_SYS_STAT_H 1
| #define HAVE_STDLIB_H 1
| #define HAVE_STRING_H 1
| #define HAVE_MEMORY_H 1
| #define HAVE_STRINGS_H 1
| #define HAVE_INTTYPES_H 1
| #define HAVE_STDINT_H 1
| #define HAVE_UNISTD_H 1
| #define SIZEOF_UNSIGNED_CHAR 1
| /* end confdefs.h.  */
| #include <stdio.h>
| #ifdef HAVE_SYS_TYPES_H
| # include <sys/types.h>
| #endif
| #ifdef HAVE_SYS_STAT_H
| # include <sys/stat.h>
| #endif
| #ifdef STDC_HEADERS
| # include <stdlib.h>
| # include <stddef.h>
| #else
| # ifdef HAVE_STDLIB_H
| #  include <stdlib.h>
| # endif
| #endif
| #ifdef HAVE_STRING_H
| # if !defined STDC_HEADERS && defined HAVE_MEMORY_H
| #  include <memory.h>
| # endif
| # include <string.h>
| #endif
| #ifdef HAVE_STRINGS_H
| # include <strings.h>
| #endif
| #ifdef HAVE_INTTYPES_H
| # include <inttypes.h>
| #endif
| #ifdef HAVE_STDINT_H
| # include <stdint.h>
| #endif
| #ifdef HAVE_UNISTD_H
| # include <unistd.h>
| #endif
|    typedef unsigned short ac__type_sizeof_;
| int
| main ()
| {
| static int test_array [1 - 2 * !(((long int) (sizeof (ac__type_sizeof_))) <= 1)];
| test_array [0] = 0
| 
|   ;
|   return 0;
| }
configure:5986: arm-linux-gcc -c -g -O2  -I/arm-eabi/SDL/include -D_GNU_SOURCE=1 -DQWS -Dmain=SDL_main -D_REENTRANT conftest.c >&5
configure:5992: $? = 0
configure:6141: arm-linux-gcc -c -g -O2  -I/arm-eabi/SDL/include -D_GNU_SOURCE=1 -DQWS -Dmain=SDL_main -D_REENTRANT conftest.c >&5
configure:6147: $? = 0
configure:6255: result: 2
configure:6265: checking for unsigned int
configure:6295: arm-linux-gcc -c -g -O2  -I/arm-eabi/SDL/include -D_GNU_SOURCE=1 -DQWS -Dmain=SDL_main -D_REENTRANT conftest.c >&5
configure:6301: $? = 0
configure:6316: result: yes
configure:6323: checking size of unsigned int
configure:6354: arm-linux-gcc -c -g -O2  -I/arm-eabi/SDL/include -D_GNU_SOURCE=1 -DQWS -Dmain=SDL_main -D_REENTRANT conftest.c >&5
configure:6360: $? = 0
configure:6391: arm-linux-gcc -c -g -O2  -I/arm-eabi/SDL/include -D_GNU_SOURCE=1 -DQWS -Dmain=SDL_main -D_REENTRANT conftest.c >&5
conftest.c: In function `SDL_main':
conftest.c:59: error: size of array `test_array' is negative
configure:6397: $? = 1
configure: failed program was:
| /* confdefs.h.  */
| #define PACKAGE_NAME "dosbox"
| #define PACKAGE_TARNAME "dosbox"
| #define PACKAGE_VERSION "0.73"
| #define PACKAGE_STRING "dosbox 0.73"
| #define PACKAGE_BUGREPORT ""
| #define PACKAGE "dosbox"
| #define VERSION "0.73"
| #define STDC_HEADERS 1
| #define HAVE_SYS_TYPES_H 1
| #define HAVE_SYS_STAT_H 1
| #define HAVE_STDLIB_H 1
| #define HAVE_STRING_H 1
| #define HAVE_MEMORY_H 1
| #define HAVE_STRINGS_H 1
| #define HAVE_INTTYPES_H 1
| #define HAVE_STDINT_H 1
| #define HAVE_UNISTD_H 1
| #define SIZEOF_UNSIGNED_CHAR 1
| #define SIZEOF_UNSIGNED_SHORT 2
| /* end confdefs.h.  */
| #include <stdio.h>
| #ifdef HAVE_SYS_TYPES_H
| # include <sys/types.h>
| #endif
| #ifdef HAVE_SYS_STAT_H
| # include <sys/stat.h>
| #endif
| #ifdef STDC_HEADERS
| # include <stdlib.h>
| # include <stddef.h>
| #else
| # ifdef HAVE_STDLIB_H
| #  include <stdlib.h>
| # endif
| #endif
| #ifdef HAVE_STRING_H
| # if !defined STDC_HEADERS && defined HAVE_MEMORY_H
| #  include <memory.h>
| # endif
| # include <string.h>
| #endif
| #ifdef HAVE_STRINGS_H
| # include <strings.h>
| #endif
| #ifdef HAVE_INTTYPES_H
| # include <inttypes.h>
| #endif
| #ifdef HAVE_STDINT_H
| # include <stdint.h>
| #endif
| #ifdef HAVE_UNISTD_H
| # include <unistd.h>
| #endif
|    typedef unsigned int ac__type_sizeof_;
| int
| main ()
| {
| static int test_array [1 - 2 * !(((long int) (sizeof (ac__type_sizeof_))) <= 0)];
| test_array [0] = 0
| 
|   ;
|   return 0;
| }
configure:6391: arm-linux-gcc -c -g -O2  -I/arm-eabi/SDL/include -D_GNU_SOURCE=1 -DQWS -Dmain=SDL_main -D_REENTRANT conftest.c >&5
conftest.c: In function `SDL_main':
conftest.c:59: error: size of array `test_array' is negative
configure:6397: $? = 1
configure: failed program was:
| /* confdefs.h.  */
| #define PACKAGE_NAME "dosbox"
| #define PACKAGE_TARNAME "dosbox"
| #define PACKAGE_VERSION "0.73"
| #define PACKAGE_STRING "dosbox 0.73"
| #define PACKAGE_BUGREPORT ""
| #define PACKAGE "dosbox"
| #define VERSION "0.73"
| #define STDC_HEADERS 1
| #define HAVE_SYS_TYPES_H 1
| #define HAVE_SYS_STAT_H 1
| #define HAVE_STDLIB_H 1
| #define HAVE_STRING_H 1
| #define HAVE_MEMORY_H 1
| #define HAVE_STRINGS_H 1
| #define HAVE_INTTYPES_H 1
| #define HAVE_STDINT_H 1
| #define HAVE_UNISTD_H 1
| #define SIZEOF_UNSIGNED_CHAR 1
| #define SIZEOF_UNSIGNED_SHORT 2
| /* end confdefs.h.  */
| #include <stdio.h>
| #ifdef HAVE_SYS_TYPES_H
| # include <sys/types.h>
| #endif
| #ifdef HAVE_SYS_STAT_H
| # include <sys/stat.h>
| #endif
| #ifdef STDC_HEADERS
| # include <stdlib.h>
| # include <stddef.h>
| #else
| # ifdef HAVE_STDLIB_H
| #  include <stdlib.h>
| # endif
| #endif
| #ifdef HAVE_STRING_H
| # if !defined STDC_HEADERS && defined HAVE_MEMORY_H
| #  include <memory.h>
| # endif
| # include <string.h>
| #endif
| #ifdef HAVE_STRINGS_H
| # include <strings.h>
| #endif
| #ifdef HAVE_INTTYPES_H
| # include <inttypes.h>
| #endif
| #ifdef HAVE_STDINT_H
| # include <stdint.h>
| #endif
| #ifdef HAVE_UNISTD_H
| # include <unistd.h>
| #endif
|    typedef unsigned int ac__type_sizeof_;
| int
| main ()
| {
| static int test_array [1 - 2 * !(((long int) (sizeof (ac__type_sizeof_))) <= 1)];
| test_array [0] = 0
| 
|   ;
|   return 0;
| }
configure:6391: arm-linux-gcc -c -g -O2  -I/arm-eabi/SDL/include -D_GNU_SOURCE=1 -DQWS -Dmain=SDL_main -D_REENTRANT conftest.c >&5
conftest.c: In function `SDL_main':
conftest.c:59: error: size of array `test_array' is negative
configure:6397: $? = 1
configure: failed program was:
| /* confdefs.h.  */
| #define PACKAGE_NAME "dosbox"
| #define PACKAGE_TARNAME "dosbox"
| #define PACKAGE_VERSION "0.73"
| #define PACKAGE_STRING "dosbox 0.73"
| #define PACKAGE_BUGREPORT ""
| #define PACKAGE "dosbox"
| #define VERSION "0.73"
| #define STDC_HEADERS 1
| #define HAVE_SYS_TYPES_H 1
| #define HAVE_SYS_STAT_H 1
| #define HAVE_STDLIB_H 1
| #define HAVE_STRING_H 1
| #define HAVE_MEMORY_H 1
| #define HAVE_STRINGS_H 1
| #define HAVE_INTTYPES_H 1
| #define HAVE_STDINT_H 1
| #define HAVE_UNISTD_H 1
| #define SIZEOF_UNSIGNED_CHAR 1
| #define SIZEOF_UNSIGNED_SHORT 2
| /* end confdefs.h.  */
| #include <stdio.h>
| #ifdef HAVE_SYS_TYPES_H
| # include <sys/types.h>
| #endif
| #ifdef HAVE_SYS_STAT_H
| # include <sys/stat.h>
| #endif
| #ifdef STDC_HEADERS
| # include <stdlib.h>
| # include <stddef.h>
| #else
| # ifdef HAVE_STDLIB_H
| #  include <stdlib.h>
| # endif
| #endif
| #ifdef HAVE_STRING_H
| # if !defined STDC_HEADERS && defined HAVE_MEMORY_H
| #  include <memory.h>
| # endif
| # include <string.h>
| #endif
| #ifdef HAVE_STRINGS_H
| # include <strings.h>
| #endif
| #ifdef HAVE_INTTYPES_H
| # include <inttypes.h>
| #endif
| #ifdef HAVE_STDINT_H
| # include <stdint.h>
| #endif
| #ifdef HAVE_UNISTD_H
| # include <unistd.h>
| #endif
|    typedef unsigned int ac__type_sizeof_;
| int
| main ()
| {
| static int test_array [1 - 2 * !(((long int) (sizeof (ac__type_sizeof_))) <= 3)];
| test_array [0] = 0
| 
|   ;
|   return 0;
| }
configure:6391: arm-linux-gcc -c -g -O2  -I/arm-eabi/SDL/include -D_GNU_SOURCE=1 -DQWS -Dmain=SDL_main -D_REENTRANT conftest.c >&5
configure:6397: $? = 0
configure:6546: arm-linux-gcc -c -g -O2  -I/arm-eabi/SDL/include -D_GNU_SOURCE=1 -DQWS -Dmain=SDL_main -D_REENTRANT conftest.c >&5
configure:6552: $? = 0
configure:6546: arm-linux-gcc -c -g -O2  -I/arm-eabi/SDL/include -D_GNU_SOURCE=1 -DQWS -Dmain=SDL_main -D_REENTRANT conftest.c >&5
configure:6552: $? = 0
configure:6660: result: 4
configure:6670: checking for unsigned long
configure:6700: arm-linux-gcc -c -g -O2  -I/arm-eabi/SDL/include -D_GNU_SOURCE=1 -DQWS -Dmain=SDL_main -D_REENTRANT conftest.c >&5
configure:6706: $? = 0
configure:6721: result: yes
configure:6728: checking size of unsigned long
configure:6759: arm-linux-gcc -c -g -O2  -I/arm-eabi/SDL/include -D_GNU_SOURCE=1 -DQWS -Dmain=SDL_main -D_REENTRANT conftest.c >&5
configure:6765: $? = 0
configure:6796: arm-linux-gcc -c -g -O2  -I/arm-eabi/SDL/include -D_GNU_SOURCE=1 -DQWS -Dmain=SDL_main -D_REENTRANT conftest.c >&5
conftest.c: In function `SDL_main':
conftest.c:60: error: size of array `test_array' is negative
configure:6802: $? = 1
configure: failed program was:
| /* confdefs.h.  */
| #define PACKAGE_NAME "dosbox"
| #define PACKAGE_TARNAME "dosbox"
| #define PACKAGE_VERSION "0.73"
| #define PACKAGE_STRING "dosbox 0.73"
| #define PACKAGE_BUGREPORT ""
| #define PACKAGE "dosbox"
| #define VERSION "0.73"
| #define STDC_HEADERS 1
| #define HAVE_SYS_TYPES_H 1
| #define HAVE_SYS_STAT_H 1
| #define HAVE_STDLIB_H 1
| #define HAVE_STRING_H 1
| #define HAVE_MEMORY_H 1
| #define HAVE_STRINGS_H 1
| #define HAVE_INTTYPES_H 1
| #define HAVE_STDINT_H 1
| #define HAVE_UNISTD_H 1
| #define SIZEOF_UNSIGNED_CHAR 1
| #define SIZEOF_UNSIGNED_SHORT 2
| #define SIZEOF_UNSIGNED_INT 4
| /* end confdefs.h.  */
| #include <stdio.h>
| #ifdef HAVE_SYS_TYPES_H
| # include <sys/types.h>
| #endif
| #ifdef HAVE_SYS_STAT_H
| # include <sys/stat.h>
| #endif
| #ifdef STDC_HEADERS
| # include <stdlib.h>
| # include <stddef.h>
| #else
| # ifdef HAVE_STDLIB_H
| #  include <stdlib.h>
| # endif
| #endif
| #ifdef HAVE_STRING_H
| # if !defined STDC_HEADERS && defined HAVE_MEMORY_H
| #  include <memory.h>
| # endif
| # include <string.h>
| #endif
| #ifdef HAVE_STRINGS_H
| # include <strings.h>
| #endif
| #ifdef HAVE_INTTYPES_H
| # include <inttypes.h>
| #endif
| #ifdef HAVE_STDINT_H
| # include <stdint.h>
| #endif
| #ifdef HAVE_UNISTD_H
| # include <unistd.h>
| #endif
|    typedef unsigned long ac__type_sizeof_;
| int
| main ()
| {
| static int test_array [1 - 2 * !(((long int) (sizeof (ac__type_sizeof_))) <= 0)];
| test_array [0] = 0
| 
|   ;
|   return 0;
| }
configure:6796: arm-linux-gcc -c -g -O2  -I/arm-eabi/SDL/include -D_GNU_SOURCE=1 -DQWS -Dmain=SDL_main -D_REENTRANT conftest.c >&5
conftest.c: In function `SDL_main':
conftest.c:60: error: size of array `test_array' is negative
configure:6802: $? = 1
configure: failed program was:
| /* confdefs.h.  */
| #define PACKAGE_NAME "dosbox"
| #define PACKAGE_TARNAME "dosbox"
| #define PACKAGE_VERSION "0.73"
| #define PACKAGE_STRING "dosbox 0.73"
| #define PACKAGE_BUGREPORT ""
| #define PACKAGE "dosbox"
| #define VERSION "0.73"
| #define STDC_HEADERS 1
| #define HAVE_SYS_TYPES_H 1
| #define HAVE_SYS_STAT_H 1
| #define HAVE_STDLIB_H 1
| #define HAVE_STRING_H 1
| #define HAVE_MEMORY_H 1
| #define HAVE_STRINGS_H 1
| #define HAVE_INTTYPES_H 1
| #define HAVE_STDINT_H 1
| #define HAVE_UNISTD_H 1
| #define SIZEOF_UNSIGNED_CHAR 1
| #define SIZEOF_UNSIGNED_SHORT 2
| #define SIZEOF_UNSIGNED_INT 4
| /* end confdefs.h.  */
| #include <stdio.h>
| #ifdef HAVE_SYS_TYPES_H
| # include <sys/types.h>
| #endif
| #ifdef HAVE_SYS_STAT_H
| # include <sys/stat.h>
| #endif
| #ifdef STDC_HEADERS
| # include <stdlib.h>
| # include <stddef.h>
| #else
| # ifdef HAVE_STDLIB_H
| #  include <stdlib.h>
| # endif
| #endif
| #ifdef HAVE_STRING_H
| # if !defined STDC_HEADERS && defined HAVE_MEMORY_H
| #  include <memory.h>
| # endif
| # include <string.h>
| #endif
| #ifdef HAVE_STRINGS_H
| # include <strings.h>
| #endif
| #ifdef HAVE_INTTYPES_H
| # include <inttypes.h>
| #endif
| #ifdef HAVE_STDINT_H
| # include <stdint.h>
| #endif
| #ifdef HAVE_UNISTD_H
| # include <unistd.h>
| #endif
|    typedef unsigned long ac__type_sizeof_;
| int
| main ()
| {
| static int test_array [1 - 2 * !(((long int) (sizeof (ac__type_sizeof_))) <= 1)];
| test_array [0] = 0
| 
|   ;
|   return 0;
| }
configure:6796: arm-linux-gcc -c -g -O2  -I/arm-eabi/SDL/include -D_GNU_SOURCE=1 -DQWS -Dmain=SDL_main -D_REENTRANT conftest.c >&5
conftest.c: In function `SDL_main':
conftest.c:60: error: size of array `test_array' is negative
configure:6802: $? = 1
configure: failed program was:
| /* confdefs.h.  */
| #define PACKAGE_NAME "dosbox"
| #define PACKAGE_TARNAME "dosbox"
| #define PACKAGE_VERSION "0.73"
| #define PACKAGE_STRING "dosbox 0.73"
| #define PACKAGE_BUGREPORT ""
| #define PACKAGE "dosbox"
| #define VERSION "0.73"
| #define STDC_HEADERS 1
| #define HAVE_SYS_TYPES_H 1
| #define HAVE_SYS_STAT_H 1
| #define HAVE_STDLIB_H 1
| #define HAVE_STRING_H 1
| #define HAVE_MEMORY_H 1
| #define HAVE_STRINGS_H 1
| #define HAVE_INTTYPES_H 1
| #define HAVE_STDINT_H 1
| #define HAVE_UNISTD_H 1
| #define SIZEOF_UNSIGNED_CHAR 1
| #define SIZEOF_UNSIGNED_SHORT 2
| #define SIZEOF_UNSIGNED_INT 4
| /* end confdefs.h.  */
| #include <stdio.h>
| #ifdef HAVE_SYS_TYPES_H
| # include <sys/types.h>
| #endif
| #ifdef HAVE_SYS_STAT_H
| # include <sys/stat.h>
| #endif
| #ifdef STDC_HEADERS
| # include <stdlib.h>
| # include <stddef.h>
| #else
| # ifdef HAVE_STDLIB_H
| #  include <stdlib.h>
| # endif
| #endif
| #ifdef HAVE_STRING_H
| # if !defined STDC_HEADERS && defined HAVE_MEMORY_H
| #  include <memory.h>
| # endif
| # include <string.h>
| #endif
| #ifdef HAVE_STRINGS_H
| # include <strings.h>
| #endif
| #ifdef HAVE_INTTYPES_H
| # include <inttypes.h>
| #endif
| #ifdef HAVE_STDINT_H
| # include <stdint.h>
| #endif
| #ifdef HAVE_UNISTD_H
| # include <unistd.h>
| #endif
|    typedef unsigned long ac__type_sizeof_;
| int
| main ()
| {
| static int test_array [1 - 2 * !(((long int) (sizeof (ac__type_sizeof_))) <= 3)];
| test_array [0] = 0
| 
|   ;
|   return 0;
| }
configure:6796: arm-linux-gcc -c -g -O2  -I/arm-eabi/SDL/include -D_GNU_SOURCE=1 -DQWS -Dmain=SDL_main -D_REENTRANT conftest.c >&5
configure:6802: $? = 0
configure:6951: arm-linux-gcc -c -g -O2  -I/arm-eabi/SDL/include -D_GNU_SOURCE=1 -DQWS -Dmain=SDL_main -D_REENTRANT conftest.c >&5
configure:6957: $? = 0
configure:6951: arm-linux-gcc -c -g -O2  -I/arm-eabi/SDL/include -D_GNU_SOURCE=1 -DQWS -Dmain=SDL_main -D_REENTRANT conftest.c >&5
configure:6957: $? = 0
configure:7065: result: 4
configure:7075: checking for unsigned long long
configure:7105: arm-linux-gcc -c -g -O2  -I/arm-eabi/SDL/include -D_GNU_SOURCE=1 -DQWS -Dmain=SDL_main -D_REENTRANT conftest.c >&5
configure:7111: $? = 0
configure:7126: result: yes
configure:7133: checking size of unsigned long long
configure:7164: arm-linux-gcc -c -g -O2  -I/arm-eabi/SDL/include -D_GNU_SOURCE=1 -DQWS -Dmain=SDL_main -D_REENTRANT conftest.c >&5
configure:7170: $? = 0
configure:7201: arm-linux-gcc -c -g -O2  -I/arm-eabi/SDL/include -D_GNU_SOURCE=1 -DQWS -Dmain=SDL_main -D_REENTRANT conftest.c >&5
conftest.c: In function `SDL_main':
conftest.c:61: error: size of array `test_array' is negative
configure:7207: $? = 1
configure: failed program was:
| /* confdefs.h.  */
| #define PACKAGE_NAME "dosbox"
| #define PACKAGE_TARNAME "dosbox"
| #define PACKAGE_VERSION "0.73"
| #define PACKAGE_STRING "dosbox 0.73"
| #define PACKAGE_BUGREPORT ""
| #define PACKAGE "dosbox"
| #define VERSION "0.73"
| #define STDC_HEADERS 1
| #define HAVE_SYS_TYPES_H 1
| #define HAVE_SYS_STAT_H 1
| #define HAVE_STDLIB_H 1
| #define HAVE_STRING_H 1
| #define HAVE_MEMORY_H 1
| #define HAVE_STRINGS_H 1
| #define HAVE_INTTYPES_H 1
| #define HAVE_STDINT_H 1
| #define HAVE_UNISTD_H 1
| #define SIZEOF_UNSIGNED_CHAR 1
| #define SIZEOF_UNSIGNED_SHORT 2
| #define SIZEOF_UNSIGNED_INT 4
| #define SIZEOF_UNSIGNED_LONG 4
| /* end confdefs.h.  */
| #include <stdio.h>
| #ifdef HAVE_SYS_TYPES_H
| # include <sys/types.h>
| #endif
| #ifdef HAVE_SYS_STAT_H
| # include <sys/stat.h>
| #endif
| #ifdef STDC_HEADERS
| # include <stdlib.h>
| # include <stddef.h>
| #else
| # ifdef HAVE_STDLIB_H
| #  include <stdlib.h>
| # endif
| #endif
| #ifdef HAVE_STRING_H
| # if !defined STDC_HEADERS && defined HAVE_MEMORY_H
| #  include <memory.h>
| # endif
| # include <string.h>
| #endif
| #ifdef HAVE_STRINGS_H
| # include <strings.h>
| #endif
| #ifdef HAVE_INTTYPES_H
| # include <inttypes.h>
| #endif
| #ifdef HAVE_STDINT_H
| # include <stdint.h>
| #endif
| #ifdef HAVE_UNISTD_H
| # include <unistd.h>
| #endif
|    typedef unsigned long long ac__type_sizeof_;
| int
| main ()
| {
| static int test_array [1 - 2 * !(((long int) (sizeof (ac__type_sizeof_))) <= 0)];
| test_array [0] = 0
| 
|   ;
|   return 0;
| }
configure:7201: arm-linux-gcc -c -g -O2  -I/arm-eabi/SDL/include -D_GNU_SOURCE=1 -DQWS -Dmain=SDL_main -D_REENTRANT conftest.c >&5
conftest.c: In function `SDL_main':
conftest.c:61: error: size of array `test_array' is negative
configure:7207: $? = 1
configure: failed program was:
| /* confdefs.h.  */
| #define PACKAGE_NAME "dosbox"
| #define PACKAGE_TARNAME "dosbox"
| #define PACKAGE_VERSION "0.73"
| #define PACKAGE_STRING "dosbox 0.73"
| #define PACKAGE_BUGREPORT ""
| #define PACKAGE "dosbox"
| #define VERSION "0.73"
| #define STDC_HEADERS 1
| #define HAVE_SYS_TYPES_H 1
| #define HAVE_SYS_STAT_H 1
| #define HAVE_STDLIB_H 1
| #define HAVE_STRING_H 1
| #define HAVE_MEMORY_H 1
| #define HAVE_STRINGS_H 1
| #define HAVE_INTTYPES_H 1
| #define HAVE_STDINT_H 1
| #define HAVE_UNISTD_H 1
| #define SIZEOF_UNSIGNED_CHAR 1
| #define SIZEOF_UNSIGNED_SHORT 2
| #define SIZEOF_UNSIGNED_INT 4
| #define SIZEOF_UNSIGNED_LONG 4
| /* end confdefs.h.  */
| #include <stdio.h>
| #ifdef HAVE_SYS_TYPES_H
| # include <sys/types.h>
| #endif
| #ifdef HAVE_SYS_STAT_H
| # include <sys/stat.h>
| #endif
| #ifdef STDC_HEADERS
| # include <stdlib.h>
| # include <stddef.h>
| #else
| # ifdef HAVE_STDLIB_H
| #  include <stdlib.h>
| # endif
| #endif
| #ifdef HAVE_STRING_H
| # if !defined STDC_HEADERS && defined HAVE_MEMORY_H
| #  include <memory.h>
| # endif
| # include <string.h>
| #endif
| #ifdef HAVE_STRINGS_H
| # include <strings.h>
| #endif
| #ifdef HAVE_INTTYPES_H
| # include <inttypes.h>
| #endif
| #ifdef HAVE_STDINT_H
| # include <stdint.h>
| #endif
| #ifdef HAVE_UNISTD_H
| # include <unistd.h>
| #endif
|    typedef unsigned long long ac__type_sizeof_;
| int
| main ()
| {
| static int test_array [1 - 2 * !(((long int) (sizeof (ac__type_sizeof_))) <= 1)];
| test_array [0] = 0
| 
|   ;
|   return 0;
| }
configure:7201: arm-linux-gcc -c -g -O2  -I/arm-eabi/SDL/include -D_GNU_SOURCE=1 -DQWS -Dmain=SDL_main -D_REENTRANT conftest.c >&5
conftest.c: In function `SDL_main':
conftest.c:61: error: size of array `test_array' is negative
configure:7207: $? = 1
configure: failed program was:
| /* confdefs.h.  */
| #define PACKAGE_NAME "dosbox"
| #define PACKAGE_TARNAME "dosbox"
| #define PACKAGE_VERSION "0.73"
| #define PACKAGE_STRING "dosbox 0.73"
| #define PACKAGE_BUGREPORT ""
| #define PACKAGE "dosbox"
| #define VERSION "0.73"
| #define STDC_HEADERS 1
| #define HAVE_SYS_TYPES_H 1
| #define HAVE_SYS_STAT_H 1
| #define HAVE_STDLIB_H 1
| #define HAVE_STRING_H 1
| #define HAVE_MEMORY_H 1
| #define HAVE_STRINGS_H 1
| #define HAVE_INTTYPES_H 1
| #define HAVE_STDINT_H 1
| #define HAVE_UNISTD_H 1
| #define SIZEOF_UNSIGNED_CHAR 1
| #define SIZEOF_UNSIGNED_SHORT 2
| #define SIZEOF_UNSIGNED_INT 4
| #define SIZEOF_UNSIGNED_LONG 4
| /* end confdefs.h.  */
| #include <stdio.h>
| #ifdef HAVE_SYS_TYPES_H
| # include <sys/types.h>
| #endif
| #ifdef HAVE_SYS_STAT_H
| # include <sys/stat.h>
| #endif
| #ifdef STDC_HEADERS
| # include <stdlib.h>
| # include <stddef.h>
| #else
| # ifdef HAVE_STDLIB_H
| #  include <stdlib.h>
| # endif
| #endif
| #ifdef HAVE_STRING_H
| # if !defined STDC_HEADERS && defined HAVE_MEMORY_H
| #  include <memory.h>
| # endif
| # include <string.h>
| #endif
| #ifdef HAVE_STRINGS_H
| # include <strings.h>
| #endif
| #ifdef HAVE_INTTYPES_H
| # include <inttypes.h>
| #endif
| #ifdef HAVE_STDINT_H
| # include <stdint.h>
| #endif
| #ifdef HAVE_UNISTD_H
| # include <unistd.h>
| #endif
|    typedef unsigned long long ac__type_sizeof_;
| int
| main ()
| {
| static int test_array [1 - 2 * !(((long int) (sizeof (ac__type_sizeof_))) <= 3)];
| test_array [0] = 0
| 
|   ;
|   return 0;
| }
configure:7201: arm-linux-gcc -c -g -O2  -I/arm-eabi/SDL/include -D_GNU_SOURCE=1 -DQWS -Dmain=SDL_main -D_REENTRANT conftest.c >&5
conftest.c: In function `SDL_main':
conftest.c:61: error: size of array `test_array' is negative
configure:7207: $? = 1
configure: failed program was:
| /* confdefs.h.  */
| #define PACKAGE_NAME "dosbox"
| #define PACKAGE_TARNAME "dosbox"
| #define PACKAGE_VERSION "0.73"
| #define PACKAGE_STRING "dosbox 0.73"
| #define PACKAGE_BUGREPORT ""
| #define PACKAGE "dosbox"
| #define VERSION "0.73"
| #define STDC_HEADERS 1
| #define HAVE_SYS_TYPES_H 1
| #define HAVE_SYS_STAT_H 1
| #define HAVE_STDLIB_H 1
| #define HAVE_STRING_H 1
| #define HAVE_MEMORY_H 1
| #define HAVE_STRINGS_H 1
| #define HAVE_INTTYPES_H 1
| #define HAVE_STDINT_H 1
| #define HAVE_UNISTD_H 1
| #define SIZEOF_UNSIGNED_CHAR 1
| #define SIZEOF_UNSIGNED_SHORT 2
| #define SIZEOF_UNSIGNED_INT 4
| #define SIZEOF_UNSIGNED_LONG 4
| /* end confdefs.h.  */
| #include <stdio.h>
| #ifdef HAVE_SYS_TYPES_H
| # include <sys/types.h>
| #endif
| #ifdef HAVE_SYS_STAT_H
| # include <sys/stat.h>
| #endif
| #ifdef STDC_HEADERS
| # include <stdlib.h>
| # include <stddef.h>
| #else
| # ifdef HAVE_STDLIB_H
| #  include <stdlib.h>
| # endif
| #endif
| #ifdef HAVE_STRING_H
| # if !defined STDC_HEADERS && defined HAVE_MEMORY_H
| #  include <memory.h>
| # endif
| # include <string.h>
| #endif
| #ifdef HAVE_STRINGS_H
| # include <strings.h>
| #endif
| #ifdef HAVE_INTTYPES_H
| # include <inttypes.h>
| #endif
| #ifdef HAVE_STDINT_H
| # include <stdint.h>
| #endif
| #ifdef HAVE_UNISTD_H
| # include <unistd.h>
| #endif
|    typedef unsigned long long ac__type_sizeof_;
| int
| main ()
| {
| static int test_array [1 - 2 * !(((long int) (sizeof (ac__type_sizeof_))) <= 7)];
| test_array [0] = 0
| 
|   ;
|   return 0;
| }
configure:7201: arm-linux-gcc -c -g -O2  -I/arm-eabi/SDL/include -D_GNU_SOURCE=1 -DQWS -Dmain=SDL_main -D_REENTRANT conftest.c >&5
configure:7207: $? = 0
configure:7356: arm-linux-gcc -c -g -O2  -I/arm-eabi/SDL/include -D_GNU_SOURCE=1 -DQWS -Dmain=SDL_main -D_REENTRANT conftest.c >&5
configure:7362: $? = 0
configure:7356: arm-linux-gcc -c -g -O2  -I/arm-eabi/SDL/include -D_GNU_SOURCE=1 -DQWS -Dmain=SDL_main -D_REENTRANT conftest.c >&5
configure:7362: $? = 0
configure:7356: arm-linux-gcc -c -g -O2  -I/arm-eabi/SDL/include -D_GNU_SOURCE=1 -DQWS -Dmain=SDL_main -D_REENTRANT conftest.c >&5
configure:7362: $? = 0
configure:7470: result: 8
configure:7480: checking for int *
configure:7510: arm-linux-gcc -c -g -O2  -I/arm-eabi/SDL/include -D_GNU_SOURCE=1 -DQWS -Dmain=SDL_main -D_REENTRANT conftest.c >&5
configure:7516: $? = 0
configure:7531: result: yes
configure:7538: checking size of int *
configure:7569: arm-linux-gcc -c -g -O2  -I/arm-eabi/SDL/include -D_GNU_SOURCE=1 -DQWS -Dmain=SDL_main -D_REENTRANT conftest.c >&5
configure:7575: $? = 0
configure:7606: arm-linux-gcc -c -g -O2  -I/arm-eabi/SDL/include -D_GNU_SOURCE=1 -DQWS -Dmain=SDL_main -D_REENTRANT conftest.c >&5
conftest.c: In function `SDL_main':
conftest.c:62: error: size of array `test_array' is negative
configure:7612: $? = 1
configure: failed program was:
| /* confdefs.h.  */
| #define PACKAGE_NAME "dosbox"
| #define PACKAGE_TARNAME "dosbox"
| #define PACKAGE_VERSION "0.73"
| #define PACKAGE_STRING "dosbox 0.73"
| #define PACKAGE_BUGREPORT ""
| #define PACKAGE "dosbox"
| #define VERSION "0.73"
| #define STDC_HEADERS 1
| #define HAVE_SYS_TYPES_H 1
| #define HAVE_SYS_STAT_H 1
| #define HAVE_STDLIB_H 1
| #define HAVE_STRING_H 1
| #define HAVE_MEMORY_H 1
| #define HAVE_STRINGS_H 1
| #define HAVE_INTTYPES_H 1
| #define HAVE_STDINT_H 1
| #define HAVE_UNISTD_H 1
| #define SIZEOF_UNSIGNED_CHAR 1
| #define SIZEOF_UNSIGNED_SHORT 2
| #define SIZEOF_UNSIGNED_INT 4
| #define SIZEOF_UNSIGNED_LONG 4
| #define SIZEOF_UNSIGNED_LONG_LONG 8
| /* end confdefs.h.  */
| #include <stdio.h>
| #ifdef HAVE_SYS_TYPES_H
| # include <sys/types.h>
| #endif
| #ifdef HAVE_SYS_STAT_H
| # include <sys/stat.h>
| #endif
| #ifdef STDC_HEADERS
| # include <stdlib.h>
| # include <stddef.h>
| #else
| # ifdef HAVE_STDLIB_H
| #  include <stdlib.h>
| # endif
| #endif
| #ifdef HAVE_STRING_H
| # if !defined STDC_HEADERS && defined HAVE_MEMORY_H
| #  include <memory.h>
| # endif
| # include <string.h>
| #endif
| #ifdef HAVE_STRINGS_H
| # include <strings.h>
| #endif
| #ifdef HAVE_INTTYPES_H
| # include <inttypes.h>
| #endif
| #ifdef HAVE_STDINT_H
| # include <stdint.h>
| #endif
| #ifdef HAVE_UNISTD_H
| # include <unistd.h>
| #endif
|    typedef int * ac__type_sizeof_;
| int
| main ()
| {
| static int test_array [1 - 2 * !(((long int) (sizeof (ac__type_sizeof_))) <= 0)];
| test_array [0] = 0
| 
|   ;
|   return 0;
| }
configure:7606: arm-linux-gcc -c -g -O2  -I/arm-eabi/SDL/include -D_GNU_SOURCE=1 -DQWS -Dmain=SDL_main -D_REENTRANT conftest.c >&5
conftest.c: In function `SDL_main':
conftest.c:62: error: size of array `test_array' is negative
configure:7612: $? = 1
configure: failed program was:
| /* confdefs.h.  */
| #define PACKAGE_NAME "dosbox"
| #define PACKAGE_TARNAME "dosbox"
| #define PACKAGE_VERSION "0.73"
| #define PACKAGE_STRING "dosbox 0.73"
| #define PACKAGE_BUGREPORT ""
| #define PACKAGE "dosbox"
| #define VERSION "0.73"
| #define STDC_HEADERS 1
| #define HAVE_SYS_TYPES_H 1
| #define HAVE_SYS_STAT_H 1
| #define HAVE_STDLIB_H 1
| #define HAVE_STRING_H 1
| #define HAVE_MEMORY_H 1
| #define HAVE_STRINGS_H 1
| #define HAVE_INTTYPES_H 1
| #define HAVE_STDINT_H 1
| #define HAVE_UNISTD_H 1
| #define SIZEOF_UNSIGNED_CHAR 1
| #define SIZEOF_UNSIGNED_SHORT 2
| #define SIZEOF_UNSIGNED_INT 4
| #define SIZEOF_UNSIGNED_LONG 4
| #define SIZEOF_UNSIGNED_LONG_LONG 8
| /* end confdefs.h.  */
| #include <stdio.h>
| #ifdef HAVE_SYS_TYPES_H
| # include <sys/types.h>
| #endif
| #ifdef HAVE_SYS_STAT_H
| # include <sys/stat.h>
| #endif
| #ifdef STDC_HEADERS
| # include <stdlib.h>
| # include <stddef.h>
| #else
| # ifdef HAVE_STDLIB_H
| #  include <stdlib.h>
| # endif
| #endif
| #ifdef HAVE_STRING_H
| # if !defined STDC_HEADERS && defined HAVE_MEMORY_H
| #  include <memory.h>
| # endif
| # include <string.h>
| #endif
| #ifdef HAVE_STRINGS_H
| # include <strings.h>
| #endif
| #ifdef HAVE_INTTYPES_H
| # include <inttypes.h>
| #endif
| #ifdef HAVE_STDINT_H
| # include <stdint.h>
| #endif
| #ifdef HAVE_UNISTD_H
| # include <unistd.h>
| #endif
|    typedef int * ac__type_sizeof_;
| int
| main ()
| {
| static int test_array [1 - 2 * !(((long int) (sizeof (ac__type_sizeof_))) <= 1)];
| test_array [0] = 0
| 
|   ;
|   return 0;
| }
configure:7606: arm-linux-gcc -c -g -O2  -I/arm-eabi/SDL/include -D_GNU_SOURCE=1 -DQWS -Dmain=SDL_main -D_REENTRANT conftest.c >&5
conftest.c: In function `SDL_main':
conftest.c:62: error: size of array `test_array' is negative
configure:7612: $? = 1
configure: failed program was:
| /* confdefs.h.  */
| #define PACKAGE_NAME "dosbox"
| #define PACKAGE_TARNAME "dosbox"
| #define PACKAGE_VERSION "0.73"
| #define PACKAGE_STRING "dosbox 0.73"
| #define PACKAGE_BUGREPORT ""
| #define PACKAGE "dosbox"
| #define VERSION "0.73"
| #define STDC_HEADERS 1
| #define HAVE_SYS_TYPES_H 1
| #define HAVE_SYS_STAT_H 1
| #define HAVE_STDLIB_H 1
| #define HAVE_STRING_H 1
| #define HAVE_MEMORY_H 1
| #define HAVE_STRINGS_H 1
| #define HAVE_INTTYPES_H 1
| #define HAVE_STDINT_H 1
| #define HAVE_UNISTD_H 1
| #define SIZEOF_UNSIGNED_CHAR 1
| #define SIZEOF_UNSIGNED_SHORT 2
| #define SIZEOF_UNSIGNED_INT 4
| #define SIZEOF_UNSIGNED_LONG 4
| #define SIZEOF_UNSIGNED_LONG_LONG 8
| /* end confdefs.h.  */
| #include <stdio.h>
| #ifdef HAVE_SYS_TYPES_H
| # include <sys/types.h>
| #endif
| #ifdef HAVE_SYS_STAT_H
| # include <sys/stat.h>
| #endif
| #ifdef STDC_HEADERS
| # include <stdlib.h>
| # include <stddef.h>
| #else
| # ifdef HAVE_STDLIB_H
| #  include <stdlib.h>
| # endif
| #endif
| #ifdef HAVE_STRING_H
| # if !defined STDC_HEADERS && defined HAVE_MEMORY_H
| #  include <memory.h>
| # endif
| # include <string.h>
| #endif
| #ifdef HAVE_STRINGS_H
| # include <strings.h>
| #endif
| #ifdef HAVE_INTTYPES_H
| # include <inttypes.h>
| #endif
| #ifdef HAVE_STDINT_H
| # include <stdint.h>
| #endif
| #ifdef HAVE_UNISTD_H
| # include <unistd.h>
| #endif
|    typedef int * ac__type_sizeof_;
| int
| main ()
| {
| static int test_array [1 - 2 * !(((long int) (sizeof (ac__type_sizeof_))) <= 3)];
| test_array [0] = 0
| 
|   ;
|   return 0;
| }
configure:7606: arm-linux-gcc -c -g -O2  -I/arm-eabi/SDL/include -D_GNU_SOURCE=1 -DQWS -Dmain=SDL_main -D_REENTRANT conftest.c >&5
configure:7612: $? = 0
configure:7761: arm-linux-gcc -c -g -O2  -I/arm-eabi/SDL/include -D_GNU_SOURCE=1 -DQWS -Dmain=SDL_main -D_REENTRANT conftest.c >&5
configure:7767: $? = 0
configure:7761: arm-linux-gcc -c -g -O2  -I/arm-eabi/SDL/include -D_GNU_SOURCE=1 -DQWS -Dmain=SDL_main -D_REENTRANT conftest.c >&5
configure:7767: $? = 0
configure:7875: result: 4
configure:7892: checking for stdlib.h
configure:7898: result: yes
configure:7892: checking for sys/types.h
configure:7898: result: yes
configure:8033: checking for sys/socket.h
configure:8066: arm-linux-gcc -c -g -O2  -I/arm-eabi/SDL/include -D_GNU_SOURCE=1 -DQWS -Dmain=SDL_main -D_REENTRANT conftest.c >&5
configure:8072: $? = 0
configure:8088: result: yes
configure:8033: checking for netinet/in.h
configure:8066: arm-linux-gcc -c -g -O2  -I/arm-eabi/SDL/include -D_GNU_SOURCE=1 -DQWS -Dmain=SDL_main -D_REENTRANT conftest.c >&5
configure:8072: $? = 0
configure:8088: result: yes
configure:8033: checking for pwd.h
configure:8066: arm-linux-gcc -c -g -O2  -I/arm-eabi/SDL/include -D_GNU_SOURCE=1 -DQWS -Dmain=SDL_main -D_REENTRANT conftest.c >&5
configure:8072: $? = 0
configure:8088: result: yes
configure:8125: arm-linux-gcc -c -g -O2  -I/arm-eabi/SDL/include -D_GNU_SOURCE=1 -DQWS -Dmain=SDL_main -D_REENTRANT conftest.c >&5
configure:8131: $? = 0
configure:8150: checking if environ can be included
configure:8175: arm-linux-gcc -o conftest -g -O2  -I/arm-eabi/SDL/include -D_GNU_SOURCE=1 -DQWS -Dmain=SDL_main -D_REENTRANT  conftest.c  -L/arm-eabi/lib -lSDL -lSDLmain -lm -lezxappbase -lqte-mt -lezxpm -llighting -lezxtapi-xscale-r -llog_util -lezxsound >&5
/arm-eabi/lib/gcc/arm-linux-gnueabi/3.4.3/../../../../arm-linux-gnueabi/bin/ld: /arm-eabi/lib/libezxsound.so: warning: sh_link not set for section `.ARM.exidx'
configure:8181: $? = 0
configure:8187: result: yes
configure:8204: checking if environ can be linked
configure:8227: arm-linux-gcc -o conftest -g -O2  -I/arm-eabi/SDL/include -D_GNU_SOURCE=1 -DQWS -Dmain=SDL_main -D_REENTRANT  conftest.c  -L/arm-eabi/lib -lSDL -lSDLmain -lm -lezxappbase -lqte-mt -lezxpm -llighting -lezxtapi-xscale-r -llog_util -lezxsound >&5
/arm-eabi/lib/gcc/arm-linux-gnueabi/3.4.3/../../../../arm-linux-gnueabi/bin/ld: /arm-eabi/lib/libezxsound.so: warning: sh_link not set for section `.ARM.exidx'
configure:8233: $? = 0
configure:8239: result: yes
configure:8256: checking if dirent includes d_type
configure:8273: arm-linux-gcc -c -g -O2  -I/arm-eabi/SDL/include -D_GNU_SOURCE=1 -DQWS -Dmain=SDL_main -D_REENTRANT conftest.c >&5
configure:8279: $? = 0
configure:8284: result: yes
configure:8301: checking for powf in libm
configure:8328: arm-linux-gcc -o conftest -g -O2  -I/arm-eabi/SDL/include -D_GNU_SOURCE=1 -DQWS -Dmain=SDL_main -D_REENTRANT  conftest.c  -L/arm-eabi/lib -lSDL -lSDLmain -lm -lezxappbase -lqte-mt -lezxpm -llighting -lezxtapi-xscale-r -llog_util -lezxsound -lm >&5
/arm-eabi/lib/gcc/arm-linux-gnueabi/3.4.3/../../../../arm-linux-gnueabi/bin/ld: /arm-eabi/lib/libezxsound.so: warning: sh_link not set for section `.ARM.exidx'
configure:8334: $? = 0
configure:8340: result: yes
configure:8362: checking if compiler allows __attribute__
configure:8386: arm-linux-gcc -c -g -O2  -I/arm-eabi/SDL/include -D_GNU_SOURCE=1 -DQWS -Dmain=SDL_main -D_REENTRANT conftest.c >&5
configure:8392: $? = 0
configure:8397: result: yes
configure:8419: checking if compiler allows __attribute__((always_inline)) 
configure:8431: arm-linux-gcc -c -Werror  -I/arm-eabi/SDL/include -D_GNU_SOURCE=1 -DQWS -Dmain=SDL_main -D_REENTRANT conftest.c >&5
configure:8437: $? = 0
configure:8442: result: yes
configure:8459: checking if compiler allows __attribute__((fastcall)) 
configure:8471: arm-linux-gcc -c -Werror  -I/arm-eabi/SDL/include -D_GNU_SOURCE=1 -DQWS -Dmain=SDL_main -D_REENTRANT conftest.c >&5
conftest.c:1: warning: `fastcall' attribute directive ignored
configure:8477: $? = 1
configure: failed program was:
|  void __attribute__((fastcall)) test(){}
| 
configure:8491: result: no
configure:8511: checking if compiler allows __builtin_expect
configure:8537: arm-linux-g++ -c -Os  -I/arm-eabi/SDL/include -D_GNU_SOURCE=1 -DQWS -Dmain=SDL_main -D_REENTRANT conftest.cpp >&5
configure:8543: $? = 0
configure:8548: result: yes
configure:8612: checking for ALSA CFLAGS
configure:8618: result: 
configure:8621: checking for ALSA LDFLAGS
configure:8634: result:  -lasound -lm -ldl -lpthread
configure:8638: checking for libasound headers version >= 0.9.0
configure:8710: arm-linux-gcc -c -g -O2  -I/arm-eabi/SDL/include -D_GNU_SOURCE=1 -DQWS -Dmain=SDL_main -D_REENTRANT conftest.c >&5
conftest.c:38:28: alsa/asoundlib.h: No such file or directory
conftest.c:66:12: #error not present
configure:8716: $? = 1
configure: failed program was:
| /* confdefs.h.  */
| #define PACKAGE_NAME "dosbox"
| #define PACKAGE_TARNAME "dosbox"
| #define PACKAGE_VERSION "0.73"
| #define PACKAGE_STRING "dosbox 0.73"
| #define PACKAGE_BUGREPORT ""
| #define PACKAGE "dosbox"
| #define VERSION "0.73"
| #define STDC_HEADERS 1
| #define HAVE_SYS_TYPES_H 1
| #define HAVE_SYS_STAT_H 1
| #define HAVE_STDLIB_H 1
| #define HAVE_STRING_H 1
| #define HAVE_MEMORY_H 1
| #define HAVE_STRINGS_H 1
| #define HAVE_INTTYPES_H 1
| #define HAVE_STDINT_H 1
| #define HAVE_UNISTD_H 1
| #define SIZEOF_UNSIGNED_CHAR 1
| #define SIZEOF_UNSIGNED_SHORT 2
| #define SIZEOF_UNSIGNED_INT 4
| #define SIZEOF_UNSIGNED_LONG 4
| #define SIZEOF_UNSIGNED_LONG_LONG 8
| #define SIZEOF_INT_P 4
| #define HAVE_STDLIB_H 1
| #define HAVE_SYS_TYPES_H 1
| #define HAVE_SYS_SOCKET_H 1
| #define HAVE_NETINET_IN_H 1
| #define HAVE_PWD_H 1
| #define ENVIRON_INCLUDED 1
| #define ENVIRON_LINKED 1
| #define DIRENT_HAS_D_TYPE 1
| #define C_HAS_ATTRIBUTE 1
| #define C_ATTRIBUTE_ALWAYS_INLINE 1
| #define C_HAS_BUILTIN_EXPECT 1
| /* end confdefs.h.  */
| 
| #include <alsa/asoundlib.h>
| 
| int
| main ()
| {
| 
| /* ensure backward compatibility */
| #if !defined(SND_LIB_MAJOR) && defined(SOUNDLIB_VERSION_MAJOR)
| #define SND_LIB_MAJOR SOUNDLIB_VERSION_MAJOR
| #endif
| #if !defined(SND_LIB_MINOR) && defined(SOUNDLIB_VERSION_MINOR)
| #define SND_LIB_MINOR SOUNDLIB_VERSION_MINOR
| #endif
| #if !defined(SND_LIB_SUBMINOR) && defined(SOUNDLIB_VERSION_SUBMINOR)
| #define SND_LIB_SUBMINOR SOUNDLIB_VERSION_SUBMINOR
| #endif
| 
| #  if(SND_LIB_MAJOR > 0)
|   exit(0);
| #  else
| #    if(SND_LIB_MAJOR < 0)
| #       error not present
| #    endif
| 
| #   if(SND_LIB_MINOR > 9)
|   exit(0);
| #   else
| #     if(SND_LIB_MINOR < 9)
| #          error not present
| #      endif
| 
| #      if(SND_LIB_SUBMINOR < 0)
| #        error not present
| #      endif
| #    endif
| #  endif
| exit(0);
| 
|   ;
|   return 0;
| }
configure:8727: result: not present.
configure:8743: checking for snd_ctl_open in -lasound
configure:8778: arm-linux-gcc -o conftest -g -O2  -I/arm-eabi/SDL/include -D_GNU_SOURCE=1 -DQWS -Dmain=SDL_main -D_REENTRANT  conftest.c -lasound   -lasound -lm -ldl -lpthread -L/arm-eabi/lib -lSDL -lSDLmain -lezxappbase -lqte-mt -lezxpm -llighting -lezxtapi-xscale-r -llog_util -lezxsound >&5
/arm-eabi/lib/gcc/arm-linux-gnueabi/3.4.3/../../../../arm-linux-gnueabi/bin/ld: cannot find -lasound
collect2: ld returned 1 exit status
configure:8784: $? = 1
configure: failed program was:
| /* confdefs.h.  */
| #define PACKAGE_NAME "dosbox"
| #define PACKAGE_TARNAME "dosbox"
| #define PACKAGE_VERSION "0.73"
| #define PACKAGE_STRING "dosbox 0.73"
| #define PACKAGE_BUGREPORT ""
| #define PACKAGE "dosbox"
| #define VERSION "0.73"
| #define STDC_HEADERS 1
| #define HAVE_SYS_TYPES_H 1
| #define HAVE_SYS_STAT_H 1
| #define HAVE_STDLIB_H 1
| #define HAVE_STRING_H 1
| #define HAVE_MEMORY_H 1
| #define HAVE_STRINGS_H 1
| #define HAVE_INTTYPES_H 1
| #define HAVE_STDINT_H 1
| #define HAVE_UNISTD_H 1
| #define SIZEOF_UNSIGNED_CHAR 1
| #define SIZEOF_UNSIGNED_SHORT 2
| #define SIZEOF_UNSIGNED_INT 4
| #define SIZEOF_UNSIGNED_LONG 4
| #define SIZEOF_UNSIGNED_LONG_LONG 8
| #define SIZEOF_INT_P 4
| #define HAVE_STDLIB_H 1
| #define HAVE_SYS_TYPES_H 1
| #define HAVE_SYS_SOCKET_H 1
| #define HAVE_NETINET_IN_H 1
| #define HAVE_PWD_H 1
| #define ENVIRON_INCLUDED 1
| #define ENVIRON_LINKED 1
| #define DIRENT_HAS_D_TYPE 1
| #define C_HAS_ATTRIBUTE 1
| #define C_ATTRIBUTE_ALWAYS_INLINE 1
| #define C_HAS_BUILTIN_EXPECT 1
| /* end confdefs.h.  */
| 
| /* Override any GCC internal prototype to avoid an error.
|    Use char because int might match the return type of a GCC
|    builtin and then its argument prototype would still apply.  */
| #ifdef __cplusplus
| extern "C"
| #endif
| char snd_ctl_open ();
| int
| main ()
| {
| return snd_ctl_open ();
|   ;
|   return 0;
| }
configure:8802: result: no
configure:8844: checking whether byte ordering is bigendian
configure:8877: arm-linux-gcc -c -g -O2  -I/arm-eabi/SDL/include -D_GNU_SOURCE=1 -DQWS -Dmain=SDL_main -D_REENTRANT conftest.c >&5
configure:8883: $? = 0
configure:8915: arm-linux-gcc -c -g -O2  -I/arm-eabi/SDL/include -D_GNU_SOURCE=1 -DQWS -Dmain=SDL_main -D_REENTRANT conftest.c >&5
conftest.c: In function `SDL_main':
conftest.c:44: error: `not' undeclared (first use in this function)
conftest.c:44: error: (Each undeclared identifier is reported only once
conftest.c:44: error: for each function it appears in.)
conftest.c:44: error: parse error before "big"
configure:8921: $? = 1
configure: failed program was:
| /* confdefs.h.  */
| #define PACKAGE_NAME "dosbox"
| #define PACKAGE_TARNAME "dosbox"
| #define PACKAGE_VERSION "0.73"
| #define PACKAGE_STRING "dosbox 0.73"
| #define PACKAGE_BUGREPORT ""
| #define PACKAGE "dosbox"
| #define VERSION "0.73"
| #define STDC_HEADERS 1
| #define HAVE_SYS_TYPES_H 1
| #define HAVE_SYS_STAT_H 1
| #define HAVE_STDLIB_H 1
| #define HAVE_STRING_H 1
| #define HAVE_MEMORY_H 1
| #define HAVE_STRINGS_H 1
| #define HAVE_INTTYPES_H 1
| #define HAVE_STDINT_H 1
| #define HAVE_UNISTD_H 1
| #define SIZEOF_UNSIGNED_CHAR 1
| #define SIZEOF_UNSIGNED_SHORT 2
| #define SIZEOF_UNSIGNED_INT 4
| #define SIZEOF_UNSIGNED_LONG 4
| #define SIZEOF_UNSIGNED_LONG_LONG 8
| #define SIZEOF_INT_P 4
| #define HAVE_STDLIB_H 1
| #define HAVE_SYS_TYPES_H 1
| #define HAVE_SYS_SOCKET_H 1
| #define HAVE_NETINET_IN_H 1
| #define HAVE_PWD_H 1
| #define ENVIRON_INCLUDED 1
| #define ENVIRON_LINKED 1
| #define DIRENT_HAS_D_TYPE 1
| #define C_HAS_ATTRIBUTE 1
| #define C_ATTRIBUTE_ALWAYS_INLINE 1
| #define C_HAS_BUILTIN_EXPECT 1
| /* end confdefs.h.  */
| #include <sys/types.h>
| #include <sys/param.h>
| 
| int
| main ()
| {
| #if BYTE_ORDER != BIG_ENDIAN
|  not big endian
| #endif
| 
|   ;
|   return 0;
| }
configure:9061: result: no
configure:9483: checking for target cpu type
configure:9531: result: unknown
configure:9554: checking whether x86 dynamic cpu core will be enabled
configure:9557: result: no
configure:9582: checking whether recompiling cpu core will be enabled
configure:9609: result: no
configure:9624: checking whether fpu emulation will be enabled
configure:9627: result: yes
configure:9647: checking whether x86 assembly fpu core will be enabled
configure:9650: result: no
configure:9680: checking whether to enable unaligned memory access
configure:9690: result: no
configure:9706: checking png.h usability
configure:9723: arm-linux-gcc -c -g -O2  -I/arm-eabi/SDL/include -D_GNU_SOURCE=1 -DQWS -Dmain=SDL_main -D_REENTRANT conftest.c >&5
configure:9729: $? = 0
configure:9743: result: yes
configure:9747: checking png.h presence
configure:9762: arm-linux-gcc -E  -I/arm-eabi/SDL/include -D_GNU_SOURCE=1 -DQWS -Dmain=SDL_main -D_REENTRANT conftest.c
configure:9768: $? = 0
configure:9782: result: yes
configure:9810: checking for png.h
configure:9817: result: yes
configure:9826: checking for png_check_sig in -lpng
configure:9861: arm-linux-gcc -o conftest -g -O2  -I/arm-eabi/SDL/include -D_GNU_SOURCE=1 -DQWS -Dmain=SDL_main -D_REENTRANT  conftest.c -lpng -lz  -L/arm-eabi/lib -lSDL -lSDLmain -lm -lezxappbase -lqte-mt -lezxpm -llighting -lezxtapi-xscale-r -llog_util -lezxsound >&5
/arm-eabi/lib/gcc/arm-linux-gnueabi/3.4.3/../../../../arm-linux-gnueabi/bin/ld: /arm-eabi/lib/libezxsound.so: warning: sh_link not set for section `.ARM.exidx'
configure:9867: $? = 0
configure:9885: result: yes
configure:9916: checking SDL_net.h usability
configure:9933: arm-linux-gcc -c -g -O2  -I/arm-eabi/SDL/include -D_GNU_SOURCE=1 -DQWS -Dmain=SDL_main -D_REENTRANT conftest.c >&5
configure:9939: $? = 0
configure:9953: result: yes
configure:9957: checking SDL_net.h presence
configure:9972: arm-linux-gcc -E  -I/arm-eabi/SDL/include -D_GNU_SOURCE=1 -DQWS -Dmain=SDL_main -D_REENTRANT conftest.c
configure:9978: $? = 0
configure:9992: result: yes
configure:10020: checking for SDL_net.h
configure:10027: result: yes
configure:10091: checking for SDLNet_Init in -lSDL_net
configure:10126: arm-linux-gcc -o conftest -g -O2  -I/arm-eabi/SDL/include -D_GNU_SOURCE=1 -DQWS -Dmain=SDL_main -D_REENTRANT  conftest.c -lSDL_net   -L/arm-eabi/lib -lSDL -lSDLmain -lm -lezxappbase -lqte-mt -lezxpm -llighting -lezxtapi-xscale-r -llog_util -lezxsound -lpng -lz >&5
/arm-eabi/lib/gcc/arm-linux-gnueabi/3.4.3/../../../../arm-linux-gnueabi/bin/ld: /arm-eabi/lib/libezxsound.so: warning: sh_link not set for section `.ARM.exidx'
configure:10132: $? = 0
configure:10150: result: yes
configure:10174: checking for main in -lX11
configure:10203: arm-linux-gcc -o conftest -g -O2  -I/arm-eabi/SDL/include -D_GNU_SOURCE=1 -DQWS -Dmain=SDL_main -D_REENTRANT  conftest.c -lX11   -L/arm-eabi/lib -lSDL -lSDLmain -lm -lezxappbase -lqte-mt -lezxpm -llighting -lezxtapi-xscale-r -llog_util -lezxsound -lpng -lz -lSDL_net >&5
/arm-eabi/lib/gcc/arm-linux-gnueabi/3.4.3/../../../../arm-linux-gnueabi/bin/ld: cannot find -lX11
collect2: ld returned 1 exit status
configure:10209: $? = 1
configure: failed program was:
| /* confdefs.h.  */
| #define PACKAGE_NAME "dosbox"
| #define PACKAGE_TARNAME "dosbox"
| #define PACKAGE_VERSION "0.73"
| #define PACKAGE_STRING "dosbox 0.73"
| #define PACKAGE_BUGREPORT ""
| #define PACKAGE "dosbox"
| #define VERSION "0.73"
| #define STDC_HEADERS 1
| #define HAVE_SYS_TYPES_H 1
| #define HAVE_SYS_STAT_H 1
| #define HAVE_STDLIB_H 1
| #define HAVE_STRING_H 1
| #define HAVE_MEMORY_H 1
| #define HAVE_STRINGS_H 1
| #define HAVE_INTTYPES_H 1
| #define HAVE_STDINT_H 1
| #define HAVE_UNISTD_H 1
| #define SIZEOF_UNSIGNED_CHAR 1
| #define SIZEOF_UNSIGNED_SHORT 2
| #define SIZEOF_UNSIGNED_INT 4
| #define SIZEOF_UNSIGNED_LONG 4
| #define SIZEOF_UNSIGNED_LONG_LONG 8
| #define SIZEOF_INT_P 4
| #define HAVE_STDLIB_H 1
| #define HAVE_SYS_TYPES_H 1
| #define HAVE_SYS_SOCKET_H 1
| #define HAVE_NETINET_IN_H 1
| #define HAVE_PWD_H 1
| #define ENVIRON_INCLUDED 1
| #define ENVIRON_LINKED 1
| #define DIRENT_HAS_D_TYPE 1
| #define C_HAS_ATTRIBUTE 1
| #define C_ATTRIBUTE_ALWAYS_INLINE 1
| #define C_HAS_BUILTIN_EXPECT 1
| #define C_TARGETCPU UNKNOWN
| #define C_FPU 1
| #define C_SSHOT 1
| #define C_MODEM 1
| #define C_IPX 1
| /* end confdefs.h.  */
| 
| 
| int
| main ()
| {
| return main ();
|   ;
|   return 0;
| }
configure:10227: result: no
configure:10245: checking X11/XKBlib.h usability
configure:10262: arm-linux-gcc -c -g -O2  -I/arm-eabi/SDL/include -D_GNU_SOURCE=1 -DQWS -Dmain=SDL_main -D_REENTRANT conftest.c >&5
conftest.c:75:24: X11/XKBlib.h: No such file or directory
configure:10268: $? = 1
configure: failed program was:
| /* confdefs.h.  */
| #define PACKAGE_NAME "dosbox"
| #define PACKAGE_TARNAME "dosbox"
| #define PACKAGE_VERSION "0.73"
| #define PACKAGE_STRING "dosbox 0.73"
| #define PACKAGE_BUGREPORT ""
| #define PACKAGE "dosbox"
| #define VERSION "0.73"
| #define STDC_HEADERS 1
| #define HAVE_SYS_TYPES_H 1
| #define HAVE_SYS_STAT_H 1
| #define HAVE_STDLIB_H 1
| #define HAVE_STRING_H 1
| #define HAVE_MEMORY_H 1
| #define HAVE_STRINGS_H 1
| #define HAVE_INTTYPES_H 1
| #define HAVE_STDINT_H 1
| #define HAVE_UNISTD_H 1
| #define SIZEOF_UNSIGNED_CHAR 1
| #define SIZEOF_UNSIGNED_SHORT 2
| #define SIZEOF_UNSIGNED_INT 4
| #define SIZEOF_UNSIGNED_LONG 4
| #define SIZEOF_UNSIGNED_LONG_LONG 8
| #define SIZEOF_INT_P 4
| #define HAVE_STDLIB_H 1
| #define HAVE_SYS_TYPES_H 1
| #define HAVE_SYS_SOCKET_H 1
| #define HAVE_NETINET_IN_H 1
| #define HAVE_PWD_H 1
| #define ENVIRON_INCLUDED 1
| #define ENVIRON_LINKED 1
| #define DIRENT_HAS_D_TYPE 1
| #define C_HAS_ATTRIBUTE 1
| #define C_ATTRIBUTE_ALWAYS_INLINE 1
| #define C_HAS_BUILTIN_EXPECT 1
| #define C_TARGETCPU UNKNOWN
| #define C_FPU 1
| #define C_SSHOT 1
| #define C_MODEM 1
| #define C_IPX 1
| /* end confdefs.h.  */
| #include <stdio.h>
| #ifdef HAVE_SYS_TYPES_H
| # include <sys/types.h>
| #endif
| #ifdef HAVE_SYS_STAT_H
| # include <sys/stat.h>
| #endif
| #ifdef STDC_HEADERS
| # include <stdlib.h>
| # include <stddef.h>
| #else
| # ifdef HAVE_STDLIB_H
| #  include <stdlib.h>
| # endif
| #endif
| #ifdef HAVE_STRING_H
| # if !defined STDC_HEADERS && defined HAVE_MEMORY_H
| #  include <memory.h>
| # endif
| # include <string.h>
| #endif
| #ifdef HAVE_STRINGS_H
| # include <strings.h>
| #endif
| #ifdef HAVE_INTTYPES_H
| # include <inttypes.h>
| #endif
| #ifdef HAVE_STDINT_H
| # include <stdint.h>
| #endif
| #ifdef HAVE_UNISTD_H
| # include <unistd.h>
| #endif
| #include <X11/XKBlib.h>
configure:10282: result: no
configure:10286: checking X11/XKBlib.h presence
configure:10301: arm-linux-gcc -E  -I/arm-eabi/SDL/include -D_GNU_SOURCE=1 -DQWS -Dmain=SDL_main -D_REENTRANT conftest.c
conftest.c:42:24: X11/XKBlib.h: No such file or directory
configure:10307: $? = 1
configure: failed program was:
| /* confdefs.h.  */
| #define PACKAGE_NAME "dosbox"
| #define PACKAGE_TARNAME "dosbox"
| #define PACKAGE_VERSION "0.73"
| #define PACKAGE_STRING "dosbox 0.73"
| #define PACKAGE_BUGREPORT ""
| #define PACKAGE "dosbox"
| #define VERSION "0.73"
| #define STDC_HEADERS 1
| #define HAVE_SYS_TYPES_H 1
| #define HAVE_SYS_STAT_H 1
| #define HAVE_STDLIB_H 1
| #define HAVE_STRING_H 1
| #define HAVE_MEMORY_H 1
| #define HAVE_STRINGS_H 1
| #define HAVE_INTTYPES_H 1
| #define HAVE_STDINT_H 1
| #define HAVE_UNISTD_H 1
| #define SIZEOF_UNSIGNED_CHAR 1
| #define SIZEOF_UNSIGNED_SHORT 2
| #define SIZEOF_UNSIGNED_INT 4
| #define SIZEOF_UNSIGNED_LONG 4
| #define SIZEOF_UNSIGNED_LONG_LONG 8
| #define SIZEOF_INT_P 4
| #define HAVE_STDLIB_H 1
| #define HAVE_SYS_TYPES_H 1
| #define HAVE_SYS_SOCKET_H 1
| #define HAVE_NETINET_IN_H 1
| #define HAVE_PWD_H 1
| #define ENVIRON_INCLUDED 1
| #define ENVIRON_LINKED 1
| #define DIRENT_HAS_D_TYPE 1
| #define C_HAS_ATTRIBUTE 1
| #define C_ATTRIBUTE_ALWAYS_INLINE 1
| #define C_HAS_BUILTIN_EXPECT 1
| #define C_TARGETCPU UNKNOWN
| #define C_FPU 1
| #define C_SSHOT 1
| #define C_MODEM 1
| #define C_IPX 1
| /* end confdefs.h.  */
| #include <X11/XKBlib.h>
configure:10321: result: no
configure:10349: checking for X11/XKBlib.h
configure:10356: result: no
configure:10367: checking for XKBlib support
configure:10378: result: no
configure:10384: checking for main in -lGL
configure:10413: arm-linux-gcc -o conftest -g -O2  -I/arm-eabi/SDL/include -D_GNU_SOURCE=1 -DQWS -Dmain=SDL_main -D_REENTRANT  conftest.c -lGL   -L/arm-eabi/lib -lSDL -lSDLmain -lm -lezxappbase -lqte-mt -lezxpm -llighting -lezxtapi-xscale-r -llog_util -lezxsound -lpng -lz -lSDL_net >&5
/arm-eabi/lib/gcc/arm-linux-gnueabi/3.4.3/../../../../arm-linux-gnueabi/bin/ld: cannot find -lGL
collect2: ld returned 1 exit status
configure:10419: $? = 1
configure: failed program was:
| /* confdefs.h.  */
| #define PACKAGE_NAME "dosbox"
| #define PACKAGE_TARNAME "dosbox"
| #define PACKAGE_VERSION "0.73"
| #define PACKAGE_STRING "dosbox 0.73"
| #define PACKAGE_BUGREPORT ""
| #define PACKAGE "dosbox"
| #define VERSION "0.73"
| #define STDC_HEADERS 1
| #define HAVE_SYS_TYPES_H 1
| #define HAVE_SYS_STAT_H 1
| #define HAVE_STDLIB_H 1
| #define HAVE_STRING_H 1
| #define HAVE_MEMORY_H 1
| #define HAVE_STRINGS_H 1
| #define HAVE_INTTYPES_H 1
| #define HAVE_STDINT_H 1
| #define HAVE_UNISTD_H 1
| #define SIZEOF_UNSIGNED_CHAR 1
| #define SIZEOF_UNSIGNED_SHORT 2
| #define SIZEOF_UNSIGNED_INT 4
| #define SIZEOF_UNSIGNED_LONG 4
| #define SIZEOF_UNSIGNED_LONG_LONG 8
| #define SIZEOF_INT_P 4
| #define HAVE_STDLIB_H 1
| #define HAVE_SYS_TYPES_H 1
| #define HAVE_SYS_SOCKET_H 1
| #define HAVE_NETINET_IN_H 1
| #define HAVE_PWD_H 1
| #define ENVIRON_INCLUDED 1
| #define ENVIRON_LINKED 1
| #define DIRENT_HAS_D_TYPE 1
| #define C_HAS_ATTRIBUTE 1
| #define C_ATTRIBUTE_ALWAYS_INLINE 1
| #define C_HAS_BUILTIN_EXPECT 1
| #define C_TARGETCPU UNKNOWN
| #define C_FPU 1
| #define C_SSHOT 1
| #define C_MODEM 1
| #define C_IPX 1
| /* end confdefs.h.  */
| 
| 
| int
| main ()
| {
| return main ();
|   ;
|   return 0;
| }
configure:10437: result: no
configure:10445: checking for main in -lopengl32
configure:10474: arm-linux-gcc -o conftest -g -O2  -I/arm-eabi/SDL/include -D_GNU_SOURCE=1 -DQWS -Dmain=SDL_main -D_REENTRANT  conftest.c -lopengl32   -L/arm-eabi/lib -lSDL -lSDLmain -lm -lezxappbase -lqte-mt -lezxpm -llighting -lezxtapi-xscale-r -llog_util -lezxsound -lpng -lz -lSDL_net >&5
/arm-eabi/lib/gcc/arm-linux-gnueabi/3.4.3/../../../../arm-linux-gnueabi/bin/ld: cannot find -lopengl32
collect2: ld returned 1 exit status
configure:10480: $? = 1
configure: failed program was:
| /* confdefs.h.  */
| #define PACKAGE_NAME "dosbox"
| #define PACKAGE_TARNAME "dosbox"
| #define PACKAGE_VERSION "0.73"
| #define PACKAGE_STRING "dosbox 0.73"
| #define PACKAGE_BUGREPORT ""
| #define PACKAGE "dosbox"
| #define VERSION "0.73"
| #define STDC_HEADERS 1
| #define HAVE_SYS_TYPES_H 1
| #define HAVE_SYS_STAT_H 1
| #define HAVE_STDLIB_H 1
| #define HAVE_STRING_H 1
| #define HAVE_MEMORY_H 1
| #define HAVE_STRINGS_H 1
| #define HAVE_INTTYPES_H 1
| #define HAVE_STDINT_H 1
| #define HAVE_UNISTD_H 1
| #define SIZEOF_UNSIGNED_CHAR 1
| #define SIZEOF_UNSIGNED_SHORT 2
| #define SIZEOF_UNSIGNED_INT 4
| #define SIZEOF_UNSIGNED_LONG 4
| #define SIZEOF_UNSIGNED_LONG_LONG 8
| #define SIZEOF_INT_P 4
| #define HAVE_STDLIB_H 1
| #define HAVE_SYS_TYPES_H 1
| #define HAVE_SYS_SOCKET_H 1
| #define HAVE_NETINET_IN_H 1
| #define HAVE_PWD_H 1
| #define ENVIRON_INCLUDED 1
| #define ENVIRON_LINKED 1
| #define DIRENT_HAS_D_TYPE 1
| #define C_HAS_ATTRIBUTE 1
| #define C_ATTRIBUTE_ALWAYS_INLINE 1
| #define C_HAS_BUILTIN_EXPECT 1
| #define C_TARGETCPU UNKNOWN
| #define C_FPU 1
| #define C_SSHOT 1
| #define C_MODEM 1
| #define C_IPX 1
| /* end confdefs.h.  */
| 
| 
| int
| main ()
| {
| return main ();
|   ;
|   return 0;
| }
configure:10498: result: no
configure:10516: checking GL/gl.h usability
configure:10533: arm-linux-gcc -c -g -O2  -I/arm-eabi/SDL/include -D_GNU_SOURCE=1 -DQWS -Dmain=SDL_main -D_REENTRANT conftest.c >&5
conftest.c:75:19: GL/gl.h: No such file or directory
configure:10539: $? = 1
configure: failed program was:
| /* confdefs.h.  */
| #define PACKAGE_NAME "dosbox"
| #define PACKAGE_TARNAME "dosbox"
| #define PACKAGE_VERSION "0.73"
| #define PACKAGE_STRING "dosbox 0.73"
| #define PACKAGE_BUGREPORT ""
| #define PACKAGE "dosbox"
| #define VERSION "0.73"
| #define STDC_HEADERS 1
| #define HAVE_SYS_TYPES_H 1
| #define HAVE_SYS_STAT_H 1
| #define HAVE_STDLIB_H 1
| #define HAVE_STRING_H 1
| #define HAVE_MEMORY_H 1
| #define HAVE_STRINGS_H 1
| #define HAVE_INTTYPES_H 1
| #define HAVE_STDINT_H 1
| #define HAVE_UNISTD_H 1
| #define SIZEOF_UNSIGNED_CHAR 1
| #define SIZEOF_UNSIGNED_SHORT 2
| #define SIZEOF_UNSIGNED_INT 4
| #define SIZEOF_UNSIGNED_LONG 4
| #define SIZEOF_UNSIGNED_LONG_LONG 8
| #define SIZEOF_INT_P 4
| #define HAVE_STDLIB_H 1
| #define HAVE_SYS_TYPES_H 1
| #define HAVE_SYS_SOCKET_H 1
| #define HAVE_NETINET_IN_H 1
| #define HAVE_PWD_H 1
| #define ENVIRON_INCLUDED 1
| #define ENVIRON_LINKED 1
| #define DIRENT_HAS_D_TYPE 1
| #define C_HAS_ATTRIBUTE 1
| #define C_ATTRIBUTE_ALWAYS_INLINE 1
| #define C_HAS_BUILTIN_EXPECT 1
| #define C_TARGETCPU UNKNOWN
| #define C_FPU 1
| #define C_SSHOT 1
| #define C_MODEM 1
| #define C_IPX 1
| /* end confdefs.h.  */
| #include <stdio.h>
| #ifdef HAVE_SYS_TYPES_H
| # include <sys/types.h>
| #endif
| #ifdef HAVE_SYS_STAT_H
| # include <sys/stat.h>
| #endif
| #ifdef STDC_HEADERS
| # include <stdlib.h>
| # include <stddef.h>
| #else
| # ifdef HAVE_STDLIB_H
| #  include <stdlib.h>
| # endif
| #endif
| #ifdef HAVE_STRING_H
| # if !defined STDC_HEADERS && defined HAVE_MEMORY_H
| #  include <memory.h>
| # endif
| # include <string.h>
| #endif
| #ifdef HAVE_STRINGS_H
| # include <strings.h>
| #endif
| #ifdef HAVE_INTTYPES_H
| # include <inttypes.h>
| #endif
| #ifdef HAVE_STDINT_H
| # include <stdint.h>
| #endif
| #ifdef HAVE_UNISTD_H
| # include <unistd.h>
| #endif
| #include <GL/gl.h>
configure:10553: result: no
configure:10557: checking GL/gl.h presence
configure:10572: arm-linux-gcc -E  -I/arm-eabi/SDL/include -D_GNU_SOURCE=1 -DQWS -Dmain=SDL_main -D_REENTRANT conftest.c
conftest.c:42:19: GL/gl.h: No such file or directory
configure:10578: $? = 1
configure: failed program was:
| /* confdefs.h.  */
| #define PACKAGE_NAME "dosbox"
| #define PACKAGE_TARNAME "dosbox"
| #define PACKAGE_VERSION "0.73"
| #define PACKAGE_STRING "dosbox 0.73"
| #define PACKAGE_BUGREPORT ""
| #define PACKAGE "dosbox"
| #define VERSION "0.73"
| #define STDC_HEADERS 1
| #define HAVE_SYS_TYPES_H 1
| #define HAVE_SYS_STAT_H 1
| #define HAVE_STDLIB_H 1
| #define HAVE_STRING_H 1
| #define HAVE_MEMORY_H 1
| #define HAVE_STRINGS_H 1
| #define HAVE_INTTYPES_H 1
| #define HAVE_STDINT_H 1
| #define HAVE_UNISTD_H 1
| #define SIZEOF_UNSIGNED_CHAR 1
| #define SIZEOF_UNSIGNED_SHORT 2
| #define SIZEOF_UNSIGNED_INT 4
| #define SIZEOF_UNSIGNED_LONG 4
| #define SIZEOF_UNSIGNED_LONG_LONG 8
| #define SIZEOF_INT_P 4
| #define HAVE_STDLIB_H 1
| #define HAVE_SYS_TYPES_H 1
| #define HAVE_SYS_SOCKET_H 1
| #define HAVE_NETINET_IN_H 1
| #define HAVE_PWD_H 1
| #define ENVIRON_INCLUDED 1
| #define ENVIRON_LINKED 1
| #define DIRENT_HAS_D_TYPE 1
| #define C_HAS_ATTRIBUTE 1
| #define C_ATTRIBUTE_ALWAYS_INLINE 1
| #define C_HAS_BUILTIN_EXPECT 1
| #define C_TARGETCPU UNKNOWN
| #define C_FPU 1
| #define C_SSHOT 1
| #define C_MODEM 1
| #define C_IPX 1
| /* end confdefs.h.  */
| #include <GL/gl.h>
configure:10592: result: no
configure:10620: checking for GL/gl.h
configure:10627: result: no
configure:10645: checking whether opengl display output will be enabled
configure:10676: result: no
configure:10695: checking SDL_sound.h usability
configure:10712: arm-linux-gcc -c -g -O2  -I/arm-eabi/SDL/include -D_GNU_SOURCE=1 -DQWS -Dmain=SDL_main -D_REENTRANT conftest.c >&5
configure:10718: $? = 0
configure:10732: result: yes
configure:10736: checking SDL_sound.h presence
configure:10751: arm-linux-gcc -E  -I/arm-eabi/SDL/include -D_GNU_SOURCE=1 -DQWS -Dmain=SDL_main -D_REENTRANT conftest.c
configure:10757: $? = 0
configure:10771: result: yes
configure:10799: checking for SDL_sound.h
configure:10806: result: yes
configure:10815: checking for Sound_Init in -lSDL_sound
configure:10850: arm-linux-gcc -o conftest -g -O2  -I/arm-eabi/SDL/include -D_GNU_SOURCE=1 -DQWS -Dmain=SDL_main -D_REENTRANT  conftest.c -lSDL_sound   -L/arm-eabi/lib -lSDL -lSDLmain -lm -lezxappbase -lqte-mt -lezxpm -llighting -lezxtapi-xscale-r -llog_util -lezxsound -lpng -lz -lSDL_net >&5
/arm-eabi/lib/gcc/arm-linux-gnueabi/3.4.3/../../../../arm-linux-gnueabi/bin/ld: /arm-eabi/lib/libezxsound.so: warning: sh_link not set for section `.ARM.exidx'
/arm-eabi/lib/gcc/arm-linux-gnueabi/3.4.3/../../../../arm-linux-gnueabi/bin/ld: warning: libSDL_ttf-2.0.so.0, needed by /arm-eabi/lib/libSDL_sound.so, not found (try using -rpath or -rpath-link)
/arm-eabi/lib/gcc/arm-linux-gnueabi/3.4.3/../../../../arm-linux-gnueabi/bin/ld: warning: libfreetype.so.6, needed by /arm-eabi/lib/libSDL_sound.so, not found (try using -rpath or -rpath-link)
configure:10856: $? = 0
configure:10874: result: yes
configure:10880: checking for Sound_Seek in -lSDL_sound
configure:10915: arm-linux-gcc -o conftest -g -O2  -I/arm-eabi/SDL/include -D_GNU_SOURCE=1 -DQWS -Dmain=SDL_main -D_REENTRANT  conftest.c -lSDL_sound   -L/arm-eabi/lib -lSDL -lSDLmain -lm -lezxappbase -lqte-mt -lezxpm -llighting -lezxtapi-xscale-r -llog_util -lezxsound -lpng -lz -lSDL_net >&5
/arm-eabi/lib/gcc/arm-linux-gnueabi/3.4.3/../../../../arm-linux-gnueabi/bin/ld: /arm-eabi/lib/libezxsound.so: warning: sh_link not set for section `.ARM.exidx'
/arm-eabi/lib/gcc/arm-linux-gnueabi/3.4.3/../../../../arm-linux-gnueabi/bin/ld: warning: libSDL_ttf-2.0.so.0, needed by /arm-eabi/lib/libSDL_sound.so, not found (try using -rpath or -rpath-link)
/arm-eabi/lib/gcc/arm-linux-gnueabi/3.4.3/../../../../arm-linux-gnueabi/bin/ld: warning: libfreetype.so.6, needed by /arm-eabi/lib/libSDL_sound.so, not found (try using -rpath or -rpath-link)
configure:10921: $? = 0
configure:10939: result: yes
configure:10973: checking sys/mman.h usability
configure:10990: arm-linux-gcc -c -g -O2  -I/arm-eabi/SDL/include -D_GNU_SOURCE=1 -DQWS -Dmain=SDL_main -D_REENTRANT conftest.c >&5
configure:10996: $? = 0
configure:11010: result: yes
configure:11014: checking sys/mman.h presence
configure:11029: arm-linux-gcc -E  -I/arm-eabi/SDL/include -D_GNU_SOURCE=1 -DQWS -Dmain=SDL_main -D_REENTRANT conftest.c
configure:11035: $? = 0
configure:11049: result: yes
configure:11077: checking for sys/mman.h
configure:11084: result: yes
configure:11090: checking for mprotect
configure:11146: arm-linux-gcc -o conftest -g -O2  -I/arm-eabi/SDL/include -D_GNU_SOURCE=1 -DQWS -Dmain=SDL_main -D_REENTRANT  conftest.c -lSDL_sound  -L/arm-eabi/lib -lSDL -lSDLmain -lm -lezxappbase -lqte-mt -lezxpm -llighting -lezxtapi-xscale-r -llog_util -lezxsound -lpng -lz -lSDL_net >&5
/arm-eabi/lib/gcc/arm-linux-gnueabi/3.4.3/../../../../arm-linux-gnueabi/bin/ld: /arm-eabi/lib/libezxsound.so: warning: sh_link not set for section `.ARM.exidx'
/arm-eabi/lib/gcc/arm-linux-gnueabi/3.4.3/../../../../arm-linux-gnueabi/bin/ld: warning: libSDL_ttf-2.0.so.0, needed by /arm-eabi/lib/libSDL_sound.so, not found (try using -rpath or -rpath-link)
/arm-eabi/lib/gcc/arm-linux-gnueabi/3.4.3/../../../../arm-linux-gnueabi/bin/ld: warning: libfreetype.so.6, needed by /arm-eabi/lib/libSDL_sound.so, not found (try using -rpath or -rpath-link)
configure:11152: $? = 0
configure:11169: result: yes
configure:11185: checking for setpriority support
configure:11201: arm-linux-gcc -o conftest -g -O2  -I/arm-eabi/SDL/include -D_GNU_SOURCE=1 -DQWS -Dmain=SDL_main -D_REENTRANT  conftest.c -lSDL_sound  -L/arm-eabi/lib -lSDL -lSDLmain -lm -lezxappbase -lqte-mt -lezxpm -llighting -lezxtapi-xscale-r -llog_util -lezxsound -lpng -lz -lSDL_net >&5
/arm-eabi/lib/gcc/arm-linux-gnueabi/3.4.3/../../../../arm-linux-gnueabi/bin/ld: /arm-eabi/lib/libezxsound.so: warning: sh_link not set for section `.ARM.exidx'
/arm-eabi/lib/gcc/arm-linux-gnueabi/3.4.3/../../../../arm-linux-gnueabi/bin/ld: warning: libSDL_ttf-2.0.so.0, needed by /arm-eabi/lib/libSDL_sound.so, not found (try using -rpath or -rpath-link)
/arm-eabi/lib/gcc/arm-linux-gnueabi/3.4.3/../../../../arm-linux-gnueabi/bin/ld: warning: libfreetype.so.6, needed by /arm-eabi/lib/libSDL_sound.so, not found (try using -rpath or -rpath-link)
configure:11207: $? = 0
configure:11213: result: yes
configure:11677: creating ./config.status

## ---------------------- ##
## Running config.status. ##
## ---------------------- ##

This file was extended by dosbox config.status 0.73, which was
generated by GNU Autoconf 2.61.  Invocation command line was

  CONFIG_FILES    = 
  CONFIG_HEADERS  = 
  CONFIG_LINKS    = 
  CONFIG_COMMANDS = 
  $ ./config.status 

on hellmachine

config.status:688: creating Makefile
config.status:688: creating src/Makefile
config.status:688: creating src/cpu/Makefile
config.status:688: creating src/cpu/core_full/Makefile
config.status:688: creating src/cpu/core_normal/Makefile
config.status:688: creating src/cpu/core_dyn_x86/Makefile
config.status:688: creating src/cpu/core_dynrec/Makefile
config.status:688: creating src/debug/Makefile
config.status:688: creating src/dos/Makefile
config.status:688: creating src/fpu/Makefile
config.status:688: creating src/gui/Makefile
config.status:688: creating src/hardware/Makefile
config.status:688: creating src/hardware/serialport/Makefile
config.status:688: creating src/ints/Makefile
config.status:688: creating src/libs/Makefile
config.status:688: creating src/libs/zmbv/Makefile
config.status:688: creating src/libs/gui_tk/Makefile
config.status:688: creating src/misc/Makefile
config.status:688: creating src/shell/Makefile
config.status:688: creating src/platform/Makefile
config.status:688: creating src/platform/visualc/Makefile
config.status:688: creating visualc_net/Makefile
config.status:688: creating include/Makefile
config.status:688: creating docs/Makefile
config.status:688: creating config.h
config.status:941: config.h is unchanged
config.status:988: executing depfiles commands

## ---------------- ##
## Cache variables. ##
## ---------------- ##

ac_cv_build=i686-pc-linux-gnu
ac_cv_c_bigendian=no
ac_cv_c_compiler_gnu=yes
ac_cv_c_const=yes
ac_cv_c_inline=inline
ac_cv_cxx_compiler_gnu=yes
ac_cv_env_CCC_set=
ac_cv_env_CCC_value=
ac_cv_env_CC_set=
ac_cv_env_CC_value=
ac_cv_env_CFLAGS_set=
ac_cv_env_CFLAGS_value=
ac_cv_env_CPPFLAGS_set=
ac_cv_env_CPPFLAGS_value=
ac_cv_env_CPP_set=
ac_cv_env_CPP_value=
ac_cv_env_CXXFLAGS_set=set
ac_cv_env_CXXFLAGS_value=-Os
ac_cv_env_CXX_set=
ac_cv_env_CXX_value=
ac_cv_env_LDFLAGS_set=
ac_cv_env_LDFLAGS_value=
ac_cv_env_LIBS_set=
ac_cv_env_LIBS_value=
ac_cv_env_build_alias_set=
ac_cv_env_build_alias_value=
ac_cv_env_host_alias_set=set
ac_cv_env_host_alias_value=arm-linux
ac_cv_env_target_alias_set=
ac_cv_env_target_alias_value=
ac_cv_func_mprotect=yes
ac_cv_header_GL_gl_h=no
ac_cv_header_SDL_net_h=yes
ac_cv_header_SDL_sound_h=yes
ac_cv_header_X11_XKBlib_h=no
ac_cv_header_inttypes_h=yes
ac_cv_header_memory_h=yes
ac_cv_header_netinet_in_h=yes
ac_cv_header_png_h=yes
ac_cv_header_pwd_h=yes
ac_cv_header_stdc=yes
ac_cv_header_stdint_h=yes
ac_cv_header_stdlib_h=yes
ac_cv_header_string_h=yes
ac_cv_header_strings_h=yes
ac_cv_header_sys_mman_h=yes
ac_cv_header_sys_socket_h=yes
ac_cv_header_sys_stat_h=yes
ac_cv_header_sys_types_h=yes
ac_cv_header_unistd_h=yes
ac_cv_host=arm-unknown-linux-gnu
ac_cv_lib_GL_main=no
ac_cv_lib_SDL_net_SDLNet_Init=yes
ac_cv_lib_SDL_sound_Sound_Init=yes
ac_cv_lib_SDL_sound_Sound_Seek=yes
ac_cv_lib_X11_main=no
ac_cv_lib_asound_snd_ctl_open=no
ac_cv_lib_opengl32_main=no
ac_cv_lib_png_png_check_sig=yes
ac_cv_objext=o
ac_cv_path_EGREP='/bin/grep -E'
ac_cv_path_GREP=/bin/grep
ac_cv_path_SDL_CONFIG=/usr/bin/sdl-config
ac_cv_path_install='/usr/bin/install -c'
ac_cv_path_mkdir=/bin/mkdir
ac_cv_prog_AWK=gawk
ac_cv_prog_CC=arm-linux-gcc
ac_cv_prog_CPP='arm-linux-gcc -E'
ac_cv_prog_CXX=arm-linux-g++
ac_cv_prog_RANLIB=arm-linux-ranlib
ac_cv_prog_ac_ct_STRIP=strip
ac_cv_prog_cc_c89=
ac_cv_prog_cc_g=yes
ac_cv_prog_cxx_g=yes
ac_cv_prog_make_make_set=yes
ac_cv_sizeof_int_p=4
ac_cv_sizeof_unsigned_char=1
ac_cv_sizeof_unsigned_int=4
ac_cv_sizeof_unsigned_long=4
ac_cv_sizeof_unsigned_long_long=8
ac_cv_sizeof_unsigned_short=2
ac_cv_struct_tm=time.h
ac_cv_target=arm-unknown-linux-gnu
ac_cv_type_int_p=yes
ac_cv_type_size_t=yes
ac_cv_type_unsigned_char=yes
ac_cv_type_unsigned_int=yes
ac_cv_type_unsigned_long=yes
ac_cv_type_unsigned_long_long=yes
ac_cv_type_unsigned_short=yes
am_cv_CC_dependencies_compiler_type=gcc3
am_cv_CXX_dependencies_compiler_type=gcc3

## ----------------- ##
## Output variables. ##
## ----------------- ##

ACLOCAL='${SHELL} /install/moto/dosboxarm/missing --run aclocal-1.10'
ALSA_CFLAGS=''
ALSA_LIBS=''
AMDEPBACKSLASH='\'
AMDEP_FALSE='#'
AMDEP_TRUE=''
AMTAR='${SHELL} /install/moto/dosboxarm/missing --run tar'
AUTOCONF='${SHELL} /install/moto/dosboxarm/missing --run autoconf'
AUTOHEADER='${SHELL} /install/moto/dosboxarm/missing --run autoheader'
AUTOMAKE='${SHELL} /install/moto/dosboxarm/missing --run automake-1.10'
AWK='gawk'
CC='arm-linux-gcc'
CCDEPMODE='depmode=gcc3'
CFLAGS='-g -O2'
CPP='arm-linux-gcc -E'
CPPFLAGS=' -I/arm-eabi/SDL/include -D_GNU_SOURCE=1 -DQWS -Dmain=SDL_main -D_REENTRANT'
CXX='arm-linux-g++'
CXXDEPMODE='depmode=gcc3'
CXXFLAGS='-Os '
CYGPATH_W='echo'
DEFS='-DHAVE_CONFIG_H'
DEPDIR='.deps'
ECHO_C=''
ECHO_N='-n'
ECHO_T=''
EGREP='/bin/grep -E'
EXEEXT=''
GREP='/bin/grep'
HAVE_WINDRES_FALSE=''
HAVE_WINDRES_TRUE='#'
INSTALL_DATA='${INSTALL} -m 644'
INSTALL_PROGRAM='${INSTALL}'
INSTALL_SCRIPT='${INSTALL}'
INSTALL_STRIP_PROGRAM='$(install_sh) -c -s'
LDFLAGS=''
LIBOBJS=''
LIBS='-lSDL_sound  -L/arm-eabi/lib -lSDL -lSDLmain -lm -lezxappbase -lqte-mt -lezxpm -llighting -lezxtapi-xscale-r -llog_util -lezxsound -lpng -lz -lSDL_net'
LTLIBOBJS=''
MAKEINFO='${SHELL} /install/moto/dosboxarm/missing --run makeinfo'
OBJEXT='o'
PACKAGE='dosbox'
PACKAGE_BUGREPORT=''
PACKAGE_NAME='dosbox'
PACKAGE_STRING='dosbox 0.73'
PACKAGE_TARNAME='dosbox'
PACKAGE_VERSION='0.73'
PATH_SEPARATOR=':'
RANLIB='arm-linux-ranlib'
SDL_CFLAGS='-I/arm-eabi/SDL/include -D_GNU_SOURCE=1 -DQWS -Dmain=SDL_main -D_REENTRANT'
SDL_CONFIG='/usr/bin/sdl-config'
SDL_LIBS='-L/arm-eabi/lib -lSDL -lSDLmain -lm -lezxappbase -lqte-mt -lezxpm -llighting -lezxtapi-xscale-r -llog_util -lezxsound'
SET_MAKE=''
SHELL='/bin/bash'
STRIP='strip'
VERSION='0.73'
WINDRES=':'
ac_ct_CC=''
ac_ct_CXX=''
am__fastdepCC_FALSE='#'
am__fastdepCC_TRUE=''
am__fastdepCXX_FALSE='#'
am__fastdepCXX_TRUE=''
am__include='include'
am__isrc=''
am__leading_dot='.'
am__quote=''
am__tar='${AMTAR} chof - "$$tardir"'
am__untar='${AMTAR} xf -'
bindir='${exec_prefix}/bin'
build='i686-pc-linux-gnu'
build_alias=''
build_cpu='i686'
build_os='linux-gnu'
build_vendor='pc'
datadir='${datarootdir}'
datarootdir='${prefix}/share'
docdir='${datarootdir}/doc/${PACKAGE_TARNAME}'
dvidir='${docdir}'
exec_prefix='${prefix}'
host='arm-unknown-linux-gnu'
host_alias='arm-linux'
host_cpu='arm'
host_os='linux-gnu'
host_vendor='unknown'
htmldir='${docdir}'
includedir='${prefix}/include'
infodir='${datarootdir}/info'
install_sh='$(SHELL) /install/moto/dosboxarm/install-sh'
libdir='${exec_prefix}/lib'
libexecdir='${exec_prefix}/libexec'
localedir='${datarootdir}/locale'
localstatedir='${prefix}/var'
mandir='${datarootdir}/man'
mkdir_p='/bin/mkdir -p'
oldincludedir='/usr/include'
pdfdir='${docdir}'
prefix='/usr/local'
program_transform_name='s,x,x,'
psdir='${docdir}'
sbindir='${exec_prefix}/sbin'
sharedstatedir='${prefix}/com'
sysconfdir='${prefix}/etc'
target='arm-unknown-linux-gnu'
target_alias=''
target_cpu='arm'
target_os='linux-gnu'
target_vendor='unknown'

## ----------- ##
## confdefs.h. ##
## ----------- ##

#define PACKAGE_NAME "dosbox"
#define PACKAGE_TARNAME "dosbox"
#define PACKAGE_VERSION "0.73"
#define PACKAGE_STRING "dosbox 0.73"
#define PACKAGE_BUGREPORT ""
#define PACKAGE "dosbox"
#define VERSION "0.73"
#define STDC_HEADERS 1
#define HAVE_SYS_TYPES_H 1
#define HAVE_SYS_STAT_H 1
#define HAVE_STDLIB_H 1
#define HAVE_STRING_H 1
#define HAVE_MEMORY_H 1
#define HAVE_STRINGS_H 1
#define HAVE_INTTYPES_H 1
#define HAVE_STDINT_H 1
#define HAVE_UNISTD_H 1
#define SIZEOF_UNSIGNED_CHAR 1
#define SIZEOF_UNSIGNED_SHORT 2
#define SIZEOF_UNSIGNED_INT 4
#define SIZEOF_UNSIGNED_LONG 4
#define SIZEOF_UNSIGNED_LONG_LONG 8
#define SIZEOF_INT_P 4
#define HAVE_STDLIB_H 1
#define HAVE_SYS_TYPES_H 1
#define HAVE_SYS_SOCKET_H 1
#define HAVE_NETINET_IN_H 1
#define HAVE_PWD_H 1
#define ENVIRON_INCLUDED 1
#define ENVIRON_LINKED 1
#define DIRENT_HAS_D_TYPE 1
#define C_HAS_ATTRIBUTE 1
#define C_ATTRIBUTE_ALWAYS_INLINE 1
#define C_HAS_BUILTIN_EXPECT 1
#define C_TARGETCPU UNKNOWN
#define C_FPU 1
#define C_SSHOT 1
#define C_MODEM 1
#define C_IPX 1
#define C_SDL_SOUND 1
#define C_HAVE_MPROTECT 1
#define C_SET_PRIORITY 1
#define LINUX 1
#define C_DIRECTSERIAL 1

configure: exit 0
