This file contains any messages produced by compilers while
running configure, to aid debugging if configure makes a mistake.

It was created by SuperTux configure 0.1.3, which was
generated by GNU Autoconf 2.59.  Invocation command line was

  $ ./configure --host=arm-linux-gnueabi --prefix=/home/harihara/Documentos/Compiling/supertux-0.1.3-ezx80-0 --disable-opengl --with-sdl-prefix=/arm-eabi/SDL

## --------- ##
## Platform. ##
## --------- ##

hostname = harihara-desktop
uname -m = i686
uname -r = 2.6.28-14-generic
uname -s = Linux
uname -v = #47-Ubuntu SMP Sat Jul 25 00:28:35 UTC 2009

/usr/bin/uname -p = unknown
/bin/uname -X     = unknown

/bin/arch              = unknown
/usr/bin/arch -k       = unknown
/usr/convex/getsysinfo = unknown
hostinfo               = unknown
/bin/machine           = unknown
/usr/bin/oslevel       = unknown
/bin/universe          = unknown

PATH: /arm-eabi/arm-linux-gnueabi/bin
PATH: /usr/local/sbin
PATH: /usr/local/bin
PATH: /usr/sbin
PATH: /usr/bin
PATH: /sbin
PATH: /bin
PATH: /usr/games


## ----------- ##
## Core tests. ##
## ----------- ##

configure:1374: checking build system type
configure:1392: result: i686-pc-linux-gnu
configure:1400: checking host system type
configure:1414: result: arm-unknown-linux-gnueabi
configure:1422: checking target system type
configure:1436: result: arm-unknown-linux-gnueabi
configure:1464: checking for a BSD-compatible install
configure:1519: result: /usr/bin/install -c
configure:1530: checking whether build environment is sane
configure:1573: result: yes
configure:1606: checking for gawk
configure:1635: result: no
configure:1606: checking for mawk
configure:1622: found /usr/bin/mawk
configure:1632: result: mawk
configure:1642: checking whether make sets $(MAKE)
configure:1662: result: yes
configure:1741: checking for arm-linux-gnueabi-strip
configure:1767: result: /arm-eabi/arm-linux-gnueabi/bin/strip
configure:1837: checking for arm-linux-gnueabi-gcc
configure:1863: result: /arm-eabi/arm-linux-gnueabi/bin/gcc
configure:2145: checking for C compiler version
configure:2148: /arm-eabi/arm-linux-gnueabi/bin/gcc --version </dev/null >&5
gcc (GCC) 3.4.3 (MontaVista 3.4.3-25.0.96.%{_mvl_build_id} 2007-11-17)
Copyright (C) 2004 Free Software Foundation, Inc.
This is free software; see the source for copying conditions.  There is NO
warranty; not even for MERCHANTABILITY or FITNESS FOR A PARTICULAR PURPOSE.

configure:2151: $? = 0
configure:2153: /arm-eabi/arm-linux-gnueabi/bin/gcc -v </dev/null >&5
Reading specs from /arm-eabi/lib/gcc/arm-linux-gnueabi/3.4.3/specs
Configured with: ./configure --target=arm-linux-gnueabi --prefix=/arm-eabi --enable-__cxa_atexit --enable-shared --enable-languages=c,c++ --enable-threads=posix --disable-multilib --with-float=softfp --with-arch=armv6 : (reconfigured) ./configure --target=arm-linux-gnueabi --prefix=/arm-eabi --enable-__cxa_atexit --enable-shared --enable-languages=c,c++ --enable-threads=posix --disable-multilib --with-float=softfp --with-arch=armv6
Thread model: posix
gcc version 3.4.3 (MontaVista 3.4.3-25.0.96.%{_mvl_build_id} 2007-11-17)
configure:2156: $? = 0
configure:2158: /arm-eabi/arm-linux-gnueabi/bin/gcc -V </dev/null >&5
gcc: `-V' option must have argument
configure:2161: $? = 1
configure:2184: checking for C compiler default output file name
configure:2187: /arm-eabi/arm-linux-gnueabi/bin/gcc    conftest.c  >&5
configure:2190: $? = 0
configure:2236: result: a.out
configure:2241: checking whether the C compiler works
configure:2247: ./a.out
./configure: line 2248: ./a.out: cannot execute binary file
configure:2250: $? = 126
configure:2267: result: yes
configure:2274: checking whether we are cross compiling
configure:2276: result: yes
configure:2279: checking for suffix of executables
configure:2281: /arm-eabi/arm-linux-gnueabi/bin/gcc -o conftest    conftest.c  >&5
configure:2284: $? = 0
configure:2309: result: 
configure:2315: checking for suffix of object files
configure:2336: /arm-eabi/arm-linux-gnueabi/bin/gcc -c   conftest.c >&5
configure:2339: $? = 0
configure:2361: result: o
configure:2365: checking whether we are using the GNU C compiler
configure:2389: /arm-eabi/arm-linux-gnueabi/bin/gcc -c   conftest.c >&5
configure:2395: $? = 0
configure:2398: test -z 			 || test ! -s conftest.err
configure:2401: $? = 0
configure:2404: test -s conftest.o
configure:2407: $? = 0
configure:2420: result: yes
configure:2426: checking whether /arm-eabi/arm-linux-gnueabi/bin/gcc accepts -g
configure:2447: /arm-eabi/arm-linux-gnueabi/bin/gcc -c -g  conftest.c >&5
configure:2453: $? = 0
configure:2456: test -z 			 || test ! -s conftest.err
configure:2459: $? = 0
configure:2462: test -s conftest.o
configure:2465: $? = 0
configure:2476: result: yes
configure:2493: checking for /arm-eabi/arm-linux-gnueabi/bin/gcc option to accept ANSI C
configure:2563: /arm-eabi/arm-linux-gnueabi/bin/gcc  -c -g -O2  conftest.c >&5
configure:2569: $? = 0
configure:2572: test -z 			 || test ! -s conftest.err
configure:2575: $? = 0
configure:2578: test -s conftest.o
configure:2581: $? = 0
configure:2599: result: none needed
configure:2617: /arm-eabi/arm-linux-gnueabi/bin/gcc -c -g -O2  conftest.c >&5
conftest.c:2: error: parse error before "me"
configure:2623: $? = 1
configure: failed program was:
| #ifndef __cplusplus
|   choke me
| #endif
configure:2764: checking for style of include used by make
configure:2792: result: GNU
configure:2820: checking dependency style of /arm-eabi/arm-linux-gnueabi/bin/gcc
configure:2903: result: gcc3
configure:2930: checking for arm-linux-gnueabi-g++
configure:2956: result: /arm-eabi/arm-linux-gnueabi/bin/g++
configure:3014: checking for C++ compiler version
configure:3017: /arm-eabi/arm-linux-gnueabi/bin/g++ --version </dev/null >&5
g++ (GCC) 3.4.3 (MontaVista 3.4.3-25.0.96.%{_mvl_build_id} 2007-11-17)
Copyright (C) 2004 Free Software Foundation, Inc.
This is free software; see the source for copying conditions.  There is NO
warranty; not even for MERCHANTABILITY or FITNESS FOR A PARTICULAR PURPOSE.

configure:3020: $? = 0
configure:3022: /arm-eabi/arm-linux-gnueabi/bin/g++ -v </dev/null >&5
Reading specs from /arm-eabi/lib/gcc/arm-linux-gnueabi/3.4.3/specs
Configured with: ./configure --target=arm-linux-gnueabi --prefix=/arm-eabi --enable-__cxa_atexit --enable-shared --enable-languages=c,c++ --enable-threads=posix --disable-multilib --with-float=softfp --with-arch=armv6 : (reconfigured) ./configure --target=arm-linux-gnueabi --prefix=/arm-eabi --enable-__cxa_atexit --enable-shared --enable-languages=c,c++ --enable-threads=posix --disable-multilib --with-float=softfp --with-arch=armv6
Thread model: posix
gcc version 3.4.3 (MontaVista 3.4.3-25.0.96.%{_mvl_build_id} 2007-11-17)
configure:3025: $? = 0
configure:3027: /arm-eabi/arm-linux-gnueabi/bin/g++ -V </dev/null >&5
g++: `-V' option must have argument
configure:3030: $? = 1
configure:3033: checking whether we are using the GNU C++ compiler
configure:3057: /arm-eabi/arm-linux-gnueabi/bin/g++ -c   conftest.cc >&5
configure:3063: $? = 0
configure:3066: test -z 			 || test ! -s conftest.err
configure:3069: $? = 0
configure:3072: test -s conftest.o
configure:3075: $? = 0
configure:3088: result: yes
configure:3094: checking whether /arm-eabi/arm-linux-gnueabi/bin/g++ accepts -g
configure:3115: /arm-eabi/arm-linux-gnueabi/bin/g++ -c -g  conftest.cc >&5
configure:3121: $? = 0
configure:3124: test -z 			 || test ! -s conftest.err
configure:3127: $? = 0
configure:3130: test -s conftest.o
configure:3133: $? = 0
configure:3144: result: yes
configure:3186: /arm-eabi/arm-linux-gnueabi/bin/g++ -c -g -O2  conftest.cc >&5
configure:3192: $? = 0
configure:3195: test -z 			 || test ! -s conftest.err
configure:3198: $? = 0
configure:3201: test -s conftest.o
configure:3204: $? = 0
configure:3230: /arm-eabi/arm-linux-gnueabi/bin/g++ -c -g -O2  conftest.cc >&5
conftest.cc: In function `int main()':
conftest.cc:15: error: `exit' undeclared (first use this function)
conftest.cc:15: error: (Each undeclared identifier is reported only once for each function it appears in.)
configure:3236: $? = 1
configure: failed program was:
| /* confdefs.h.  */
| 
| #define PACKAGE_NAME "SuperTux"
| #define PACKAGE_TARNAME "supertux"
| #define PACKAGE_VERSION "0.1.3"
| #define PACKAGE_STRING "SuperTux 0.1.3"
| #define PACKAGE_BUGREPORT ""
| #define PACKAGE "supertux"
| #define VERSION "0.1.3"
| /* end confdefs.h.  */
| 
| int
| main ()
| {
| exit (42);
|   ;
|   return 0;
| }
configure:3186: /arm-eabi/arm-linux-gnueabi/bin/g++ -c -g -O2  conftest.cc >&5
configure:3192: $? = 0
configure:3195: test -z 			 || test ! -s conftest.err
configure:3198: $? = 0
configure:3201: test -s conftest.o
configure:3204: $? = 0
configure:3230: /arm-eabi/arm-linux-gnueabi/bin/g++ -c -g -O2  conftest.cc >&5
configure:3236: $? = 0
configure:3239: test -z 			 || test ! -s conftest.err
configure:3242: $? = 0
configure:3245: test -s conftest.o
configure:3248: $? = 0
configure:3273: checking dependency style of /arm-eabi/arm-linux-gnueabi/bin/g++
configure:3356: result: gcc3
configure:3386: checking for a BSD-compatible install
configure:3441: result: /usr/bin/install -c
configure:3462: checking for dirent.h that defines DIR
configure:3486: /arm-eabi/arm-linux-gnueabi/bin/gcc -c -g -O2  conftest.c >&5
configure:3492: $? = 0
configure:3495: test -z 			 || test ! -s conftest.err
configure:3498: $? = 0
configure:3501: test -s conftest.o
configure:3504: $? = 0
configure:3515: result: yes
configure:3528: checking for library containing opendir
configure:3558: /arm-eabi/arm-linux-gnueabi/bin/gcc -o conftest -g -O2   conftest.c  >&5
configure:3564: $? = 0
configure:3567: test -z 			 || test ! -s conftest.err
configure:3570: $? = 0
configure:3573: test -s conftest
configure:3576: $? = 0
configure:3645: result: none required
configure:3784: checking how to run the C preprocessor
configure:3819: /arm-eabi/arm-linux-gnueabi/bin/gcc -E  conftest.c
configure:3825: $? = 0
configure:3857: /arm-eabi/arm-linux-gnueabi/bin/gcc -E  conftest.c
conftest.c:15:28: ac_nonexistent.h: No such file or directory
configure:3863: $? = 1
configure: failed program was:
| /* confdefs.h.  */
| 
| #define PACKAGE_NAME "SuperTux"
| #define PACKAGE_TARNAME "supertux"
| #define PACKAGE_VERSION "0.1.3"
| #define PACKAGE_STRING "SuperTux 0.1.3"
| #define PACKAGE_BUGREPORT ""
| #define PACKAGE "supertux"
| #define VERSION "0.1.3"
| #ifdef __cplusplus
| extern "C" void std::exit (int) throw (); using std::exit;
| #endif
| #define HAVE_DIRENT_H 1
| /* end confdefs.h.  */
| #include <ac_nonexistent.h>
configure:3902: result: /arm-eabi/arm-linux-gnueabi/bin/gcc -E
configure:3926: /arm-eabi/arm-linux-gnueabi/bin/gcc -E  conftest.c
configure:3932: $? = 0
configure:3964: /arm-eabi/arm-linux-gnueabi/bin/gcc -E  conftest.c
conftest.c:15:28: ac_nonexistent.h: No such file or directory
configure:3970: $? = 1
configure: failed program was:
| /* confdefs.h.  */
| 
| #define PACKAGE_NAME "SuperTux"
| #define PACKAGE_TARNAME "supertux"
| #define PACKAGE_VERSION "0.1.3"
| #define PACKAGE_STRING "SuperTux 0.1.3"
| #define PACKAGE_BUGREPORT ""
| #define PACKAGE "supertux"
| #define VERSION "0.1.3"
| #ifdef __cplusplus
| extern "C" void std::exit (int) throw (); using std::exit;
| #endif
| #define HAVE_DIRENT_H 1
| /* end confdefs.h.  */
| #include <ac_nonexistent.h>
configure:4014: checking for egrep
configure:4024: result: grep -E
configure:4029: checking for ANSI C header files
configure:4054: /arm-eabi/arm-linux-gnueabi/bin/gcc -c -g -O2  conftest.c >&5
configure:4060: $? = 0
configure:4063: test -z 			 || test ! -s conftest.err
configure:4066: $? = 0
configure:4069: test -s conftest.o
configure:4072: $? = 0
configure:4184: result: yes
configure:4208: checking for sys/types.h
configure:4224: /arm-eabi/arm-linux-gnueabi/bin/gcc -c -g -O2  conftest.c >&5
configure:4230: $? = 0
configure:4233: test -z 			 || test ! -s conftest.err
configure:4236: $? = 0
configure:4239: test -s conftest.o
configure:4242: $? = 0
configure:4253: result: yes
configure:4208: checking for sys/stat.h
configure:4224: /arm-eabi/arm-linux-gnueabi/bin/gcc -c -g -O2  conftest.c >&5
configure:4230: $? = 0
configure:4233: test -z 			 || test ! -s conftest.err
configure:4236: $? = 0
configure:4239: test -s conftest.o
configure:4242: $? = 0
configure:4253: result: yes
configure:4208: checking for stdlib.h
configure:4224: /arm-eabi/arm-linux-gnueabi/bin/gcc -c -g -O2  conftest.c >&5
configure:4230: $? = 0
configure:4233: test -z 			 || test ! -s conftest.err
configure:4236: $? = 0
configure:4239: test -s conftest.o
configure:4242: $? = 0
configure:4253: result: yes
configure:4208: checking for string.h
configure:4224: /arm-eabi/arm-linux-gnueabi/bin/gcc -c -g -O2  conftest.c >&5
configure:4230: $? = 0
configure:4233: test -z 			 || test ! -s conftest.err
configure:4236: $? = 0
configure:4239: test -s conftest.o
configure:4242: $? = 0
configure:4253: result: yes
configure:4208: checking for memory.h
configure:4224: /arm-eabi/arm-linux-gnueabi/bin/gcc -c -g -O2  conftest.c >&5
configure:4230: $? = 0
configure:4233: test -z 			 || test ! -s conftest.err
configure:4236: $? = 0
configure:4239: test -s conftest.o
configure:4242: $? = 0
configure:4253: result: yes
configure:4208: checking for strings.h
configure:4224: /arm-eabi/arm-linux-gnueabi/bin/gcc -c -g -O2  conftest.c >&5
configure:4230: $? = 0
configure:4233: test -z 			 || test ! -s conftest.err
configure:4236: $? = 0
configure:4239: test -s conftest.o
configure:4242: $? = 0
configure:4253: result: yes
configure:4208: checking for inttypes.h
configure:4224: /arm-eabi/arm-linux-gnueabi/bin/gcc -c -g -O2  conftest.c >&5
configure:4230: $? = 0
configure:4233: test -z 			 || test ! -s conftest.err
configure:4236: $? = 0
configure:4239: test -s conftest.o
configure:4242: $? = 0
configure:4253: result: yes
configure:4208: checking for stdint.h
configure:4224: /arm-eabi/arm-linux-gnueabi/bin/gcc -c -g -O2  conftest.c >&5
configure:4230: $? = 0
configure:4233: test -z 			 || test ! -s conftest.err
configure:4236: $? = 0
configure:4239: test -s conftest.o
configure:4242: $? = 0
configure:4253: result: yes
configure:4208: checking for unistd.h
configure:4224: /arm-eabi/arm-linux-gnueabi/bin/gcc -c -g -O2  conftest.c >&5
configure:4230: $? = 0
configure:4233: test -z 			 || test ! -s conftest.err
configure:4236: $? = 0
configure:4239: test -s conftest.o
configure:4242: $? = 0
configure:4253: result: yes
configure:4270: checking for unistd.h
configure:4275: result: yes
configure:4415: checking for an ANSI C-conforming const
configure:4482: /arm-eabi/arm-linux-gnueabi/bin/gcc -c -g -O2  conftest.c >&5
configure:4488: $? = 0
configure:4491: test -z 			 || test ! -s conftest.err
configure:4494: $? = 0
configure:4497: test -s conftest.o
configure:4500: $? = 0
configure:4511: result: yes
configure:4523: checking for gprof mode
configure:4537: result: disabled
configure:4541: checking for debug mode
configure:4555: result: disabled
configure:4559: checking wether OpenGL should be used
configure:4572: result: no
configure:4617: checking for sdl-config
configure:4648: result: /arm-eabi/SDL/bin/sdl-config
configure:4656: checking for SDL - version >= 1.2.4
configure:4772: result: yes
configure:4873: checking for Mix_OpenAudio in -lSDL_mixer
configure:4903: /arm-eabi/arm-linux-gnueabi/bin/gcc -o conftest -g -O2 -I/arm-eabi/SDL/include/SDL -D_GNU_SOURCE=1 -DQWS -Dmain=SDL_main -DQWS -Dmain=SDL_main -D_REENTRANT -D_GNU_SOURCE=1 -DQWS -Dmain=SDL_main -D_REENTRANT   conftest.c -lSDL_mixer   -L/arm-eabi/SDL/lib -L/arm-eabi/SDL/lib -lSDLmain -lSDLmain -lSDL -L/arm-eabi/lib/qt-2.3.8/lib -L/arm-eabi/lib/ezx-z6/lib -lpthread -lSDL -lSDLmain -lm -lezxappbase -lqte-mt -lezxpm -llighting -lezxtapi-xscale-r -llog_util -lezxsound >&5
/arm-eabi/lib/gcc/arm-linux-gnueabi/3.4.3/../../../../arm-linux-gnueabi/bin/ld: /arm-eabi/lib/ezx-z6/lib/libezxsound.so: warning: sh_link not set for section `.ARM.exidx'
configure:4909: $? = 0
configure:4912: test -z 			 || test ! -s conftest.err
configure:4915: $? = 0
configure:4918: test -s conftest
configure:4921: $? = 0
configure:4934: result: yes
configure:4951: checking for IMG_Load in -lSDL_image
configure:4981: /arm-eabi/arm-linux-gnueabi/bin/gcc -o conftest -g -O2 -I/arm-eabi/SDL/include/SDL -D_GNU_SOURCE=1 -DQWS -Dmain=SDL_main -DQWS -Dmain=SDL_main -D_REENTRANT -D_GNU_SOURCE=1 -DQWS -Dmain=SDL_main -D_REENTRANT   conftest.c -lSDL_image  -lSDL_mixer  -L/arm-eabi/SDL/lib -L/arm-eabi/SDL/lib -lSDLmain -lSDLmain -lSDL -L/arm-eabi/lib/qt-2.3.8/lib -L/arm-eabi/lib/ezx-z6/lib -lpthread -lSDL -lSDLmain -lm -lezxappbase -lqte-mt -lezxpm -llighting -lezxtapi-xscale-r -llog_util -lezxsound >&5
/arm-eabi/lib/gcc/arm-linux-gnueabi/3.4.3/../../../../arm-linux-gnueabi/bin/ld: /arm-eabi/lib/ezx-z6/lib/libezxsound.so: warning: sh_link not set for section `.ARM.exidx'
configure:4987: $? = 0
configure:4990: test -z 			 || test ! -s conftest.err
configure:4993: $? = 0
configure:4996: test -s conftest
configure:4999: $? = 0
configure:5012: result: yes
configure:6032: checking for gzopen in -lz
configure:6062: /arm-eabi/arm-linux-gnueabi/bin/gcc -o conftest -g -O2 -I/arm-eabi/SDL/include/SDL -D_GNU_SOURCE=1 -DQWS -Dmain=SDL_main -DQWS -Dmain=SDL_main -D_REENTRANT -D_GNU_SOURCE=1 -DQWS -Dmain=SDL_main -D_REENTRANT   conftest.c -lz  -lSDL_image -lSDL_mixer  -L/arm-eabi/SDL/lib -L/arm-eabi/SDL/lib -lSDLmain -lSDLmain -lSDL -L/arm-eabi/lib/qt-2.3.8/lib -L/arm-eabi/lib/ezx-z6/lib -lpthread -lSDL -lSDLmain -lm -lezxappbase -lqte-mt -lezxpm -llighting -lezxtapi-xscale-r -llog_util -lezxsound >&5
/arm-eabi/lib/gcc/arm-linux-gnueabi/3.4.3/../../../../arm-linux-gnueabi/bin/ld: /arm-eabi/lib/ezx-z6/lib/libezxsound.so: warning: sh_link not set for section `.ARM.exidx'
configure:6068: $? = 0
configure:6071: test -z 			 || test ! -s conftest.err
configure:6074: $? = 0
configure:6077: test -s conftest
configure:6080: $? = 0
configure:6093: result: yes
configure:6117: checking for mkdir
configure:6174: /arm-eabi/arm-linux-gnueabi/bin/gcc -o conftest -g -O2 -I/arm-eabi/SDL/include/SDL -D_GNU_SOURCE=1 -DQWS -Dmain=SDL_main -DQWS -Dmain=SDL_main -D_REENTRANT -D_GNU_SOURCE=1 -DQWS -Dmain=SDL_main -D_REENTRANT   conftest.c -lz -lSDL_image -lSDL_mixer  -L/arm-eabi/SDL/lib -L/arm-eabi/SDL/lib -lSDLmain -lSDLmain -lSDL -L/arm-eabi/lib/qt-2.3.8/lib -L/arm-eabi/lib/ezx-z6/lib -lpthread -lSDL -lSDLmain -lm -lezxappbase -lqte-mt -lezxpm -llighting -lezxtapi-xscale-r -llog_util -lezxsound >&5
/arm-eabi/lib/gcc/arm-linux-gnueabi/3.4.3/../../../../arm-linux-gnueabi/bin/ld: /arm-eabi/lib/ezx-z6/lib/libezxsound.so: warning: sh_link not set for section `.ARM.exidx'
configure:6180: $? = 0
configure:6183: test -z 			 || test ! -s conftest.err
configure:6186: $? = 0
configure:6189: test -s conftest
configure:6192: $? = 0
configure:6204: result: yes
configure:6117: checking for strdup
configure:6174: /arm-eabi/arm-linux-gnueabi/bin/gcc -o conftest -g -O2 -I/arm-eabi/SDL/include/SDL -D_GNU_SOURCE=1 -DQWS -Dmain=SDL_main -DQWS -Dmain=SDL_main -D_REENTRANT -D_GNU_SOURCE=1 -DQWS -Dmain=SDL_main -D_REENTRANT   conftest.c -lz -lSDL_image -lSDL_mixer  -L/arm-eabi/SDL/lib -L/arm-eabi/SDL/lib -lSDLmain -lSDLmain -lSDL -L/arm-eabi/lib/qt-2.3.8/lib -L/arm-eabi/lib/ezx-z6/lib -lpthread -lSDL -lSDLmain -lm -lezxappbase -lqte-mt -lezxpm -llighting -lezxtapi-xscale-r -llog_util -lezxsound >&5
conftest.c:54: warning: conflicting types for built-in function 'strdup'
/arm-eabi/lib/gcc/arm-linux-gnueabi/3.4.3/../../../../arm-linux-gnueabi/bin/ld: /arm-eabi/lib/ezx-z6/lib/libezxsound.so: warning: sh_link not set for section `.ARM.exidx'
configure:6180: $? = 0
configure:6183: test -z 			 || test ! -s conftest.err
configure:6186: $? = 0
configure:6189: test -s conftest
configure:6192: $? = 0
configure:6204: result: yes
configure:6117: checking for strstr
configure:6174: /arm-eabi/arm-linux-gnueabi/bin/gcc -o conftest -g -O2 -I/arm-eabi/SDL/include/SDL -D_GNU_SOURCE=1 -DQWS -Dmain=SDL_main -DQWS -Dmain=SDL_main -D_REENTRANT -D_GNU_SOURCE=1 -DQWS -Dmain=SDL_main -D_REENTRANT   conftest.c -lz -lSDL_image -lSDL_mixer  -L/arm-eabi/SDL/lib -L/arm-eabi/SDL/lib -lSDLmain -lSDLmain -lSDL -L/arm-eabi/lib/qt-2.3.8/lib -L/arm-eabi/lib/ezx-z6/lib -lpthread -lSDL -lSDLmain -lm -lezxappbase -lqte-mt -lezxpm -llighting -lezxtapi-xscale-r -llog_util -lezxsound >&5
conftest.c:55: warning: conflicting types for built-in function 'strstr'
/arm-eabi/lib/gcc/arm-linux-gnueabi/3.4.3/../../../../arm-linux-gnueabi/bin/ld: /arm-eabi/lib/ezx-z6/lib/libezxsound.so: warning: sh_link not set for section `.ARM.exidx'
configure:6180: $? = 0
configure:6183: test -z 			 || test ! -s conftest.err
configure:6186: $? = 0
configure:6189: test -s conftest
configure:6192: $? = 0
configure:6204: result: yes
configure:6363: creating ./config.status

## ---------------------- ##
## Running config.status. ##
## ---------------------- ##

This file was extended by SuperTux config.status 0.1.3, which was
generated by GNU Autoconf 2.59.  Invocation command line was

  CONFIG_FILES    = 
  CONFIG_HEADERS  = 
  CONFIG_LINKS    = 
  CONFIG_COMMANDS = 
  $ ./config.status 

on harihara-desktop

config.status:746: creating Makefile
config.status:746: creating src/Makefile
config.status:746: creating data/Makefile
config.status:891: executing depfiles commands

## ---------------- ##
## Cache variables. ##
## ---------------- ##

ac_cv_build=i686-pc-linux-gnu
ac_cv_build_alias=i686-pc-linux-gnu
ac_cv_c_compiler_gnu=yes
ac_cv_c_const=yes
ac_cv_cxx_compiler_gnu=yes
ac_cv_env_CC_set=set
ac_cv_env_CC_value=/arm-eabi/arm-linux-gnueabi/bin/gcc
ac_cv_env_CFLAGS_set=
ac_cv_env_CFLAGS_value=
ac_cv_env_CPPFLAGS_set=
ac_cv_env_CPPFLAGS_value=
ac_cv_env_CPP_set=
ac_cv_env_CPP_value=
ac_cv_env_CXXFLAGS_set=
ac_cv_env_CXXFLAGS_value=
ac_cv_env_CXX_set=set
ac_cv_env_CXX_value=/arm-eabi/arm-linux-gnueabi/bin/g++
ac_cv_env_LDFLAGS_set=
ac_cv_env_LDFLAGS_value=
ac_cv_env_build_alias_set=
ac_cv_env_build_alias_value=
ac_cv_env_host_alias_set=set
ac_cv_env_host_alias_value=arm-linux-gnueabi
ac_cv_env_target_alias_set=
ac_cv_env_target_alias_value=
ac_cv_exeext=
ac_cv_func_mkdir=yes
ac_cv_func_strdup=yes
ac_cv_func_strstr=yes
ac_cv_header_dirent_dirent_h=yes
ac_cv_header_inttypes_h=yes
ac_cv_header_memory_h=yes
ac_cv_header_stdc=yes
ac_cv_header_stdint_h=yes
ac_cv_header_stdlib_h=yes
ac_cv_header_string_h=yes
ac_cv_header_strings_h=yes
ac_cv_header_sys_stat_h=yes
ac_cv_header_sys_types_h=yes
ac_cv_header_unistd_h=yes
ac_cv_host=arm-unknown-linux-gnueabi
ac_cv_host_alias=arm-linux-gnueabi
ac_cv_lib_SDL_image_IMG_Load=yes
ac_cv_lib_SDL_mixer_Mix_OpenAudio=yes
ac_cv_lib_z_gzopen=yes
ac_cv_objext=o
ac_cv_path_SDL_CONFIG=/arm-eabi/SDL/bin/sdl-config
ac_cv_path_install='/usr/bin/install -c'
ac_cv_prog_AWK=mawk
ac_cv_prog_CC=/arm-eabi/arm-linux-gnueabi/bin/gcc
ac_cv_prog_CPP='/arm-eabi/arm-linux-gnueabi/bin/gcc -E'
ac_cv_prog_CXX=/arm-eabi/arm-linux-gnueabi/bin/g++
ac_cv_prog_STRIP=/arm-eabi/arm-linux-gnueabi/bin/strip
ac_cv_prog_cc_g=yes
ac_cv_prog_cc_stdc=
ac_cv_prog_cxx_g=yes
ac_cv_prog_egrep='grep -E'
ac_cv_prog_make_make_set=yes
ac_cv_search_opendir='none required'
ac_cv_target=arm-unknown-linux-gnueabi
ac_cv_target_alias=arm-linux-gnueabi
am_cv_CC_dependencies_compiler_type=gcc3
am_cv_CXX_dependencies_compiler_type=gcc3

## ----------------- ##
## Output variables. ##
## ----------------- ##

ACLOCAL='${SHELL} /home/harihara/Documentos/Compiling/sdl_ezx_sources/supertux-0.1.3-ezx80-0/missing --run aclocal-1.7'
AMDEPBACKSLASH='\'
AMDEP_FALSE='#'
AMDEP_TRUE=''
AMTAR='${SHELL} /home/harihara/Documentos/Compiling/sdl_ezx_sources/supertux-0.1.3-ezx80-0/missing --run tar'
AUTOCONF='${SHELL} /home/harihara/Documentos/Compiling/sdl_ezx_sources/supertux-0.1.3-ezx80-0/missing --run autoconf'
AUTOHEADER='${SHELL} /home/harihara/Documentos/Compiling/sdl_ezx_sources/supertux-0.1.3-ezx80-0/missing --run autoheader'
AUTOMAKE='${SHELL} /home/harihara/Documentos/Compiling/sdl_ezx_sources/supertux-0.1.3-ezx80-0/missing --run automake-1.7'
AWK='mawk'
CC='/arm-eabi/arm-linux-gnueabi/bin/gcc'
CCDEPMODE='depmode=gcc3'
CFLAGS='-g -O2 -I/arm-eabi/SDL/include/SDL -D_GNU_SOURCE=1 -DQWS -Dmain=SDL_main -DQWS -Dmain=SDL_main -D_REENTRANT -D_GNU_SOURCE=1 -DQWS -Dmain=SDL_main -D_REENTRANT'
CPP='/arm-eabi/arm-linux-gnueabi/bin/gcc -E'
CPPFLAGS=''
CXX='/arm-eabi/arm-linux-gnueabi/bin/g++'
CXXDEPMODE='depmode=gcc3'
CXXFLAGS='-g -O2 -I/arm-eabi/SDL/include/SDL -D_GNU_SOURCE=1 -DQWS -Dmain=SDL_main -DQWS -Dmain=SDL_main -D_REENTRANT -D_GNU_SOURCE=1 -DQWS -Dmain=SDL_main -D_REENTRANT -DNOOPENGL -DDATA_PREFIX='"${prefix}/share/supertux"''
CYGPATH_W='echo'
DEFS='-DPACKAGE_NAME=\"SuperTux\" -DPACKAGE_TARNAME=\"supertux\" -DPACKAGE_VERSION=\"0.1.3\" -DPACKAGE_STRING=\"SuperTux\ 0.1.3\" -DPACKAGE_BUGREPORT=\"\" -DPACKAGE=\"supertux\" -DVERSION=\"0.1.3\" -DHAVE_DIRENT_H=1 -DSTDC_HEADERS=1 -DHAVE_SYS_TYPES_H=1 -DHAVE_SYS_STAT_H=1 -DHAVE_STDLIB_H=1 -DHAVE_STRING_H=1 -DHAVE_MEMORY_H=1 -DHAVE_STRINGS_H=1 -DHAVE_INTTYPES_H=1 -DHAVE_STDINT_H=1 -DHAVE_UNISTD_H=1 -DHAVE_UNISTD_H=1 -DHAVE_LIBSDL_MIXER=1 -DHAVE_LIBSDL_IMAGE=1 -DHAVE_LIBZ=1 -DHAVE_MKDIR=1 -DHAVE_STRDUP=1 -DHAVE_STRSTR=1 '
DEPDIR='.deps'
ECHO_C=''
ECHO_N='-n'
ECHO_T=''
EGREP='grep -E'
EXEEXT=''
GL_CFLAGS=''
GL_LIBS=''
INSTALL_DATA='${INSTALL} -m 644'
INSTALL_PROGRAM='${INSTALL}'
INSTALL_SCRIPT='${INSTALL}'
INSTALL_STRIP_PROGRAM='${SHELL} $(install_sh) -c -s'
LDFLAGS=''
LIBOBJS=''
LIBS='-lz -lSDL_image -lSDL_mixer  -L/arm-eabi/SDL/lib -L/arm-eabi/SDL/lib -lSDLmain -lSDLmain -lSDL -L/arm-eabi/lib/qt-2.3.8/lib -L/arm-eabi/lib/ezx-z6/lib -lpthread -lSDL -lSDLmain -lm -lezxappbase -lqte-mt -lezxpm -llighting -lezxtapi-xscale-r -llog_util -lezxsound'
LTLIBOBJS=''
MAKEINFO='${SHELL} /home/harihara/Documentos/Compiling/sdl_ezx_sources/supertux-0.1.3-ezx80-0/missing --run makeinfo'
OBJEXT='o'
PACKAGE='supertux'
PACKAGE_BUGREPORT=''
PACKAGE_NAME='SuperTux'
PACKAGE_STRING='SuperTux 0.1.3'
PACKAGE_TARNAME='supertux'
PACKAGE_VERSION='0.1.3'
PATH_SEPARATOR=':'
PTHREAD_CC=''
PTHREAD_CFLAGS=''
PTHREAD_LIBS=''
SDL_CFLAGS='-I/arm-eabi/SDL/include/SDL -D_GNU_SOURCE=1 -DQWS -Dmain=SDL_main -DQWS -Dmain=SDL_main -D_REENTRANT -D_GNU_SOURCE=1 -DQWS -Dmain=SDL_main -D_REENTRANT'
SDL_CONFIG='/arm-eabi/SDL/bin/sdl-config'
SDL_LIBS='-L/arm-eabi/SDL/lib -L/arm-eabi/SDL/lib -lSDLmain -lSDLmain -lSDL -L/arm-eabi/lib/qt-2.3.8/lib -L/arm-eabi/lib/ezx-z6/lib -lpthread -lSDL -lSDLmain -lm -lezxappbase -lqte-mt -lezxpm -llighting -lezxtapi-xscale-r -llog_util -lezxsound'
SET_MAKE=''
SHELL='/bin/bash'
STRIP='/arm-eabi/arm-linux-gnueabi/bin/strip'
VERSION='0.1.3'
ac_ct_CC=''
ac_ct_CXX=''
ac_ct_STRIP=''
acx_pthread_config=''
am__fastdepCC_FALSE='#'
am__fastdepCC_TRUE=''
am__fastdepCXX_FALSE='#'
am__fastdepCXX_TRUE=''
am__include='include'
am__leading_dot='.'
am__quote=''
bindir='${exec_prefix}/bin'
build='i686-pc-linux-gnu'
build_alias=''
build_cpu='i686'
build_os='linux-gnu'
build_vendor='pc'
datadir='${prefix}/share'
exec_prefix='${prefix}'
host='arm-unknown-linux-gnueabi'
host_alias='arm-linux-gnueabi'
host_cpu='arm'
host_os='linux-gnueabi'
host_vendor='unknown'
includedir='${prefix}/include'
infodir='${prefix}/info'
install_sh='/home/harihara/Documentos/Compiling/sdl_ezx_sources/supertux-0.1.3-ezx80-0/install-sh'
libdir='${exec_prefix}/lib'
libexecdir='${exec_prefix}/libexec'
localstatedir='${prefix}/var'
mandir='${prefix}/man'
oldincludedir='/usr/include'
prefix='/home/harihara/Documentos/Compiling/supertux-0.1.3-ezx80-0'
program_transform_name='s,x,x,'
sbindir='${exec_prefix}/sbin'
sharedstatedir='${prefix}/com'
sysconfdir='${prefix}/etc'
target='arm-unknown-linux-gnueabi'
target_alias=''
target_cpu='arm'
target_os='linux-gnueabi'
target_vendor='unknown'

## ----------- ##
## confdefs.h. ##
## ----------- ##

#define HAVE_DIRENT_H 1
#define HAVE_INTTYPES_H 1
#define HAVE_LIBSDL_IMAGE 1
#define HAVE_LIBSDL_MIXER 1
#define HAVE_LIBZ 1
#define HAVE_MEMORY_H 1
#define HAVE_MKDIR 1
#define HAVE_STDINT_H 1
#define HAVE_STDLIB_H 1
#define HAVE_STRDUP 1
#define HAVE_STRINGS_H 1
#define HAVE_STRING_H 1
#define HAVE_STRSTR 1
#define HAVE_SYS_STAT_H 1
#define HAVE_SYS_TYPES_H 1
#define HAVE_UNISTD_H 1
#define HAVE_UNISTD_H 1
#define PACKAGE "supertux"
#define PACKAGE_BUGREPORT ""
#define PACKAGE_NAME "SuperTux"
#define PACKAGE_STRING "SuperTux 0.1.3"
#define PACKAGE_TARNAME "supertux"
#define PACKAGE_VERSION "0.1.3"
#define STDC_HEADERS 1
#define VERSION "0.1.3"
#endif
#ifdef __cplusplus
extern "C" void std::exit (int) throw (); using std::exit;

configure: exit 0
