This file contains any messages produced by compilers while
running configure, to aid debugging if configure makes a mistake.

It was created by Ample configure AMPLE_VERSION, which was
generated by GNU Autoconf 2.52.  Invocation command line was

  $ ./configure 

## ---------- ##
## Platform.  ##
## ---------- ##

hostname = hades
uname -m = i686
uname -r = 2.6.24-19-generic
uname -s = Linux
uname -v = #1 SMP Wed Aug 20 22:56:21 UTC 2008

/usr/bin/uname -p = unknown
/bin/uname -X     = unknown

/bin/arch              = unknown
/usr/bin/arch -k       = unknown
/usr/convex/getsysinfo = unknown
hostinfo               = unknown
/bin/machine           = unknown
/usr/bin/oslevel       = unknown
/bin/universe          = unknown

PATH = /usr/local/sbin:/usr/local/bin:/usr/sbin:/usr/bin:/sbin:/bin:/usr/games

## ------------ ##
## Core tests.  ##
## ------------ ##

configure:963: PATH=".;."; conftest.sh
./configure: 970: conftest.sh: not found
configure:966: $? = 127
configure:1033: checking for gcc
configure:1048: found /usr/bin/gcc
configure:1056: result: gcc
configure:1284: checking for C compiler version
configure:1287: gcc --version </dev/null >&5
gcc (GCC) 4.2.4 (Ubuntu 4.2.4-1ubuntu3)
Copyright (C) 2007 Free Software Foundation, Inc.
This is free software; see the source for copying conditions.  There is NO
warranty; not even for MERCHANTABILITY or FITNESS FOR A PARTICULAR PURPOSE.

configure:1290: $? = 0
configure:1292: gcc -v </dev/null >&5
Using built-in specs.
Target: i486-linux-gnu
Configured with: ../src/configure -v --enable-languages=c,c++,fortran,objc,obj-c++,treelang --prefix=/usr --enable-shared --with-system-zlib --libexecdir=/usr/lib --without-included-gettext --enable-threads=posix --enable-nls --with-gxx-include-dir=/usr/include/c++/4.2 --program-suffix=-4.2 --enable-clocale=gnu --enable-libstdcxx-debug --enable-objc-gc --enable-mpfr --enable-targets=all --enable-checking=release --build=i486-linux-gnu --host=i486-linux-gnu --target=i486-linux-gnu
Thread model: posix
gcc version 4.2.4 (Ubuntu 4.2.4-1ubuntu3)
configure:1295: $? = 0
configure:1297: gcc -V </dev/null >&5
gcc: '-V' option must have argument
configure:1300: $? = 1
configure:1320: checking for C compiler default output
configure:1323: gcc    conftest.c  >&5
configure:1326: $? = 0
configure:1355: result: a.out
configure:1360: checking whether the C compiler works
configure:1366: ./a.out
configure:1369: $? = 0
configure:1384: result: yes
configure:1391: checking whether we are cross compiling
configure:1393: result: no
configure:1396: checking for executable suffix
configure:1398: gcc -o conftest    conftest.c  >&5
configure:1401: $? = 0
configure:1423: result: 
configure:1429: checking for object suffix
configure:1447: gcc -c   conftest.c >&5
configure:1450: $? = 0
configure:1469: result: o
configure:1473: checking whether we are using the GNU C compiler
configure:1494: gcc -c   conftest.c >&5
configure:1497: $? = 0
configure:1500: test -s conftest.o
configure:1503: $? = 0
configure:1515: result: yes
configure:1521: checking whether gcc accepts -g
configure:1539: gcc -c -g  conftest.c >&5
configure:1542: $? = 0
configure:1545: test -s conftest.o
configure:1548: $? = 0
configure:1558: result: yes
configure:1585: gcc -c -g -O2  conftest.c >&5
conftest.c:2: error: expected '=', ',', ';', 'asm' or '__attribute__' before 'me'
configure:1588: $? = 1
configure: failed program was:
#ifndef __cplusplus
  choke me
#endif
configure:1686: checking whether make sets ${MAKE}
configure:1706: result: yes
configure:1752: checking for a BSD compatible install
configure:1801: result: /usr/bin/install -c
configure:1812: checking for extra libraries needed for socket functions
configure:1842: gcc -o conftest -g -O2   conftest.c  >&5
configure:1845: $? = 0
configure:1848: test -s conftest
configure:1851: $? = 0
configure:1952: result: none
configure:1965: checking for dirent.h that defines DIR
configure:1986: gcc -c -g -O2  conftest.c >&5
configure:1989: $? = 0
configure:1992: test -s conftest.o
configure:1995: $? = 0
configure:2005: result: yes
configure:2018: checking for opendir in -ldir
configure:2045: gcc -o conftest -g -O2   conftest.c -ldir   >&5
/usr/bin/ld: cannot find -ldir
collect2: ld returned 1 exit status
configure:2048: $? = 1
configure: failed program was:
#line 2026 "configure"
#include "confdefs.h"

/* Override any gcc2 internal prototype to avoid an error.  */
#ifdef __cplusplus
extern "C"
#endif
/* We use char because int might match the return type of a gcc2
   builtin and then its argument prototype would still apply.  */
char opendir ();
int
main ()
{
opendir ();
  ;
  return 0;
}
configure:2065: result: no
configure:2132: checking how to run the C preprocessor
configure:2158: gcc -E  conftest.c
configure:2164: $? = 0
configure:2191: gcc -E  conftest.c
configure:2188:28: error: ac_nonexistent.h: No such file or directory
configure:2197: $? = 1
configure: failed program was:
#line 2187 "configure"
#include "confdefs.h"
#include <ac_nonexistent.h>
configure:2234: result: gcc -E
configure:2249: gcc -E  conftest.c
configure:2255: $? = 0
configure:2282: gcc -E  conftest.c
configure:2279:28: error: ac_nonexistent.h: No such file or directory
configure:2288: $? = 1
configure: failed program was:
#line 2278 "configure"
#include "confdefs.h"
#include <ac_nonexistent.h>
configure:2327: checking for ANSI C header files
configure:2341: gcc -E  conftest.c
configure:2347: $? = 0
configure:2434: gcc -o conftest -g -O2   conftest.c  >&5
configure: In function 'main':
configure:2426: warning: incompatible implicit declaration of built-in function 'exit'
configure:2437: $? = 0
configure:2439: ./conftest
configure:2442: $? = 0
configure:2455: result: yes
configure:2465: checking for sys/wait.h that is POSIX.1 compatible
configure:2493: gcc -c -g -O2  conftest.c >&5
configure:2496: $? = 0
configure:2499: test -s conftest.o
configure:2502: $? = 0
configure:2512: result: yes
configure:2526: checking for arpa/inet.h
configure:2536: gcc -E  conftest.c
configure:2542: $? = 0
configure:2561: result: yes
configure:2526: checking for errno.h
configure:2536: gcc -E  conftest.c
configure:2542: $? = 0
configure:2561: result: yes
configure:2526: checking for fcntl.h
configure:2536: gcc -E  conftest.c
configure:2542: $? = 0
configure:2561: result: yes
configure:2526: checking for limits.h
configure:2536: gcc -E  conftest.c
configure:2542: $? = 0
configure:2561: result: yes
configure:2526: checking for netinet/in.h
configure:2536: gcc -E  conftest.c
configure:2542: $? = 0
configure:2561: result: yes
configure:2526: checking for stdlib.h
configure:2536: gcc -E  conftest.c
configure:2542: $? = 0
configure:2561: result: yes
configure:2526: checking for string.h
configure:2536: gcc -E  conftest.c
configure:2542: $? = 0
configure:2561: result: yes
configure:2526: checking for sys/socket.h
configure:2536: gcc -E  conftest.c
configure:2542: $? = 0
configure:2561: result: yes
configure:2526: checking for unistd.h
configure:2536: gcc -E  conftest.c
configure:2542: $? = 0
configure:2561: result: yes
configure:2526: checking for getopt.h
configure:2536: gcc -E  conftest.c
configure:2542: $? = 0
configure:2561: result: yes
configure:2526: checking for signal.h
configure:2536: gcc -E  conftest.c
configure:2542: $? = 0
configure:2561: result: yes
configure:2571: checking for gcc option to accept ANSI C
configure:2628: gcc  -c -g -O2  conftest.c >&5
configure:2631: $? = 0
configure:2634: test -s conftest.o
configure:2637: $? = 0
configure:2654: result: none needed
configure:2662: checking for an ANSI C-conforming const
configure:2726: gcc -c -g -O2  conftest.c >&5
configure:2729: $? = 0
configure:2732: test -s conftest.o
configure:2735: $? = 0
configure:2745: result: yes
configure:2761: checking for sys/types.h
configure:2773: gcc -c -g -O2  conftest.c >&5
configure:2776: $? = 0
configure:2779: test -s conftest.o
configure:2782: $? = 0
configure:2792: result: yes
configure:2761: checking for sys/stat.h
configure:2773: gcc -c -g -O2  conftest.c >&5
configure:2776: $? = 0
configure:2779: test -s conftest.o
configure:2782: $? = 0
configure:2792: result: yes
configure:2761: checking for stdlib.h
configure:2792: result: yes
configure:2761: checking for string.h
configure:2792: result: yes
configure:2761: checking for memory.h
configure:2773: gcc -c -g -O2  conftest.c >&5
configure:2776: $? = 0
configure:2779: test -s conftest.o
configure:2782: $? = 0
configure:2792: result: yes
configure:2761: checking for strings.h
configure:2773: gcc -c -g -O2  conftest.c >&5
configure:2776: $? = 0
configure:2779: test -s conftest.o
configure:2782: $? = 0
configure:2792: result: yes
configure:2761: checking for inttypes.h
configure:2773: gcc -c -g -O2  conftest.c >&5
configure:2776: $? = 0
configure:2779: test -s conftest.o
configure:2782: $? = 0
configure:2792: result: yes
configure:2761: checking for stdint.h
configure:2773: gcc -c -g -O2  conftest.c >&5
configure:2776: $? = 0
configure:2779: test -s conftest.o
configure:2782: $? = 0
configure:2792: result: yes
configure:2761: checking for unistd.h
configure:2792: result: yes
configure:2802: checking for size_t
configure:2823: gcc -c -g -O2  conftest.c >&5
configure:2826: $? = 0
configure:2829: test -s conftest.o
configure:2832: $? = 0
configure:2842: result: yes
configure:2854: checking for off_t
configure:2875: gcc -c -g -O2  conftest.c >&5
configure:2878: $? = 0
configure:2881: test -s conftest.o
configure:2884: $? = 0
configure:2894: result: yes
configure:2906: checking for pid_t
configure:2927: gcc -c -g -O2  conftest.c >&5
configure:2930: $? = 0
configure:2933: test -s conftest.o
configure:2936: $? = 0
configure:2946: result: yes
configure:2958: checking return type of signal handlers
configure:2986: gcc -c -g -O2  conftest.c >&5
configure:2989: $? = 0
configure:2992: test -s conftest.o
configure:2995: $? = 0
configure:3005: result: void
configure:3012: checking for socklen_t
configure:3036: gcc -c -g -O2  conftest.c >&5
configure:3039: $? = 0
configure:3042: test -s conftest.o
configure:3045: $? = 0
configure:3056: result: yes
configure:3070: checking for vprintf
configure:3107: gcc -o conftest -g -O2   conftest.c  >&5
configure:3086: warning: conflicting types for built-in function 'vprintf'
configure:3110: $? = 0
configure:3113: test -s conftest
configure:3116: $? = 0
configure:3126: result: yes
configure:3133: checking for _doprnt
configure:3170: gcc -o conftest -g -O2   conftest.c  >&5
/tmp/ccwTsgIi.o: In function `main':
/install/moto/arm/rtp/ample-0.4.0/configure:3161: undefined reference to `_doprnt'
collect2: ld returned 1 exit status
configure:3173: $? = 1
configure: failed program was:
#line 3139 "configure"
#include "confdefs.h"
/* System header to define __stub macros and hopefully few prototypes,
    which can conflict with char _doprnt (); below.  */
#include <assert.h>
/* Override any gcc2 internal prototype to avoid an error.  */
#ifdef __cplusplus
extern "C"
#endif
/* We use char because int might match the return type of a gcc2
   builtin and then its argument prototype would still apply.  */
char _doprnt ();
char (*f) ();

int
main ()
{
/* The GNU C library defines this for functions which it implements
    to always fail with ENOSYS.  Some functions are actually named
    something starting with __ and the normal name is an alias.  */
#if defined (__stub__doprnt) || defined (__stub____doprnt)
choke me
#else
f = _doprnt;
#endif

  ;
  return 0;
}
configure:3189: result: no
configure:3205: checking for getcwd
configure:3242: gcc -o conftest -g -O2   conftest.c  >&5
configure:3245: $? = 0
configure:3248: test -s conftest
configure:3251: $? = 0
configure:3261: result: yes
configure:3205: checking for inet_ntoa
configure:3242: gcc -o conftest -g -O2   conftest.c  >&5
configure:3245: $? = 0
configure:3248: test -s conftest
configure:3251: $? = 0
configure:3261: result: yes
configure:3205: checking for memset
configure:3242: gcc -o conftest -g -O2   conftest.c  >&5
configure:3221: warning: conflicting types for built-in function 'memset'
configure:3245: $? = 0
configure:3248: test -s conftest
configure:3251: $? = 0
configure:3261: result: yes
configure:3205: checking for socket
configure:3242: gcc -o conftest -g -O2   conftest.c  >&5
configure:3245: $? = 0
configure:3248: test -s conftest
configure:3251: $? = 0
configure:3261: result: yes
configure:3205: checking for strcasecmp
configure:3242: gcc -o conftest -g -O2   conftest.c  >&5
configure:3221: warning: conflicting types for built-in function 'strcasecmp'
configure:3245: $? = 0
configure:3248: test -s conftest
configure:3251: $? = 0
configure:3261: result: yes
configure:3205: checking for alarm
configure:3242: gcc -o conftest -g -O2   conftest.c  >&5
configure:3245: $? = 0
configure:3248: test -s conftest
configure:3251: $? = 0
configure:3261: result: yes
configure:3205: checking for strchr
configure:3242: gcc -o conftest -g -O2   conftest.c  >&5
configure:3221: warning: conflicting types for built-in function 'strchr'
configure:3245: $? = 0
configure:3248: test -s conftest
configure:3251: $? = 0
configure:3261: result: yes
configure:3205: checking for strdup
configure:3242: gcc -o conftest -g -O2   conftest.c  >&5
configure:3221: warning: conflicting types for built-in function 'strdup'
configure:3245: $? = 0
configure:3248: test -s conftest
configure:3251: $? = 0
configure:3261: result: yes
configure:3205: checking for strerror
configure:3242: gcc -o conftest -g -O2   conftest.c  >&5
configure:3245: $? = 0
configure:3248: test -s conftest
configure:3251: $? = 0
configure:3261: result: yes
configure:3205: checking for strncasecmp
configure:3242: gcc -o conftest -g -O2   conftest.c  >&5
configure:3221: warning: conflicting types for built-in function 'strncasecmp'
configure:3245: $? = 0
configure:3248: test -s conftest
configure:3251: $? = 0
configure:3261: result: yes
configure:3205: checking for strrchr
configure:3242: gcc -o conftest -g -O2   conftest.c  >&5
configure:3221: warning: conflicting types for built-in function 'strrchr'
configure:3245: $? = 0
configure:3248: test -s conftest
configure:3251: $? = 0
configure:3261: result: yes
configure:3205: checking for strtol
configure:3242: gcc -o conftest -g -O2   conftest.c  >&5
configure:3245: $? = 0
configure:3248: test -s conftest
configure:3251: $? = 0
configure:3261: result: yes
configure:3274: checking for unistd.h
configure:3309: result: yes
configure:3274: checking for vfork.h
configure:3284: gcc -E  conftest.c
configure:3281:19: error: vfork.h: No such file or directory
configure:3290: $? = 1
configure: failed program was:
#line 3280 "configure"
#include "confdefs.h"
#include <vfork.h>
configure:3309: result: no
configure:3322: checking for fork
configure:3359: gcc -o conftest -g -O2   conftest.c  >&5
configure:3338: warning: conflicting types for built-in function 'fork'
configure:3362: $? = 0
configure:3365: test -s conftest
configure:3368: $? = 0
configure:3378: result: yes
configure:3322: checking for vfork
configure:3359: gcc -o conftest -g -O2   conftest.c  >&5
configure:3362: $? = 0
configure:3365: test -s conftest
configure:3368: $? = 0
configure:3378: result: yes
configure:3390: checking for working fork
configure:3433: result: yes
configure:3452: checking for working vfork
configure:3578: result: yes
configure:3609: checking whether lstat dereferences a symlink specified with a trailing slash
configure:3637: gcc -o conftest -g -O2   conftest.c  >&5
configure:3640: $? = 0
configure:3642: ./conftest
configure:3645: $? = 0
configure:3664: result: yes
configure:3677: checking whether lstat accepts an empty string
configure:3699: gcc -o conftest -g -O2   conftest.c  >&5
configure:3702: $? = 0
configure:3704: ./conftest
configure:3707: $? = 1
configure: program exited with status 1
configure: failed program was:
#line 3686 "configure"
#include "confdefs.h"
#include <stdio.h>
#if HAVE_SYS_TYPES_H
# include <sys/types.h>
#endif
#if HAVE_SYS_STAT_H
# include <sys/stat.h>
#endif
#if STDC_HEADERS
# include <stdlib.h>
# include <stddef.h>
#else
# if HAVE_STDLIB_H
#  include <stdlib.h>
# endif
#endif
#if HAVE_STRING_H
# if !STDC_HEADERS && HAVE_MEMORY_H
#  include <memory.h>
# endif
# include <string.h>
#endif
#if HAVE_STRINGS_H
# include <strings.h>
#endif
#if HAVE_INTTYPES_H
# include <inttypes.h>
#else
# if HAVE_STDINT_H
#  include <stdint.h>
# endif
#endif
#if HAVE_UNISTD_H
# include <unistd.h>
#endif
int
main ()
{
struct stat sbuf;
  exit (lstat ("", &sbuf) ? 1 : 0);
  ;
  return 0;
}
configure:3719: result: no
configure:3733: checking for stdlib.h
configure:3768: result: yes
configure:3778: checking for working malloc
configure:3804: gcc -o conftest -g -O2   conftest.c  >&5
configure:3807: $? = 0
configure:3809: ./conftest
configure:3812: $? = 0
configure:3824: result: yes
configure:3845: checking configure options
configure:4061: result: syslog enabled, libwrap disabled
configure:4067: checking for syslog.h
configure:4077: gcc -E  conftest.c
configure:4083: $? = 0
configure:4102: result: yes
configure:4198: creating ./config.status

## ----------------------- ##
## Running config.status.  ##
## ----------------------- ##

This file was extended by config.status (Ample AMPLE_VERSION) 2.52, executed with
  CONFIG_FILES    = 
  CONFIG_HEADERS  = 
  CONFIG_LINKS    = 
  CONFIG_COMMANDS = 
  > ./config.status 
on hades

config.status:4636: creating Makefile
config.status:4636: creating src/Makefile
config.status:4728: creating config.h

## ----------------- ##
## Cache variables.  ##
## ----------------- ##

ac_cv_c_compiler_gnu='yes'
ac_cv_c_const='yes'
ac_cv_env_CC_set=''
ac_cv_env_CC_value=''
ac_cv_env_CFLAGS_set=''
ac_cv_env_CFLAGS_value=''
ac_cv_env_CPPFLAGS_set=''
ac_cv_env_CPPFLAGS_value=''
ac_cv_env_CPP_set=''
ac_cv_env_CPP_value=''
ac_cv_env_LDFLAGS_set=''
ac_cv_env_LDFLAGS_value=''
ac_cv_env_build_alias_set=''
ac_cv_env_build_alias_value=''
ac_cv_env_host_alias_set=''
ac_cv_env_host_alias_value=''
ac_cv_env_target_alias_set=''
ac_cv_env_target_alias_value=''
ac_cv_func__doprnt='no'
ac_cv_func_alarm='yes'
ac_cv_func_fork='yes'
ac_cv_func_fork_works='yes'
ac_cv_func_getcwd='yes'
ac_cv_func_inet_ntoa='yes'
ac_cv_func_lstat_dereferences_slashed_symlink='yes'
ac_cv_func_lstat_empty_string_bug='no'
ac_cv_func_malloc_works='yes'
ac_cv_func_memset='yes'
ac_cv_func_socket='yes'
ac_cv_func_strcasecmp='yes'
ac_cv_func_strchr='yes'
ac_cv_func_strdup='yes'
ac_cv_func_strerror='yes'
ac_cv_func_strncasecmp='yes'
ac_cv_func_strrchr='yes'
ac_cv_func_strtol='yes'
ac_cv_func_vfork='yes'
ac_cv_func_vfork_works='yes'
ac_cv_func_vprintf='yes'
ac_cv_header_arpa_inet_h='yes'
ac_cv_header_dirent_dirent_h='yes'
ac_cv_header_errno_h='yes'
ac_cv_header_fcntl_h='yes'
ac_cv_header_getopt_h='yes'
ac_cv_header_inttypes_h='yes'
ac_cv_header_limits_h='yes'
ac_cv_header_memory_h='yes'
ac_cv_header_netinet_in_h='yes'
ac_cv_header_signal_h='yes'
ac_cv_header_stdc='yes'
ac_cv_header_stdint_h='yes'
ac_cv_header_stdlib_h='yes'
ac_cv_header_string_h='yes'
ac_cv_header_strings_h='yes'
ac_cv_header_sys_socket_h='yes'
ac_cv_header_sys_stat_h='yes'
ac_cv_header_sys_types_h='yes'
ac_cv_header_sys_wait_h='yes'
ac_cv_header_syslog_h='yes'
ac_cv_header_unistd_h='yes'
ac_cv_header_vfork_h='no'
ac_cv_lib_dir_opendir='no'
ac_cv_objext='o'
ac_cv_path_install='/usr/bin/install -c'
ac_cv_prog_CPP='gcc -E'
ac_cv_prog_ac_ct_CC='gcc'
ac_cv_prog_cc_g='yes'
ac_cv_prog_cc_stdc=''
ac_cv_prog_make_make_set='yes'
ac_cv_socket_libs='none'
ac_cv_type_off_t='yes'
ac_cv_type_pid_t='yes'
ac_cv_type_signal='void'
ac_cv_type_size_t='yes'
ac_cv_type_socklen_t='yes'

## ------------ ##
## confdefs.h.  ##
## ------------ ##

#define AMPLE_VERSION "0.4.0"
#define HAVE_DIRENT_H 1
#define STDC_HEADERS 1
#define HAVE_SYS_WAIT_H 1
#define HAVE_ARPA_INET_H 1
#define HAVE_ERRNO_H 1
#define HAVE_FCNTL_H 1
#define HAVE_LIMITS_H 1
#define HAVE_NETINET_IN_H 1
#define HAVE_STDLIB_H 1
#define HAVE_STRING_H 1
#define HAVE_SYS_SOCKET_H 1
#define HAVE_UNISTD_H 1
#define HAVE_GETOPT_H 1
#define HAVE_SIGNAL_H 1
#define HAVE_SYS_TYPES_H 1
#define HAVE_SYS_STAT_H 1
#define HAVE_STDLIB_H 1
#define HAVE_STRING_H 1
#define HAVE_MEMORY_H 1
#define HAVE_STRINGS_H 1
#define HAVE_INTTYPES_H 1
#define HAVE_STDINT_H 1
#define HAVE_UNISTD_H 1
#define RETSIGTYPE void
#define HAVE_VPRINTF 1
#define HAVE_GETCWD 1
#define HAVE_INET_NTOA 1
#define HAVE_MEMSET 1
#define HAVE_SOCKET 1
#define HAVE_STRCASECMP 1
#define HAVE_ALARM 1
#define HAVE_STRCHR 1
#define HAVE_STRDUP 1
#define HAVE_STRERROR 1
#define HAVE_STRNCASECMP 1
#define HAVE_STRRCHR 1
#define HAVE_STRTOL 1
#define HAVE_UNISTD_H 1
#define HAVE_FORK 1
#define HAVE_VFORK 1
#define HAVE_WORKING_VFORK 1
#define HAVE_WORKING_FORK 1
#define LSTAT_FOLLOWS_SLASHED_SYMLINK 1
#define HAVE_STDLIB_H 1
#define HAVE_MALLOC 1
#define HAVE_SYSLOG_H 1


configure: exit 0
